Build started...
------ Build started: Project: PLC, Configuration: Release TwinCAT RT (x64) ------
------ Build started: Application: Ts.PLC -------
typify code ...
generate code...
generate global initializations ...
generate code initialization ...
generate relocations ...
Size of generated code: 154358 bytes
Size of global data: 45469 bytes
Total allocated memory size for code and data: 584256 bytes
Memory area 0 contains  Data, Input, Output, Memory, Code, Persistent Data and Nonsafe Data: size: 1048576 bytes, highest used address: 584256, largest contiguous memory gap: 464320 bytes (44 %)
Build complete -- 0 errors, 0 warnings : ready for download!
Generate TMC information ...
Import symbol information ...
PLC.PLC : message: generate boot information...
------ Build started: Project: Ts, Configuration: Release TwinCAT RT (x64) ------
========== Build: 2 succeeded or up-to-date, 0 failed, 0 skipped ==========

Build started...
------ Build started: Project: PLC, Configuration: Release TwinCAT RT (x64) ------
------ Build started: Application: Ts.PLC -------
typify code ...
generate code...
generate global initializations ...
generate code initialization ...
generate relocations ...
Size of generated code: 154358 bytes
Size of global data: 45469 bytes
Total allocated memory size for code and data: 584256 bytes
Memory area 0 contains  Data, Input, Output, Memory, Code, Persistent Data and Nonsafe Data: size: 1048576 bytes, highest used address: 584256, largest contiguous memory gap: 464320 bytes (44 %)
Build complete -- 0 errors, 0 warnings : ready for download!
Generate TMC information ...
Import symbol information ...
PLC.PLC : message: generate boot information...
------ Build started: Project: Ts, Configuration: Release TwinCAT RT (x64) ------
========== Build: 2 succeeded or up-to-date, 0 failed, 0 skipped ==========

Build started...
------ Build started: Project: PLC, Configuration: Release TwinCAT RT (x64) ------
------ Build started: Application: Ts.PLC -------
typify code ...
generate code...
generate global initializations ...
generate code initialization ...
generate relocations ...
Size of generated code: 154358 bytes
Size of global data: 45469 bytes
Total allocated memory size for code and data: 584256 bytes
Memory area 0 contains  Data, Input, Output, Memory, Code, Persistent Data and Nonsafe Data: size: 1048576 bytes, highest used address: 584256, largest contiguous memory gap: 464320 bytes (44 %)
Build complete -- 0 errors, 0 warnings : ready for download!
Generate TMC information ...
Import symbol information ...
PLC.PLC : message: generate boot information...
------ Build started: Project: Ts, Configuration: Release TwinCAT RT (x64) ------
========== Build: 2 succeeded or up-to-date, 0 failed, 0 skipped ==========

Build started...
------ Build started: Project: PLC, Configuration: Release TwinCAT RT (x64) ------
------ Build started: Application: Ts.PLC -------
typify code ...
generate code...
generate global initializations ...
generate code initialization ...
generate relocations ...
Size of generated code: 154358 bytes
Size of global data: 45469 bytes
Total allocated memory size for code and data: 584256 bytes
Memory area 0 contains  Data, Input, Output, Memory, Code, Persistent Data and Nonsafe Data: size: 1048576 bytes, highest used address: 584256, largest contiguous memory gap: 464320 bytes (44 %)
Build complete -- 0 errors, 0 warnings : ready for download!
Generate TMC information ...
Import symbol information ...
PLC.PLC : message: generate boot information...
------ Build started: Project: Ts, Configuration: Release TwinCAT RT (x64) ------
========== Build: 2 succeeded or up-to-date, 0 failed, 0 skipped ==========

Build started...
------ Build started: Project: PLC, Configuration: Release TwinCAT RT (x64) ------
------ Build started: Application: Ts.PLC -------
typify code ...
generate code...
generate global initializations ...
generate code initialization ...
generate relocations ...
Size of generated code: 154358 bytes
Size of global data: 45469 bytes
Total allocated memory size for code and data: 584256 bytes
Memory area 0 contains  Data, Input, Output, Memory, Code, Persistent Data and Nonsafe Data: size: 1048576 bytes, highest used address: 584256, largest contiguous memory gap: 464320 bytes (44 %)
Build complete -- 0 errors, 0 warnings : ready for download!
Generate TMC information ...
Import symbol information ...
PLC.PLC : message: generate boot information...
------ Build started: Project: Ts, Configuration: Release TwinCAT RT (x64) ------
========== Build: 2 succeeded or up-to-date, 0 failed, 0 skipped ==========

Build started...
------ Build started: Project: PLC, Configuration: Release TwinCAT RT (x64) ------
------ Build started: Application: Ts.PLC -------
typify code ...
generate code...
generate global initializations ...
generate code initialization ...
generate relocations ...
Size of generated code: 160238 bytes
Size of global data: 45513 bytes
Total allocated memory size for code and data: 590176 bytes
Memory area 0 contains  Data, Input, Output, Memory, Code, Persistent Data and Nonsafe Data: size: 1048576 bytes, highest used address: 590176, largest contiguous memory gap: 458400 bytes (43 %)
Build complete -- 0 errors, 0 warnings : ready for download!
Generate TMC information ...
Import symbol information ...
PLC.PLC : message: generate boot information...
------ Build started: Project: Ts, Configuration: Release TwinCAT RT (x64) ------
========== Build: 2 succeeded or up-to-date, 0 failed, 0 skipped ==========

Build started...
------ Build started: Project: PLC, Configuration: Release TwinCAT RT (x64) ------
------ Build started: Application: Ts.PLC -------
typify code ...
generate code...
generate global initializations ...
generate code initialization ...
generate relocations ...
Size of generated code: 160238 bytes
Size of global data: 45513 bytes
Total allocated memory size for code and data: 590176 bytes
Memory area 0 contains  Data, Input, Output, Memory, Code, Persistent Data and Nonsafe Data: size: 1048576 bytes, highest used address: 590176, largest contiguous memory gap: 458400 bytes (43 %)
Build complete -- 0 errors, 0 warnings : ready for download!
Generate TMC information ...
Import symbol information ...
PLC.PLC : message: generate boot information...
------ Build started: Project: Ts, Configuration: Release TwinCAT RT (x64) ------
========== Build: 2 succeeded or up-to-date, 0 failed, 0 skipped ==========

Build started...
------ Build started: Project: PLC, Configuration: Release TwinCAT RT (x64) ------
------ Build started: Application: Ts.PLC -------
typify code ...
generate code...
generate global initializations ...
generate code initialization ...
generate relocations ...
Size of generated code: 160238 bytes
Size of global data: 45513 bytes
Total allocated memory size for code and data: 590176 bytes
Memory area 0 contains  Data, Input, Output, Memory, Code, Persistent Data and Nonsafe Data: size: 1048576 bytes, highest used address: 590176, largest contiguous memory gap: 458400 bytes (43 %)
Build complete -- 0 errors, 0 warnings : ready for download!
Generate TMC information ...
Import symbol information ...
PLC.PLC : message: generate boot information...
------ Build started: Project: Ts, Configuration: Release TwinCAT RT (x64) ------
========== Build: 2 succeeded or up-to-date, 0 failed, 0 skipped ==========

Build started...
------ Build started: Project: PLC, Configuration: Release TwinCAT RT (x64) ------
------ Build started: Application: Ts.PLC -------
typify code ...
generate code...
generate global initializations ...
generate code initialization ...
generate relocations ...
Size of generated code: 160238 bytes
Size of global data: 45521 bytes
Total allocated memory size for code and data: 590184 bytes
Memory area 0 contains  Data, Input, Output, Memory, Code, Persistent Data and Nonsafe Data: size: 1048576 bytes, highest used address: 590184, largest contiguous memory gap: 458392 bytes (43 %)
Build complete -- 0 errors, 0 warnings : ready for download!
Generate TMC information ...
Import symbol information ...
PLC.PLC : message: generate boot information...
------ Build started: Project: Ts, Configuration: Release TwinCAT RT (x64) ------
========== Build: 2 succeeded or up-to-date, 0 failed, 0 skipped ==========

Build started...
------ Build started: Project: PLC, Configuration: Release TwinCAT RT (x64) ------
------ Build started: Application: Ts.PLC -------
typify code ...
generate code...
generate global initializations ...
generate code initialization ...
generate relocations ...
Size of generated code: 160238 bytes
Size of global data: 45521 bytes
Total allocated memory size for code and data: 590184 bytes
Memory area 0 contains  Data, Input, Output, Memory, Code, Persistent Data and Nonsafe Data: size: 1048576 bytes, highest used address: 590184, largest contiguous memory gap: 458392 bytes (43 %)
Build complete -- 0 errors, 0 warnings : ready for download!
Generate TMC information ...
Import symbol information ...
PLC.PLC : message: generate boot information...
------ Build started: Project: Ts, Configuration: Release TwinCAT RT (x64) ------
========== Build: 2 succeeded or up-to-date, 0 failed, 0 skipped ==========

Build started...
------ Build started: Project: PLC, Configuration: Release TwinCAT RT (x64) ------
------ Build started: Application: Ts.PLC -------
typify code ...
generate code...
generate global initializations ...
generate code initialization ...
generate relocations ...
Size of generated code: 160342 bytes
Size of global data: 45573 bytes
Total allocated memory size for code and data: 590344 bytes
Memory area 0 contains  Data, Input, Output, Memory, Code, Persistent Data and Nonsafe Data: size: 1048576 bytes, highest used address: 590344, largest contiguous memory gap: 458232 bytes (43 %)
Build complete -- 0 errors, 0 warnings : ready for download!
Generate TMC information ...
Import symbol information ...
PLC.PLC : message: generate boot information...
------ Build started: Project: Ts, Configuration: Release TwinCAT RT (x64) ------
========== Build: 2 succeeded or up-to-date, 0 failed, 0 skipped ==========

Build started...
------ Build started: Project: PLC, Configuration: Release TwinCAT RT (x64) ------
------ Build started: Application: Ts.PLC -------
typify code ...
generate code...
generate global initializations ...
generate code initialization ...
generate relocations ...
Size of generated code: 160446 bytes
Size of global data: 45625 bytes
Total allocated memory size for code and data: 590496 bytes
Memory area 0 contains  Data, Input, Output, Memory, Code, Persistent Data and Nonsafe Data: size: 1048576 bytes, highest used address: 590496, largest contiguous memory gap: 458080 bytes (43 %)
Build complete -- 0 errors, 0 warnings : ready for download!
Generate TMC information ...
Import symbol information ...
PLC.PLC : message: generate boot information...
------ Build started: Project: Ts, Configuration: Release TwinCAT RT (x64) ------
========== Build: 2 succeeded or up-to-date, 0 failed, 0 skipped ==========

Build started...
------ Build started: Project: PLC, Configuration: Release TwinCAT RT (x64) ------
------ Build started: Application: Ts.PLC -------
typify code ...
generate code...
generate global initializations ...
generate code initialization ...
generate relocations ...
Size of generated code: 160550 bytes
Size of global data: 45681 bytes
Total allocated memory size for code and data: 590656 bytes
Memory area 0 contains  Data, Input, Output, Memory, Code, Persistent Data and Nonsafe Data: size: 1048576 bytes, highest used address: 590656, largest contiguous memory gap: 457920 bytes (43 %)
Build complete -- 0 errors, 0 warnings : ready for download!
Generate TMC information ...
Import symbol information ...
PLC.PLC : message: generate boot information...
------ Build started: Project: Ts, Configuration: Release TwinCAT RT (x64) ------
========== Build: 2 succeeded or up-to-date, 0 failed, 0 skipped ==========

Build started...
------ Build started: Project: PLC, Configuration: Release TwinCAT RT (x64) ------
------ Build started: Application: Ts.PLC -------
typify code ...
generate code...
generate global initializations ...
generate code initialization ...
generate relocations ...
Size of generated code: 160646 bytes
Size of global data: 45737 bytes
Total allocated memory size for code and data: 590808 bytes
Memory area 0 contains  Data, Input, Output, Memory, Code, Persistent Data and Nonsafe Data: size: 1048576 bytes, highest used address: 590808, largest contiguous memory gap: 457768 bytes (43 %)
Build complete -- 0 errors, 0 warnings : ready for download!
Generate TMC information ...
Import symbol information ...
PLC.PLC : message: generate boot information...
------ Build started: Project: Ts, Configuration: Release TwinCAT RT (x64) ------
========== Build: 2 succeeded or up-to-date, 0 failed, 0 skipped ==========

Build started...
------ Build started: Project: PLC, Configuration: Release TwinCAT RT (x64) ------
------ Build started: Application: Ts.PLC -------
typify code ...
generate code...
generate global initializations ...
generate code initialization ...
generate relocations ...
Size of generated code: 160750 bytes
Size of global data: 45781 bytes
Total allocated memory size for code and data: 590960 bytes
Memory area 0 contains  Data, Input, Output, Memory, Code, Persistent Data and Nonsafe Data: size: 1048576 bytes, highest used address: 590960, largest contiguous memory gap: 457616 bytes (43 %)
Build complete -- 0 errors, 0 warnings : ready for download!
Generate TMC information ...
Import symbol information ...
PLC.PLC : message: generate boot information...
------ Build started: Project: Ts, Configuration: Release TwinCAT RT (x64) ------
========== Build: 2 succeeded or up-to-date, 0 failed, 0 skipped ==========

Build started...
------ Build started: Project: PLC, Configuration: Release TwinCAT RT (x64) ------
------ Build started: Application: Ts.PLC -------
typify code ...
D:\github\Inxton\iXlinker\tests\test_projects\tabularasa\Beckhoff_EPxxxx\Ts\PLC\DUTs\IO\PDOs\InfoData_94A18F5E.TcDUT(9) : error: Type definition expected instead of '.'
D:\github\Inxton\iXlinker\tests\test_projects\tabularasa\Beckhoff_EPxxxx\Ts\PLC\DUTs\IO\PDOs\InfoData_07DD5D1A.TcDUT(9) : error: Type definition expected instead of '.'
D:\github\Inxton\iXlinker\tests\test_projects\tabularasa\Beckhoff_EPxxxx\Ts\PLC\DUTs\IO\PDOs\InfoData_1088C705.TcDUT(9) : error: Type definition expected instead of '.'
D:\github\Inxton\iXlinker\tests\test_projects\tabularasa\Beckhoff_EPxxxx\Ts\PLC\DUTs\IO\PDOs\InfoData_41C547A3.TcDUT(9) : error: Type definition expected instead of '.'
D:\github\Inxton\iXlinker\tests\test_projects\tabularasa\Beckhoff_EPxxxx\Ts\PLC\DUTs\IO\PDOs\InfoData_41C547A3.TcDUT(11) : error: Type definition expected instead of '.'
D:\github\Inxton\iXlinker\tests\test_projects\tabularasa\Beckhoff_EPxxxx\Ts\PLC\DUTs\IO\PDOs\InfoData_81897D03.TcDUT(9) : error: Type definition expected instead of '.'
D:\github\Inxton\iXlinker\tests\test_projects\tabularasa\Beckhoff_EPxxxx\Ts\PLC\DUTs\IO\PDOs\InfoData_3B4F4E8A.TcDUT(9) : error: Type definition expected instead of '.'
D:\github\Inxton\iXlinker\tests\test_projects\tabularasa\Beckhoff_EPxxxx\Ts\PLC\DUTs\IO\PDOs\InfoData_DEBFC8B7.TcDUT(9) : error: Type definition expected instead of '.'
D:\github\Inxton\iXlinker\tests\test_projects\tabularasa\Beckhoff_EPxxxx\Ts\PLC\DUTs\IO\PDOs\InfoData_0F6C7434.TcDUT(9) : error: Type definition expected instead of '.'
D:\github\Inxton\iXlinker\tests\test_projects\tabularasa\Beckhoff_EPxxxx\Ts\PLC\DUTs\IO\PDOs\InfoData_F796F579.TcDUT(9) : error: Type definition expected instead of '.'
D:\github\Inxton\iXlinker\tests\test_projects\tabularasa\Beckhoff_EPxxxx\Ts\PLC\DUTs\IO\PDOs\InfoData_C76BEFB3.TcDUT(13) : error: Type definition expected instead of '.'
Compile complete -- 11 errors, 0 warnings
Build complete -- 11 errors, 0 warnings : no download possible!
WRN | 5/4/2022 8:38:25 PM 604 ms | 'TwinCAT XAE': Project 'PLC' build for platform 'TwinCAT RT (x64)' failed.
------ Build started: Project: Ts, Configuration: Release TwinCAT RT (x64) ------
Error: The operation could not be completed. Unspecified error 
========== Build: 0 succeeded or up-to-date, 2 failed, 0 skipped ==========

Build started...
------ Build started: Project: PLC, Configuration: Release TwinCAT RT (x64) ------
------ Build started: Application: Ts.PLC -------
typify code ...
D:\github\Inxton\iXlinker\tests\test_projects\tabularasa\Beckhoff_EPxxxx\Ts\PLC\DUTs\IO\PDOs\InfoData_94A18F5E.TcDUT(9) : error: Type definition expected instead of '.'
D:\github\Inxton\iXlinker\tests\test_projects\tabularasa\Beckhoff_EPxxxx\Ts\PLC\DUTs\IO\PDOs\InfoData_07DD5D1A.TcDUT(9) : error: Type definition expected instead of '.'
D:\github\Inxton\iXlinker\tests\test_projects\tabularasa\Beckhoff_EPxxxx\Ts\PLC\DUTs\IO\PDOs\InfoData_1088C705.TcDUT(9) : error: Type definition expected instead of '.'
D:\github\Inxton\iXlinker\tests\test_projects\tabularasa\Beckhoff_EPxxxx\Ts\PLC\DUTs\IO\PDOs\InfoData_41C547A3.TcDUT(9) : error: Type definition expected instead of '.'
D:\github\Inxton\iXlinker\tests\test_projects\tabularasa\Beckhoff_EPxxxx\Ts\PLC\DUTs\IO\PDOs\InfoData_41C547A3.TcDUT(11) : error: Type definition expected instead of '.'
D:\github\Inxton\iXlinker\tests\test_projects\tabularasa\Beckhoff_EPxxxx\Ts\PLC\DUTs\IO\PDOs\InfoData_81897D03.TcDUT(9) : error: Type definition expected instead of '.'
D:\github\Inxton\iXlinker\tests\test_projects\tabularasa\Beckhoff_EPxxxx\Ts\PLC\DUTs\IO\PDOs\InfoData_3B4F4E8A.TcDUT(9) : error: Type definition expected instead of '.'
D:\github\Inxton\iXlinker\tests\test_projects\tabularasa\Beckhoff_EPxxxx\Ts\PLC\DUTs\IO\PDOs\InfoData_DEBFC8B7.TcDUT(9) : error: Type definition expected instead of '.'
D:\github\Inxton\iXlinker\tests\test_projects\tabularasa\Beckhoff_EPxxxx\Ts\PLC\DUTs\IO\PDOs\InfoData_0F6C7434.TcDUT(9) : error: Type definition expected instead of '.'
D:\github\Inxton\iXlinker\tests\test_projects\tabularasa\Beckhoff_EPxxxx\Ts\PLC\DUTs\IO\PDOs\InfoData_F796F579.TcDUT(9) : error: Type definition expected instead of '.'
D:\github\Inxton\iXlinker\tests\test_projects\tabularasa\Beckhoff_EPxxxx\Ts\PLC\DUTs\IO\PDOs\InfoData_C76BEFB3.TcDUT(13) : error: Type definition expected instead of '.'
Compile complete -- 11 errors, 0 warnings
Build complete -- 11 errors, 0 warnings : no download possible!
WRN | 5/4/2022 9:16:10 PM 787 ms | 'TwinCAT XAE': Project 'PLC' build for platform 'TwinCAT RT (x64)' failed.
------ Build started: Project: Ts, Configuration: Release TwinCAT RT (x64) ------
Error: The operation could not be completed. Unspecified error 
========== Build: 0 succeeded or up-to-date, 2 failed, 0 skipped ==========

Build started...
------ Build started: Project: PLC, Configuration: Release TwinCAT RT (x64) ------
------ Build started: Application: Ts.PLC -------
typify code ...
D:\github\Inxton\iXlinker\tests\test_projects\tabularasa\Beckhoff_EPxxxx\Ts\PLC\DUTs\IO\PDOs\InfoData_94A18F5E.TcDUT(9) : error: Type definition expected instead of '.'
D:\github\Inxton\iXlinker\tests\test_projects\tabularasa\Beckhoff_EPxxxx\Ts\PLC\DUTs\IO\PDOs\InfoData_07DD5D1A.TcDUT(9) : error: Type definition expected instead of '.'
D:\github\Inxton\iXlinker\tests\test_projects\tabularasa\Beckhoff_EPxxxx\Ts\PLC\DUTs\IO\PDOs\InfoData_1088C705.TcDUT(9) : error: Type definition expected instead of '.'
D:\github\Inxton\iXlinker\tests\test_projects\tabularasa\Beckhoff_EPxxxx\Ts\PLC\DUTs\IO\PDOs\InfoData_41C547A3.TcDUT(9) : error: Type definition expected instead of '.'
D:\github\Inxton\iXlinker\tests\test_projects\tabularasa\Beckhoff_EPxxxx\Ts\PLC\DUTs\IO\PDOs\InfoData_41C547A3.TcDUT(11) : error: Type definition expected instead of '.'
D:\github\Inxton\iXlinker\tests\test_projects\tabularasa\Beckhoff_EPxxxx\Ts\PLC\DUTs\IO\PDOs\InfoData_81897D03.TcDUT(9) : error: Type definition expected instead of '.'
D:\github\Inxton\iXlinker\tests\test_projects\tabularasa\Beckhoff_EPxxxx\Ts\PLC\DUTs\IO\PDOs\InfoData_3B4F4E8A.TcDUT(9) : error: Type definition expected instead of '.'
D:\github\Inxton\iXlinker\tests\test_projects\tabularasa\Beckhoff_EPxxxx\Ts\PLC\DUTs\IO\PDOs\InfoData_DEBFC8B7.TcDUT(9) : error: Type definition expected instead of '.'
D:\github\Inxton\iXlinker\tests\test_projects\tabularasa\Beckhoff_EPxxxx\Ts\PLC\DUTs\IO\PDOs\InfoData_0F6C7434.TcDUT(9) : error: Type definition expected instead of '.'
D:\github\Inxton\iXlinker\tests\test_projects\tabularasa\Beckhoff_EPxxxx\Ts\PLC\DUTs\IO\PDOs\InfoData_F796F579.TcDUT(9) : error: Type definition expected instead of '.'
D:\github\Inxton\iXlinker\tests\test_projects\tabularasa\Beckhoff_EPxxxx\Ts\PLC\DUTs\IO\PDOs\InfoData_C76BEFB3.TcDUT(13) : error: Type definition expected instead of '.'
Compile complete -- 11 errors, 0 warnings
Build complete -- 11 errors, 0 warnings : no download possible!
WRN | 5/4/2022 9:34:22 PM 083 ms | 'TwinCAT XAE': Project 'PLC' build for platform 'TwinCAT RT (x64)' failed.
------ Build started: Project: Ts, Configuration: Release TwinCAT RT (x64) ------
Error: The operation could not be completed. Unspecified error 
========== Build: 0 succeeded or up-to-date, 2 failed, 0 skipped ==========

Build started...
------ Build started: Project: PLC, Configuration: Release TwinCAT RT (x64) ------
------ Build started: Application: Ts.PLC -------
typify code ...
D:\github\Inxton\iXlinker\tests\test_projects\tabularasa\Beckhoff_EPxxxx\Ts\PLC\DUTs\IO\PDOs\InfoData_94A18F5E.TcDUT(9) : error: Type definition expected instead of '.'
D:\github\Inxton\iXlinker\tests\test_projects\tabularasa\Beckhoff_EPxxxx\Ts\PLC\DUTs\IO\PDOs\InfoData_07DD5D1A.TcDUT(9) : error: Type definition expected instead of '.'
D:\github\Inxton\iXlinker\tests\test_projects\tabularasa\Beckhoff_EPxxxx\Ts\PLC\DUTs\IO\PDOs\InfoData_1088C705.TcDUT(9) : error: Type definition expected instead of '.'
D:\github\Inxton\iXlinker\tests\test_projects\tabularasa\Beckhoff_EPxxxx\Ts\PLC\DUTs\IO\PDOs\InfoData_41C547A3.TcDUT(9) : error: Type definition expected instead of '.'
D:\github\Inxton\iXlinker\tests\test_projects\tabularasa\Beckhoff_EPxxxx\Ts\PLC\DUTs\IO\PDOs\InfoData_41C547A3.TcDUT(11) : error: Type definition expected instead of '.'
D:\github\Inxton\iXlinker\tests\test_projects\tabularasa\Beckhoff_EPxxxx\Ts\PLC\DUTs\IO\PDOs\InfoData_81897D03.TcDUT(9) : error: Type definition expected instead of '.'
D:\github\Inxton\iXlinker\tests\test_projects\tabularasa\Beckhoff_EPxxxx\Ts\PLC\DUTs\IO\PDOs\InfoData_3B4F4E8A.TcDUT(9) : error: Type definition expected instead of '.'
D:\github\Inxton\iXlinker\tests\test_projects\tabularasa\Beckhoff_EPxxxx\Ts\PLC\DUTs\IO\PDOs\InfoData_DEBFC8B7.TcDUT(9) : error: Type definition expected instead of '.'
D:\github\Inxton\iXlinker\tests\test_projects\tabularasa\Beckhoff_EPxxxx\Ts\PLC\DUTs\IO\PDOs\InfoData_0F6C7434.TcDUT(9) : error: Type definition expected instead of '.'
D:\github\Inxton\iXlinker\tests\test_projects\tabularasa\Beckhoff_EPxxxx\Ts\PLC\DUTs\IO\PDOs\InfoData_F796F579.TcDUT(9) : error: Type definition expected instead of '.'
D:\github\Inxton\iXlinker\tests\test_projects\tabularasa\Beckhoff_EPxxxx\Ts\PLC\DUTs\IO\PDOs\InfoData_C76BEFB3.TcDUT(13) : error: Type definition expected instead of '.'
Compile complete -- 11 errors, 0 warnings
Build complete -- 11 errors, 0 warnings : no download possible!
WRN | 5/5/2022 4:04:49 PM 500 ms | 'TwinCAT XAE': Project 'PLC' build for platform 'TwinCAT RT (x64)' failed.
------ Build started: Project: Ts, Configuration: Release TwinCAT RT (x64) ------
Error: The operation could not be completed. Unspecified error 
========== Build: 0 succeeded or up-to-date, 2 failed, 0 skipped ==========

Build started...
------ Build started: Project: PLC, Configuration: Release TwinCAT RT (x64) ------
------ Build started: Application: Ts.PLC -------
typify code ...
D:\github\Inxton\iXlinker\tests\test_projects\tabularasa\Beckhoff_EPxxxx\Ts\PLC\DUTs\IO\PDOs\InfoData_94A18F5E.TcDUT(9) : error: Type definition expected instead of '.'
D:\github\Inxton\iXlinker\tests\test_projects\tabularasa\Beckhoff_EPxxxx\Ts\PLC\DUTs\IO\PDOs\InfoData_07DD5D1A.TcDUT(9) : error: Type definition expected instead of '.'
D:\github\Inxton\iXlinker\tests\test_projects\tabularasa\Beckhoff_EPxxxx\Ts\PLC\DUTs\IO\PDOs\InfoData_1088C705.TcDUT(9) : error: Type definition expected instead of '.'
D:\github\Inxton\iXlinker\tests\test_projects\tabularasa\Beckhoff_EPxxxx\Ts\PLC\DUTs\IO\PDOs\InfoData_41C547A3.TcDUT(9) : error: Type definition expected instead of '.'
D:\github\Inxton\iXlinker\tests\test_projects\tabularasa\Beckhoff_EPxxxx\Ts\PLC\DUTs\IO\PDOs\InfoData_41C547A3.TcDUT(11) : error: Type definition expected instead of '.'
D:\github\Inxton\iXlinker\tests\test_projects\tabularasa\Beckhoff_EPxxxx\Ts\PLC\DUTs\IO\PDOs\InfoData_81897D03.TcDUT(9) : error: Type definition expected instead of '.'
D:\github\Inxton\iXlinker\tests\test_projects\tabularasa\Beckhoff_EPxxxx\Ts\PLC\DUTs\IO\PDOs\InfoData_3B4F4E8A.TcDUT(9) : error: Type definition expected instead of '.'
D:\github\Inxton\iXlinker\tests\test_projects\tabularasa\Beckhoff_EPxxxx\Ts\PLC\DUTs\IO\PDOs\InfoData_DEBFC8B7.TcDUT(9) : error: Type definition expected instead of '.'
D:\github\Inxton\iXlinker\tests\test_projects\tabularasa\Beckhoff_EPxxxx\Ts\PLC\DUTs\IO\PDOs\InfoData_0F6C7434.TcDUT(9) : error: Type definition expected instead of '.'
D:\github\Inxton\iXlinker\tests\test_projects\tabularasa\Beckhoff_EPxxxx\Ts\PLC\DUTs\IO\PDOs\InfoData_F796F579.TcDUT(9) : error: Type definition expected instead of '.'
D:\github\Inxton\iXlinker\tests\test_projects\tabularasa\Beckhoff_EPxxxx\Ts\PLC\DUTs\IO\PDOs\InfoData_C76BEFB3.TcDUT(13) : error: Type definition expected instead of '.'
Compile complete -- 11 errors, 0 warnings
Build complete -- 11 errors, 0 warnings : no download possible!
WRN | 5/5/2022 4:12:16 PM 049 ms | 'TwinCAT XAE': Project 'PLC' build for platform 'TwinCAT RT (x64)' failed.
------ Build started: Project: Ts, Configuration: Release TwinCAT RT (x64) ------
Error: The operation could not be completed. Unspecified error 
========== Build: 0 succeeded or up-to-date, 2 failed, 0 skipped ==========

Build started...
------ Build started: Project: PLC, Configuration: Release TwinCAT RT (x64) ------
------ Build started: Application: Ts.PLC -------
typify code ...
D:\github\Inxton\iXlinker\tests\test_projects\tabularasa\Beckhoff_EPxxxx\Ts\PLC\DUTs\IO\PDOs\InfoData_94A18F5E.TcDUT(9) : error: Type definition expected instead of '.'
D:\github\Inxton\iXlinker\tests\test_projects\tabularasa\Beckhoff_EPxxxx\Ts\PLC\DUTs\IO\PDOs\InfoData_07DD5D1A.TcDUT(9) : error: Type definition expected instead of '.'
D:\github\Inxton\iXlinker\tests\test_projects\tabularasa\Beckhoff_EPxxxx\Ts\PLC\DUTs\IO\PDOs\InfoData_1088C705.TcDUT(9) : error: Type definition expected instead of '.'
D:\github\Inxton\iXlinker\tests\test_projects\tabularasa\Beckhoff_EPxxxx\Ts\PLC\DUTs\IO\PDOs\InfoData_41C547A3.TcDUT(9) : error: Type definition expected instead of '.'
D:\github\Inxton\iXlinker\tests\test_projects\tabularasa\Beckhoff_EPxxxx\Ts\PLC\DUTs\IO\PDOs\InfoData_41C547A3.TcDUT(11) : error: Type definition expected instead of '.'
D:\github\Inxton\iXlinker\tests\test_projects\tabularasa\Beckhoff_EPxxxx\Ts\PLC\DUTs\IO\PDOs\InfoData_81897D03.TcDUT(9) : error: Type definition expected instead of '.'
D:\github\Inxton\iXlinker\tests\test_projects\tabularasa\Beckhoff_EPxxxx\Ts\PLC\DUTs\IO\PDOs\InfoData_3B4F4E8A.TcDUT(9) : error: Type definition expected instead of '.'
D:\github\Inxton\iXlinker\tests\test_projects\tabularasa\Beckhoff_EPxxxx\Ts\PLC\DUTs\IO\PDOs\InfoData_DEBFC8B7.TcDUT(9) : error: Type definition expected instead of '.'
D:\github\Inxton\iXlinker\tests\test_projects\tabularasa\Beckhoff_EPxxxx\Ts\PLC\DUTs\IO\PDOs\InfoData_0F6C7434.TcDUT(9) : error: Type definition expected instead of '.'
D:\github\Inxton\iXlinker\tests\test_projects\tabularasa\Beckhoff_EPxxxx\Ts\PLC\DUTs\IO\PDOs\InfoData_F796F579.TcDUT(9) : error: Type definition expected instead of '.'
D:\github\Inxton\iXlinker\tests\test_projects\tabularasa\Beckhoff_EPxxxx\Ts\PLC\DUTs\IO\PDOs\InfoData_C76BEFB3.TcDUT(13) : error: Type definition expected instead of '.'
Compile complete -- 11 errors, 0 warnings
Build complete -- 11 errors, 0 warnings : no download possible!
WRN | 5/6/2022 4:06:58 PM 391 ms | 'TwinCAT XAE': Project 'PLC' build for platform 'TwinCAT RT (x64)' failed.
------ Build started: Project: Ts, Configuration: Release TwinCAT RT (x64) ------
Error: The operation could not be completed. Unspecified error 
========== Build: 0 succeeded or up-to-date, 2 failed, 0 skipped ==========

