Build started...
------ Build started: Project: PLC, Configuration: Release TwinCAT RT (x64) ------
------ Build started: Application: Ts.PLC -------
typify code ...
generate code...
generate global initializations ...
generate code initialization ...
generate relocations ...
Size of generated code: 107350 bytes
Size of global data: 28405 bytes
Total allocated memory size for code and data: 520184 bytes
Memory area 0 contains  Data, Input, Output, Memory, Code, Persistent Data and Nonsafe Data: size: 1048576 bytes, highest used address: 520184, largest contiguous memory gap: 528392 bytes (50 %)
Build complete -- 0 errors, 0 warnings : ready for download!
Generate TMC information ...
Import symbol information ...
PLC.PLC : message: generate boot information...
------ Build started: Project: Ts, Configuration: Release TwinCAT RT (x64) ------
========== Build: 2 succeeded or up-to-date, 0 failed, 0 skipped ==========

Build started...
------ Build started: Project: PLC, Configuration: Release TwinCAT RT (x64) ------
------ Build started: Application: Ts.PLC -------
typify code ...
generate code...
generate global initializations ...
generate code initialization ...
generate relocations ...
Size of generated code: 107350 bytes
Size of global data: 28405 bytes
Total allocated memory size for code and data: 520184 bytes
Memory area 0 contains  Data, Input, Output, Memory, Code, Persistent Data and Nonsafe Data: size: 1048576 bytes, highest used address: 520184, largest contiguous memory gap: 528392 bytes (50 %)
Build complete -- 0 errors, 0 warnings : ready for download!
Generate TMC information ...
Import symbol information ...
PLC.PLC : message: generate boot information...
------ Build started: Project: Ts, Configuration: Release TwinCAT RT (x64) ------
========== Build: 2 succeeded or up-to-date, 0 failed, 0 skipped ==========

Build started...
------ Build started: Project: PLC, Configuration: Release TwinCAT RT (x64) ------
------ Build started: Application: Ts.PLC -------
typify code ...
generate code...
generate global initializations ...
generate code initialization ...
generate relocations ...
Size of generated code: 107350 bytes
Size of global data: 28405 bytes
Total allocated memory size for code and data: 520184 bytes
Memory area 0 contains  Data, Input, Output, Memory, Code, Persistent Data and Nonsafe Data: size: 1048576 bytes, highest used address: 520184, largest contiguous memory gap: 528392 bytes (50 %)
Build complete -- 0 errors, 0 warnings : ready for download!
Generate TMC information ...
Import symbol information ...
PLC.PLC : message: generate boot information...
------ Build started: Project: Ts, Configuration: Release TwinCAT RT (x64) ------
========== Build: 2 succeeded or up-to-date, 0 failed, 0 skipped ==========

Build started...
------ Build started: Project: PLC, Configuration: Release TwinCAT RT (x64) ------
------ Build started: Application: Ts.PLC -------
typify code ...
generate code...
generate global initializations ...
generate code initialization ...
generate relocations ...
Size of generated code: 107350 bytes
Size of global data: 28405 bytes
Total allocated memory size for code and data: 520184 bytes
Memory area 0 contains  Data, Input, Output, Memory, Code, Persistent Data and Nonsafe Data: size: 1048576 bytes, highest used address: 520184, largest contiguous memory gap: 528392 bytes (50 %)
Build complete -- 0 errors, 0 warnings : ready for download!
Generate TMC information ...
Import symbol information ...
PLC.PLC : message: generate boot information...
------ Build started: Project: Ts, Configuration: Release TwinCAT RT (x64) ------
========== Build: 2 succeeded or up-to-date, 0 failed, 0 skipped ==========

Build started...
------ Build started: Project: PLC, Configuration: Release TwinCAT RT (x64) ------
------ Build started: Application: Ts.PLC -------
typify code ...
generate code...
generate global initializations ...
generate code initialization ...
generate relocations ...
Size of generated code: 107350 bytes
Size of global data: 28405 bytes
Total allocated memory size for code and data: 520184 bytes
Memory area 0 contains  Data, Input, Output, Memory, Code, Persistent Data and Nonsafe Data: size: 1048576 bytes, highest used address: 520184, largest contiguous memory gap: 528392 bytes (50 %)
Build complete -- 0 errors, 0 warnings : ready for download!
Generate TMC information ...
Import symbol information ...
PLC.PLC : message: generate boot information...
------ Build started: Project: Ts, Configuration: Release TwinCAT RT (x64) ------
========== Build: 2 succeeded or up-to-date, 0 failed, 0 skipped ==========

Build started...
------ Build started: Project: PLC, Configuration: Release TwinCAT RT (x64) ------
------ Build started: Application: Ts.PLC -------
typify code ...
generate code...
generate global initializations ...
generate code initialization ...
generate relocations ...
Size of generated code: 110710 bytes
Size of global data: 28453 bytes
Total allocated memory size for code and data: 523592 bytes
Memory area 0 contains  Data, Input, Output, Memory, Code, Persistent Data and Nonsafe Data: size: 1048576 bytes, highest used address: 523592, largest contiguous memory gap: 524984 bytes (50 %)
Build complete -- 0 errors, 0 warnings : ready for download!
Generate TMC information ...
Import symbol information ...
PLC.PLC : message: generate boot information...
------ Build started: Project: Ts, Configuration: Release TwinCAT RT (x64) ------
========== Build: 2 succeeded or up-to-date, 0 failed, 0 skipped ==========

Build started...
------ Build started: Project: PLC, Configuration: Release TwinCAT RT (x64) ------
------ Build started: Application: Ts.PLC -------
typify code ...
generate code...
generate global initializations ...
generate code initialization ...
generate relocations ...
Size of generated code: 110710 bytes
Size of global data: 28453 bytes
Total allocated memory size for code and data: 523592 bytes
Memory area 0 contains  Data, Input, Output, Memory, Code, Persistent Data and Nonsafe Data: size: 1048576 bytes, highest used address: 523592, largest contiguous memory gap: 524984 bytes (50 %)
Build complete -- 0 errors, 0 warnings : ready for download!
Generate TMC information ...
Import symbol information ...
PLC.PLC : message: generate boot information...
------ Build started: Project: Ts, Configuration: Release TwinCAT RT (x64) ------
========== Build: 2 succeeded or up-to-date, 0 failed, 0 skipped ==========

Build started...
------ Build started: Project: PLC, Configuration: Release TwinCAT RT (x64) ------
------ Build started: Application: Ts.PLC -------
typify code ...
generate code...
generate global initializations ...
generate code initialization ...
generate relocations ...
Size of generated code: 110710 bytes
Size of global data: 28453 bytes
Total allocated memory size for code and data: 523592 bytes
Memory area 0 contains  Data, Input, Output, Memory, Code, Persistent Data and Nonsafe Data: size: 1048576 bytes, highest used address: 523592, largest contiguous memory gap: 524984 bytes (50 %)
Build complete -- 0 errors, 0 warnings : ready for download!
Generate TMC information ...
Import symbol information ...
PLC.PLC : message: generate boot information...
------ Build started: Project: Ts, Configuration: Release TwinCAT RT (x64) ------
========== Build: 2 succeeded or up-to-date, 0 failed, 0 skipped ==========

Build started...
------ Build started: Project: PLC, Configuration: Release TwinCAT RT (x64) ------
------ Build started: Application: Ts.PLC -------
typify code ...
generate code...
generate global initializations ...
generate code initialization ...
generate relocations ...
Size of generated code: 110710 bytes
Size of global data: 28461 bytes
Total allocated memory size for code and data: 523600 bytes
Memory area 0 contains  Data, Input, Output, Memory, Code, Persistent Data and Nonsafe Data: size: 1048576 bytes, highest used address: 523600, largest contiguous memory gap: 524976 bytes (50 %)
Build complete -- 0 errors, 0 warnings : ready for download!
Generate TMC information ...
Import symbol information ...
PLC.PLC : message: generate boot information...
------ Build started: Project: Ts, Configuration: Release TwinCAT RT (x64) ------
========== Build: 2 succeeded or up-to-date, 0 failed, 0 skipped ==========

Build started...
------ Build started: Project: PLC, Configuration: Release TwinCAT RT (x64) ------
------ Build started: Application: Ts.PLC -------
typify code ...
generate code...
generate global initializations ...
generate code initialization ...
generate relocations ...
Size of generated code: 110710 bytes
Size of global data: 28461 bytes
Total allocated memory size for code and data: 523600 bytes
Memory area 0 contains  Data, Input, Output, Memory, Code, Persistent Data and Nonsafe Data: size: 1048576 bytes, highest used address: 523600, largest contiguous memory gap: 524976 bytes (50 %)
Build complete -- 0 errors, 0 warnings : ready for download!
Generate TMC information ...
Import symbol information ...
PLC.PLC : message: generate boot information...
------ Build started: Project: Ts, Configuration: Release TwinCAT RT (x64) ------
========== Build: 2 succeeded or up-to-date, 0 failed, 0 skipped ==========

Build started...
------ Build started: Project: PLC, Configuration: Release TwinCAT RT (x64) ------
------ Build started: Application: Ts.PLC -------
typify code ...
generate code...
generate global initializations ...
generate code initialization ...
generate relocations ...
Size of generated code: 110806 bytes
Size of global data: 28509 bytes
Total allocated memory size for code and data: 523744 bytes
Memory area 0 contains  Data, Input, Output, Memory, Code, Persistent Data and Nonsafe Data: size: 1048576 bytes, highest used address: 523744, largest contiguous memory gap: 524832 bytes (50 %)
Build complete -- 0 errors, 0 warnings : ready for download!
Generate TMC information ...
Import symbol information ...
PLC.PLC : message: generate boot information...
------ Build started: Project: Ts, Configuration: Release TwinCAT RT (x64) ------
========== Build: 2 succeeded or up-to-date, 0 failed, 0 skipped ==========

Build started...
------ Build started: Project: PLC, Configuration: Release TwinCAT RT (x64) ------
------ Build started: Application: Ts.PLC -------
typify code ...
generate code...
generate global initializations ...
generate code initialization ...
generate relocations ...
Size of generated code: 110910 bytes
Size of global data: 28561 bytes
Total allocated memory size for code and data: 523896 bytes
Memory area 0 contains  Data, Input, Output, Memory, Code, Persistent Data and Nonsafe Data: size: 1048576 bytes, highest used address: 523896, largest contiguous memory gap: 524680 bytes (50 %)
Build complete -- 0 errors, 0 warnings : ready for download!
Generate TMC information ...
Import symbol information ...
PLC.PLC : message: generate boot information...
------ Build started: Project: Ts, Configuration: Release TwinCAT RT (x64) ------
========== Build: 2 succeeded or up-to-date, 0 failed, 0 skipped ==========

Build started...
------ Build started: Project: PLC, Configuration: Release TwinCAT RT (x64) ------
------ Build started: Application: Ts.PLC -------
typify code ...
generate code...
generate global initializations ...
generate code initialization ...
generate relocations ...
Size of generated code: 111014 bytes
Size of global data: 28617 bytes
Total allocated memory size for code and data: 524056 bytes
Memory area 0 contains  Data, Input, Output, Memory, Code, Persistent Data and Nonsafe Data: size: 1048576 bytes, highest used address: 524056, largest contiguous memory gap: 524520 bytes (50 %)
Build complete -- 0 errors, 0 warnings : ready for download!
Generate TMC information ...
Import symbol information ...
PLC.PLC : message: generate boot information...
------ Build started: Project: Ts, Configuration: Release TwinCAT RT (x64) ------
========== Build: 2 succeeded or up-to-date, 0 failed, 0 skipped ==========

Build started...
------ Build started: Project: PLC, Configuration: Release TwinCAT RT (x64) ------
------ Build started: Application: Ts.PLC -------
typify code ...
generate code...
generate global initializations ...
generate code initialization ...
generate relocations ...
Size of generated code: 111118 bytes
Size of global data: 28677 bytes
Total allocated memory size for code and data: 524224 bytes
Memory area 0 contains  Data, Input, Output, Memory, Code, Persistent Data and Nonsafe Data: size: 1048576 bytes, highest used address: 524224, largest contiguous memory gap: 524352 bytes (50 %)
Build complete -- 0 errors, 0 warnings : ready for download!
Generate TMC information ...
Import symbol information ...
PLC.PLC : message: generate boot information...
------ Build started: Project: Ts, Configuration: Release TwinCAT RT (x64) ------
========== Build: 2 succeeded or up-to-date, 0 failed, 0 skipped ==========

Build started...
------ Build started: Project: PLC, Configuration: Release TwinCAT RT (x64) ------
------ Build started: Application: Ts.PLC -------
typify code ...
generate code...
generate global initializations ...
generate code initialization ...
generate relocations ...
Size of generated code: 111214 bytes
Size of global data: 28721 bytes
Total allocated memory size for code and data: 524360 bytes
Memory area 0 contains  Data, Input, Output, Memory, Code, Persistent Data and Nonsafe Data: size: 1048576 bytes, highest used address: 524360, largest contiguous memory gap: 524216 bytes (49 %)
Build complete -- 0 errors, 0 warnings : ready for download!
Generate TMC information ...
Import symbol information ...
PLC.PLC : message: generate boot information...
------ Build started: Project: Ts, Configuration: Release TwinCAT RT (x64) ------
========== Build: 2 succeeded or up-to-date, 0 failed, 0 skipped ==========

Build started...
------ Build started: Project: PLC, Configuration: Release TwinCAT RT (x64) ------
------ Build started: Application: Ts.PLC -------
typify code ...
D:\github\Inxton\iXlinker\tests\test_projects\tabularasa\Beckhoff_EPPxxxx\Ts\PLC\DUTs\IO\PDOs\InfoData_94A18F5E.TcDUT(9) : error: Type definition expected instead of '.'
D:\github\Inxton\iXlinker\tests\test_projects\tabularasa\Beckhoff_EPPxxxx\Ts\PLC\DUTs\IO\PDOs\InfoData_1088C705.TcDUT(9) : error: Type definition expected instead of '.'
D:\github\Inxton\iXlinker\tests\test_projects\tabularasa\Beckhoff_EPPxxxx\Ts\PLC\DUTs\IO\PDOs\InfoData_41C547A3.TcDUT(9) : error: Type definition expected instead of '.'
D:\github\Inxton\iXlinker\tests\test_projects\tabularasa\Beckhoff_EPPxxxx\Ts\PLC\DUTs\IO\PDOs\InfoData_41C547A3.TcDUT(11) : error: Type definition expected instead of '.'
D:\github\Inxton\iXlinker\tests\test_projects\tabularasa\Beckhoff_EPPxxxx\Ts\PLC\DUTs\IO\PDOs\InfoData_3B4F4E8A.TcDUT(9) : error: Type definition expected instead of '.'
D:\github\Inxton\iXlinker\tests\test_projects\tabularasa\Beckhoff_EPPxxxx\Ts\PLC\DUTs\IO\PDOs\InfoData_F796F579.TcDUT(9) : error: Type definition expected instead of '.'
D:\github\Inxton\iXlinker\tests\test_projects\tabularasa\Beckhoff_EPPxxxx\Ts\PLC\DUTs\IO\PDOs\InfoData_C76BEFB3.TcDUT(13) : error: Type definition expected instead of '.'
Compile complete -- 7 errors, 0 warnings
Build complete -- 7 errors, 0 warnings : no download possible!
WRN | 5/4/2022 8:38:03 PM 809 ms | 'TwinCAT XAE': Project 'PLC' build for platform 'TwinCAT RT (x64)' failed.
------ Build started: Project: Ts, Configuration: Release TwinCAT RT (x64) ------
Error: The operation could not be completed. Unspecified error 
========== Build: 0 succeeded or up-to-date, 2 failed, 0 skipped ==========

Build started...
------ Build started: Project: PLC, Configuration: Release TwinCAT RT (x64) ------
------ Build started: Application: Ts.PLC -------
typify code ...
D:\github\Inxton\iXlinker\tests\test_projects\tabularasa\Beckhoff_EPPxxxx\Ts\PLC\DUTs\IO\PDOs\InfoData_94A18F5E.TcDUT(9) : error: Type definition expected instead of '.'
D:\github\Inxton\iXlinker\tests\test_projects\tabularasa\Beckhoff_EPPxxxx\Ts\PLC\DUTs\IO\PDOs\InfoData_1088C705.TcDUT(9) : error: Type definition expected instead of '.'
D:\github\Inxton\iXlinker\tests\test_projects\tabularasa\Beckhoff_EPPxxxx\Ts\PLC\DUTs\IO\PDOs\InfoData_41C547A3.TcDUT(9) : error: Type definition expected instead of '.'
D:\github\Inxton\iXlinker\tests\test_projects\tabularasa\Beckhoff_EPPxxxx\Ts\PLC\DUTs\IO\PDOs\InfoData_41C547A3.TcDUT(11) : error: Type definition expected instead of '.'
D:\github\Inxton\iXlinker\tests\test_projects\tabularasa\Beckhoff_EPPxxxx\Ts\PLC\DUTs\IO\PDOs\InfoData_3B4F4E8A.TcDUT(9) : error: Type definition expected instead of '.'
D:\github\Inxton\iXlinker\tests\test_projects\tabularasa\Beckhoff_EPPxxxx\Ts\PLC\DUTs\IO\PDOs\InfoData_F796F579.TcDUT(9) : error: Type definition expected instead of '.'
D:\github\Inxton\iXlinker\tests\test_projects\tabularasa\Beckhoff_EPPxxxx\Ts\PLC\DUTs\IO\PDOs\InfoData_C76BEFB3.TcDUT(13) : error: Type definition expected instead of '.'
Compile complete -- 7 errors, 0 warnings
Build complete -- 7 errors, 0 warnings : no download possible!
WRN | 5/4/2022 9:15:49 PM 389 ms | 'TwinCAT XAE': Project 'PLC' build for platform 'TwinCAT RT (x64)' failed.
------ Build started: Project: Ts, Configuration: Release TwinCAT RT (x64) ------
Error: The operation could not be completed. Unspecified error 
========== Build: 0 succeeded or up-to-date, 2 failed, 0 skipped ==========

Build started...
------ Build started: Project: PLC, Configuration: Release TwinCAT RT (x64) ------
------ Build started: Application: Ts.PLC -------
typify code ...
D:\github\Inxton\iXlinker\tests\test_projects\tabularasa\Beckhoff_EPPxxxx\Ts\PLC\DUTs\IO\PDOs\InfoData_94A18F5E.TcDUT(9) : error: Type definition expected instead of '.'
D:\github\Inxton\iXlinker\tests\test_projects\tabularasa\Beckhoff_EPPxxxx\Ts\PLC\DUTs\IO\PDOs\InfoData_1088C705.TcDUT(9) : error: Type definition expected instead of '.'
D:\github\Inxton\iXlinker\tests\test_projects\tabularasa\Beckhoff_EPPxxxx\Ts\PLC\DUTs\IO\PDOs\InfoData_41C547A3.TcDUT(9) : error: Type definition expected instead of '.'
D:\github\Inxton\iXlinker\tests\test_projects\tabularasa\Beckhoff_EPPxxxx\Ts\PLC\DUTs\IO\PDOs\InfoData_41C547A3.TcDUT(11) : error: Type definition expected instead of '.'
D:\github\Inxton\iXlinker\tests\test_projects\tabularasa\Beckhoff_EPPxxxx\Ts\PLC\DUTs\IO\PDOs\InfoData_3B4F4E8A.TcDUT(9) : error: Type definition expected instead of '.'
D:\github\Inxton\iXlinker\tests\test_projects\tabularasa\Beckhoff_EPPxxxx\Ts\PLC\DUTs\IO\PDOs\InfoData_F796F579.TcDUT(9) : error: Type definition expected instead of '.'
D:\github\Inxton\iXlinker\tests\test_projects\tabularasa\Beckhoff_EPPxxxx\Ts\PLC\DUTs\IO\PDOs\InfoData_C76BEFB3.TcDUT(13) : error: Type definition expected instead of '.'
Compile complete -- 7 errors, 0 warnings
Build complete -- 7 errors, 0 warnings : no download possible!
WRN | 5/4/2022 9:34:00 PM 446 ms | 'TwinCAT XAE': Project 'PLC' build for platform 'TwinCAT RT (x64)' failed.
------ Build started: Project: Ts, Configuration: Release TwinCAT RT (x64) ------
Error: The operation could not be completed. Unspecified error 
========== Build: 0 succeeded or up-to-date, 2 failed, 0 skipped ==========

Build started...
------ Build started: Project: PLC, Configuration: Release TwinCAT RT (x64) ------
------ Build started: Application: Ts.PLC -------
typify code ...
D:\github\Inxton\iXlinker\tests\test_projects\tabularasa\Beckhoff_EPPxxxx\Ts\PLC\DUTs\IO\PDOs\InfoData_94A18F5E.TcDUT(9) : error: Type definition expected instead of '.'
D:\github\Inxton\iXlinker\tests\test_projects\tabularasa\Beckhoff_EPPxxxx\Ts\PLC\DUTs\IO\PDOs\InfoData_1088C705.TcDUT(9) : error: Type definition expected instead of '.'
D:\github\Inxton\iXlinker\tests\test_projects\tabularasa\Beckhoff_EPPxxxx\Ts\PLC\DUTs\IO\PDOs\InfoData_41C547A3.TcDUT(9) : error: Type definition expected instead of '.'
D:\github\Inxton\iXlinker\tests\test_projects\tabularasa\Beckhoff_EPPxxxx\Ts\PLC\DUTs\IO\PDOs\InfoData_41C547A3.TcDUT(11) : error: Type definition expected instead of '.'
D:\github\Inxton\iXlinker\tests\test_projects\tabularasa\Beckhoff_EPPxxxx\Ts\PLC\DUTs\IO\PDOs\InfoData_3B4F4E8A.TcDUT(9) : error: Type definition expected instead of '.'
D:\github\Inxton\iXlinker\tests\test_projects\tabularasa\Beckhoff_EPPxxxx\Ts\PLC\DUTs\IO\PDOs\InfoData_F796F579.TcDUT(9) : error: Type definition expected instead of '.'
D:\github\Inxton\iXlinker\tests\test_projects\tabularasa\Beckhoff_EPPxxxx\Ts\PLC\DUTs\IO\PDOs\InfoData_C76BEFB3.TcDUT(13) : error: Type definition expected instead of '.'
Compile complete -- 7 errors, 0 warnings
Build complete -- 7 errors, 0 warnings : no download possible!
WRN | 5/5/2022 4:04:26 PM 302 ms | 'TwinCAT XAE': Project 'PLC' build for platform 'TwinCAT RT (x64)' failed.
------ Build started: Project: Ts, Configuration: Release TwinCAT RT (x64) ------
Error: The operation could not be completed. Unspecified error 
========== Build: 0 succeeded or up-to-date, 2 failed, 0 skipped ==========

Build started...
------ Build started: Project: PLC, Configuration: Release TwinCAT RT (x64) ------
------ Build started: Application: Ts.PLC -------
typify code ...
D:\github\Inxton\iXlinker\tests\test_projects\tabularasa\Beckhoff_EPPxxxx\Ts\PLC\DUTs\IO\PDOs\InfoData_94A18F5E.TcDUT(9) : error: Type definition expected instead of '.'
D:\github\Inxton\iXlinker\tests\test_projects\tabularasa\Beckhoff_EPPxxxx\Ts\PLC\DUTs\IO\PDOs\InfoData_1088C705.TcDUT(9) : error: Type definition expected instead of '.'
D:\github\Inxton\iXlinker\tests\test_projects\tabularasa\Beckhoff_EPPxxxx\Ts\PLC\DUTs\IO\PDOs\InfoData_41C547A3.TcDUT(9) : error: Type definition expected instead of '.'
D:\github\Inxton\iXlinker\tests\test_projects\tabularasa\Beckhoff_EPPxxxx\Ts\PLC\DUTs\IO\PDOs\InfoData_41C547A3.TcDUT(11) : error: Type definition expected instead of '.'
D:\github\Inxton\iXlinker\tests\test_projects\tabularasa\Beckhoff_EPPxxxx\Ts\PLC\DUTs\IO\PDOs\InfoData_3B4F4E8A.TcDUT(9) : error: Type definition expected instead of '.'
D:\github\Inxton\iXlinker\tests\test_projects\tabularasa\Beckhoff_EPPxxxx\Ts\PLC\DUTs\IO\PDOs\InfoData_F796F579.TcDUT(9) : error: Type definition expected instead of '.'
D:\github\Inxton\iXlinker\tests\test_projects\tabularasa\Beckhoff_EPPxxxx\Ts\PLC\DUTs\IO\PDOs\InfoData_C76BEFB3.TcDUT(13) : error: Type definition expected instead of '.'
Compile complete -- 7 errors, 0 warnings
Build complete -- 7 errors, 0 warnings : no download possible!
WRN | 5/5/2022 4:11:45 PM 765 ms | 'TwinCAT XAE': Project 'PLC' build for platform 'TwinCAT RT (x64)' failed.
------ Build started: Project: Ts, Configuration: Release TwinCAT RT (x64) ------
Error: The operation could not be completed. Unspecified error 
========== Build: 0 succeeded or up-to-date, 2 failed, 0 skipped ==========

Build started...
------ Build started: Project: PLC, Configuration: Release TwinCAT RT (x64) ------
------ Build started: Application: Ts.PLC -------
typify code ...
D:\github\Inxton\iXlinker\tests\test_projects\tabularasa\Beckhoff_EPPxxxx\Ts\PLC\DUTs\IO\PDOs\InfoData_94A18F5E.TcDUT(9) : error: Type definition expected instead of '.'
D:\github\Inxton\iXlinker\tests\test_projects\tabularasa\Beckhoff_EPPxxxx\Ts\PLC\DUTs\IO\PDOs\InfoData_1088C705.TcDUT(9) : error: Type definition expected instead of '.'
D:\github\Inxton\iXlinker\tests\test_projects\tabularasa\Beckhoff_EPPxxxx\Ts\PLC\DUTs\IO\PDOs\InfoData_41C547A3.TcDUT(9) : error: Type definition expected instead of '.'
D:\github\Inxton\iXlinker\tests\test_projects\tabularasa\Beckhoff_EPPxxxx\Ts\PLC\DUTs\IO\PDOs\InfoData_41C547A3.TcDUT(11) : error: Type definition expected instead of '.'
D:\github\Inxton\iXlinker\tests\test_projects\tabularasa\Beckhoff_EPPxxxx\Ts\PLC\DUTs\IO\PDOs\InfoData_3B4F4E8A.TcDUT(9) : error: Type definition expected instead of '.'
D:\github\Inxton\iXlinker\tests\test_projects\tabularasa\Beckhoff_EPPxxxx\Ts\PLC\DUTs\IO\PDOs\InfoData_F796F579.TcDUT(9) : error: Type definition expected instead of '.'
D:\github\Inxton\iXlinker\tests\test_projects\tabularasa\Beckhoff_EPPxxxx\Ts\PLC\DUTs\IO\PDOs\InfoData_C76BEFB3.TcDUT(13) : error: Type definition expected instead of '.'
IecTaskModule.TcGetObjectName : error: Cannot convert type 'Unknown type: 'MIN(UDINT_TO_DINT((nameLen - UDINT#1)), LEN(m_objName))'' to type 'DINT' [tc3_module, 3.3.21.0 (beckhoff automation gmbh)]
IecTaskModule.TcGetObjectName : error: Unknown type: 'LEN(m_objName)' [tc3_module, 3.3.21.0 (beckhoff automation gmbh)]
IecTaskModule.TcGetObjectName : error: Identifier 'LEN' not defined [tc3_module, 3.3.21.0 (beckhoff automation gmbh)]
IecTaskModule.TcGetObjectName : error: Program name, function or function block instance expected instead of 'LEN' [tc3_module, 3.3.21.0 (beckhoff automation gmbh)]
Compile complete -- 11 errors, 0 warnings
Build complete -- 11 errors, 0 warnings : no download possible!
WRN | 5/6/2022 4:06:05 PM 038 ms | 'TwinCAT XAE': Project 'PLC' build for platform 'TwinCAT RT (x64)' failed.
------ Build started: Project: Ts, Configuration: Release TwinCAT RT (x64) ------
Error: The operation could not be completed. Unspecified error 
========== Build: 0 succeeded or up-to-date, 2 failed, 0 skipped ==========

Build started...
------ Build started: Project: PLC, Configuration: Release TwinCAT RT (x64) ------
------ Build started: Application: Ts.PLC -------
typify code ...
D:\github\Inxton\iXlinker\tests\test_projects\tabularasa\Beckhoff_EPPxxxx\Ts\PLC\DUTs\IO\PDOs\InfoData_94A18F5E.TcDUT(9) : error: Type definition expected instead of '.'
D:\github\Inxton\iXlinker\tests\test_projects\tabularasa\Beckhoff_EPPxxxx\Ts\PLC\DUTs\IO\PDOs\InfoData_1088C705.TcDUT(9) : error: Type definition expected instead of '.'
D:\github\Inxton\iXlinker\tests\test_projects\tabularasa\Beckhoff_EPPxxxx\Ts\PLC\DUTs\IO\PDOs\InfoData_41C547A3.TcDUT(9) : error: Type definition expected instead of '.'
D:\github\Inxton\iXlinker\tests\test_projects\tabularasa\Beckhoff_EPPxxxx\Ts\PLC\DUTs\IO\PDOs\InfoData_41C547A3.TcDUT(11) : error: Type definition expected instead of '.'
D:\github\Inxton\iXlinker\tests\test_projects\tabularasa\Beckhoff_EPPxxxx\Ts\PLC\DUTs\IO\PDOs\InfoData_3B4F4E8A.TcDUT(9) : error: Type definition expected instead of '.'
D:\github\Inxton\iXlinker\tests\test_projects\tabularasa\Beckhoff_EPPxxxx\Ts\PLC\DUTs\IO\PDOs\InfoData_F796F579.TcDUT(9) : error: Type definition expected instead of '.'
D:\github\Inxton\iXlinker\tests\test_projects\tabularasa\Beckhoff_EPPxxxx\Ts\PLC\DUTs\IO\PDOs\InfoData_C76BEFB3.TcDUT(13) : error: Type definition expected instead of '.'
Compile complete -- 7 errors, 0 warnings
Build complete -- 7 errors, 0 warnings : no download possible!
WRN | 5/6/2022 6:49:44 PM 264 ms | 'TwinCAT XAE': Project 'PLC' build for platform 'TwinCAT RT (x64)' failed.
------ Build started: Project: Ts, Configuration: Release TwinCAT RT (x64) ------
Error: The operation could not be completed. Unspecified error 
========== Build: 0 succeeded or up-to-date, 2 failed, 0 skipped ==========

Build started...
------ Build started: Project: PLC, Configuration: Release TwinCAT RT (x64) ------
------ Build started: Application: Ts.PLC -------
typify code ...
D:\github\Inxton\iXlinker\tests\test_projects\tabularasa\Beckhoff_EPPxxxx\Ts\PLC\DUTs\IO\PDOs\Channel_830843C1.TcDUT : error: No definition found for base class 'InputBase_8311D824'
D:\github\Inxton\iXlinker\tests\test_projects\tabularasa\Beckhoff_EPPxxxx\Ts\PLC\DUTs\IO\PDOs\ID_Inputs_07C9D28F.TcDUT : error: No definition found for base class 'InputBase_8311D824'
D:\github\Inxton\iXlinker\tests\test_projects\tabularasa\Beckhoff_EPPxxxx\Ts\PLC\DUTs\IO\PDOs\InfoData_94A18F5E.TcDUT(9) : error: Type definition expected instead of '.'
D:\github\Inxton\iXlinker\tests\test_projects\tabularasa\Beckhoff_EPPxxxx\Ts\PLC\DUTs\IO\PDOs\InfoData_94A18F5E.TcDUT : error: No definition found for base class 'InputBase_8311D824'
D:\github\Inxton\iXlinker\tests\test_projects\tabularasa\Beckhoff_EPPxxxx\Ts\PLC\DUTs\IO\PDOs\Latch_8E413295.TcDUT : error: No definition found for base class 'InputBase_8311D824'
D:\github\Inxton\iXlinker\tests\test_projects\tabularasa\Beckhoff_EPPxxxx\Ts\PLC\DUTs\IO\PDOs\WcState_B516A264.TcDUT : error: No definition found for base class 'InputBase_8311D824'
D:\github\Inxton\iXlinker\tests\test_projects\tabularasa\Beckhoff_EPPxxxx\Ts\PLC\DUTs\IO\PDOs\InfoData_A7436BC6.TcDUT : error: No definition found for base class 'InputBase_8311D824'
D:\github\Inxton\iXlinker\tests\test_projects\tabularasa\Beckhoff_EPPxxxx\Ts\PLC\DUTs\IO\PDOs\CNT_Input_Channel_FF10BD3C.TcDUT : error: No definition found for base class 'InputBase_8311D824'
D:\github\Inxton\iXlinker\tests\test_projects\tabularasa\Beckhoff_EPPxxxx\Ts\PLC\DUTs\IO\PDOs\DIG_Inputs_CAFF6004.TcDUT : error: No definition found for base class 'InputBase_8311D824'
D:\github\Inxton\iXlinker\tests\test_projects\tabularasa\Beckhoff_EPPxxxx\Ts\PLC\DUTs\IO\PDOs\DIG_Inputs_Device_1F4E72EB.TcDUT : error: No definition found for base class 'InputBase_8311D824'
D:\github\Inxton\iXlinker\tests\test_projects\tabularasa\Beckhoff_EPPxxxx\Ts\PLC\DUTs\IO\PDOs\CNT_Output_Channel_550BB6DF.TcDUT : error: No definition found for base class 'OutputBase_10CEE7DE'
D:\github\Inxton\iXlinker\tests\test_projects\tabularasa\Beckhoff_EPPxxxx\Ts\PLC\DUTs\IO\PDOs\DIG_Inputs_Channel_ACAA0425.TcDUT : error: No definition found for base class 'InputBase_8311D824'
D:\github\Inxton\iXlinker\tests\test_projects\tabularasa\Beckhoff_EPPxxxx\Ts\PLC\DUTs\IO\PDOs\DIG_Inputs_Channel_CC455148.TcDUT : error: No definition found for base class 'InputBase_8311D824'
D:\github\Inxton\iXlinker\tests\test_projects\tabularasa\Beckhoff_EPPxxxx\Ts\PLC\DUTs\IO\PDOs\DIG_Inputs_Channel_38F9DD27.TcDUT : error: No definition found for base class 'InputBase_8311D824'
D:\github\Inxton\iXlinker\tests\test_projects\tabularasa\Beckhoff_EPPxxxx\Ts\PLC\DUTs\IO\PDOs\AI_Inputs_Channel_C3DE7A0A.TcDUT : error: No definition found for base class 'InputBase_8311D824'
D:\github\Inxton\iXlinker\tests\test_projects\tabularasa\Beckhoff_EPPxxxx\Ts\PLC\DUTs\IO\PDOs\DIG_Inputs_Device_B3EA4204.TcDUT : error: No definition found for base class 'InputBase_8311D824'
D:\github\Inxton\iXlinker\tests\test_projects\tabularasa\Beckhoff_EPPxxxx\Ts\PLC\DUTs\IO\PDOs\Channel_42CA91F7.TcDUT : error: No definition found for base class 'OutputBase_10CEE7DE'
D:\github\Inxton\iXlinker\tests\test_projects\tabularasa\Beckhoff_EPPxxxx\Ts\PLC\DUTs\IO\PDOs\Diag_Channel_830843C1.TcDUT : error: No definition found for base class 'InputBase_8311D824'
D:\github\Inxton\iXlinker\tests\test_projects\tabularasa\Beckhoff_EPPxxxx\Ts\PLC\DUTs\IO\PDOs\DIG_Inputs_CC455148.TcDUT : error: No definition found for base class 'InputBase_8311D824'
D:\github\Inxton\iXlinker\tests\test_projects\tabularasa\Beckhoff_EPPxxxx\Ts\PLC\DUTs\IO\PDOs\DIG_Diag_Inputs_584303BF.TcDUT : error: No definition found for base class 'InputBase_8311D824'
D:\github\Inxton\iXlinker\tests\test_projects\tabularasa\Beckhoff_EPPxxxx\Ts\PLC\DUTs\IO\PDOs\DIG_Inputs_Device_E94E5BF9.TcDUT : error: No definition found for base class 'InputBase_8311D824'
D:\github\Inxton\iXlinker\tests\test_projects\tabularasa\Beckhoff_EPPxxxx\Ts\PLC\DUTs\IO\PDOs\DIG_Outputs_28AC1A9E.TcDUT : error: No definition found for base class 'OutputBase_10CEE7DE'
D:\github\Inxton\iXlinker\tests\test_projects\tabularasa\Beckhoff_EPPxxxx\Ts\PLC\DUTs\IO\PDOs\DIG_Outputs_Device_36A5EF17.TcDUT : error: No definition found for base class 'OutputBase_10CEE7DE'
D:\github\Inxton\iXlinker\tests\test_projects\tabularasa\Beckhoff_EPPxxxx\Ts\PLC\DUTs\IO\PDOs\DIG_Inputs_2D77DD63.TcDUT : error: No definition found for base class 'InputBase_8311D824'
D:\github\Inxton\iXlinker\tests\test_projects\tabularasa\Beckhoff_EPPxxxx\Ts\PLC\DUTs\IO\PDOs\DI_Inputs_Channel_91AC31B7.TcDUT : error: No definition found for base class 'InputBase_8311D824'
D:\github\Inxton\iXlinker\tests\test_projects\tabularasa\Beckhoff_EPPxxxx\Ts\PLC\DUTs\IO\PDOs\DO_Outputs_Channel_28AC1A9E.TcDUT : error: No definition found for base class 'OutputBase_10CEE7DE'
D:\github\Inxton\iXlinker\tests\test_projects\tabularasa\Beckhoff_EPPxxxx\Ts\PLC\DUTs\IO\PDOs\DIG_Diag_Inputs_Channel_584303BF.TcDUT : error: No definition found for base class 'InputBase_8311D824'
D:\github\Inxton\iXlinker\tests\test_projects\tabularasa\Beckhoff_EPPxxxx\Ts\PLC\DUTs\IO\PDOs\DIG_Output_Channel_28AC1A9E.TcDUT : error: No definition found for base class 'OutputBase_10CEE7DE'
D:\github\Inxton\iXlinker\tests\test_projects\tabularasa\Beckhoff_EPPxxxx\Ts\PLC\DUTs\IO\PDOs\DIG_Outputs_Channel_28AC1A9E.TcDUT : error: No definition found for base class 'OutputBase_10CEE7DE'
D:\github\Inxton\iXlinker\tests\test_projects\tabularasa\Beckhoff_EPPxxxx\Ts\PLC\DUTs\IO\PDOs\DIG_Inputs_Device_27CCC866.TcDUT : error: No definition found for base class 'InputBase_8311D824'
D:\github\Inxton\iXlinker\tests\test_projects\tabularasa\Beckhoff_EPPxxxx\Ts\PLC\DUTs\IO\PDOs\AI_Standard_Channel_A8DF64E3.TcDUT : error: No definition found for base class 'InputBase_8311D824'
D:\github\Inxton\iXlinker\tests\test_projects\tabularasa\Beckhoff_EPPxxxx\Ts\PLC\DUTs\IO\PDOs\RTD_RTDInputs_Channel_A8DF64E3.TcDUT : error: No definition found for base class 'InputBase_8311D824'
D:\github\Inxton\iXlinker\tests\test_projects\tabularasa\Beckhoff_EPPxxxx\Ts\PLC\DUTs\IO\PDOs\AI_Standard_Channel_4A394481.TcDUT : error: No definition found for base class 'InputBase_8311D824'
D:\github\Inxton\iXlinker\tests\test_projects\tabularasa\Beckhoff_EPPxxxx\Ts\PLC\DUTs\IO\PDOs\Ch1_Status_75824485.TcDUT : error: No definition found for base class 'InputBase_8311D824'
D:\github\Inxton\iXlinker\tests\test_projects\tabularasa\Beckhoff_EPPxxxx\Ts\PLC\DUTs\IO\PDOs\Ch1_Sample_A71DD501.TcDUT : error: No definition found for base class 'InputBase_8311D824'
D:\github\Inxton\iXlinker\tests\test_projects\tabularasa\Beckhoff_EPPxxxx\Ts\PLC\DUTs\IO\PDOs\Ch2_Status_75824485.TcDUT : error: No definition found for base class 'InputBase_8311D824'
D:\github\Inxton\iXlinker\tests\test_projects\tabularasa\Beckhoff_EPPxxxx\Ts\PLC\DUTs\IO\PDOs\Ch2_Sample_9F6886E6.TcDUT : error: No definition found for base class 'InputBase_8311D824'
D:\github\Inxton\iXlinker\tests\test_projects\tabularasa\Beckhoff_EPPxxxx\Ts\PLC\DUTs\IO\PDOs\NextSync1Time_9AFDC275.TcDUT : error: No definition found for base class 'InputBase_8311D824'
D:\github\Inxton\iXlinker\tests\test_projects\tabularasa\Beckhoff_EPPxxxx\Ts\PLC\DUTs\IO\PDOs\Sample_Count_EA88CAD9.TcDUT : error: No definition found for base class 'InputBase_8311D824'
D:\github\Inxton\iXlinker\tests\test_projects\tabularasa\Beckhoff_EPPxxxx\Ts\PLC\DUTs\IO\PDOs\InfoData_1088C705.TcDUT(9) : error: Type definition expected instead of '.'
D:\github\Inxton\iXlinker\tests\test_projects\tabularasa\Beckhoff_EPPxxxx\Ts\PLC\DUTs\IO\PDOs\InfoData_1088C705.TcDUT : error: No definition found for base class 'InputBase_8311D824'
D:\github\Inxton\iXlinker\tests\test_projects\tabularasa\Beckhoff_EPPxxxx\Ts\PLC\DUTs\IO\PDOs\DIG_Inputs_697E0EF2.TcDUT : error: No definition found for base class 'InputBase_8311D824'
D:\github\Inxton\iXlinker\tests\test_projects\tabularasa\Beckhoff_EPPxxxx\Ts\PLC\DUTs\IO\PDOs\AI_Inputs_Channel_45213104.TcDUT : error: No definition found for base class 'InputBase_8311D824'
D:\github\Inxton\iXlinker\tests\test_projects\tabularasa\Beckhoff_EPPxxxx\Ts\PLC\DUTs\IO\PDOs\DEV_Inputs_Device_5F4E175E.TcDUT : error: No definition found for base class 'InputBase_8311D824'
D:\github\Inxton\iXlinker\tests\test_projects\tabularasa\Beckhoff_EPPxxxx\Ts\PLC\DUTs\IO\PDOs\DIG_Outputs_DE230DD5.TcDUT : error: No definition found for base class 'OutputBase_10CEE7DE'
D:\github\Inxton\iXlinker\tests\test_projects\tabularasa\Beckhoff_EPPxxxx\Ts\PLC\DUTs\IO\PDOs\DEV_Outputs_Device_59FFD247.TcDUT : error: No definition found for base class 'OutputBase_10CEE7DE'
D:\github\Inxton\iXlinker\tests\test_projects\tabularasa\Beckhoff_EPPxxxx\Ts\PLC\DUTs\IO\PDOs\AI_Inputs_Channel_5A86716D.TcDUT : error: No definition found for base class 'InputBase_8311D824'
D:\github\Inxton\iXlinker\tests\test_projects\tabularasa\Beckhoff_EPPxxxx\Ts\PLC\DUTs\IO\PDOs\AO_Output_Channel_BA7EBB7C.TcDUT : error: No definition found for base class 'OutputBase_10CEE7DE'
D:\github\Inxton\iXlinker\tests\test_projects\tabularasa\Beckhoff_EPPxxxx\Ts\PLC\DUTs\IO\PDOs\DI_Inputs_1F3A9325.TcDUT : error: No definition found for base class 'InputBase_8311D824'
D:\github\Inxton\iXlinker\tests\test_projects\tabularasa\Beckhoff_EPPxxxx\Ts\PLC\DUTs\IO\PDOs\AI_Inputs_Channel_A8DF64E3.TcDUT : error: No definition found for base class 'InputBase_8311D824'
D:\github\Inxton\iXlinker\tests\test_projects\tabularasa\Beckhoff_EPPxxxx\Ts\PLC\DUTs\IO\PDOs\SSI_Inputs_0E3D8E33.TcDUT : error: No definition found for base class 'InputBase_8311D824'
D:\github\Inxton\iXlinker\tests\test_projects\tabularasa\Beckhoff_EPPxxxx\Ts\PLC\DUTs\IO\PDOs\ENC_Status_compact_F4F89583.TcDUT : error: No definition found for base class 'InputBase_8311D824'
D:\github\Inxton\iXlinker\tests\test_projects\tabularasa\Beckhoff_EPPxxxx\Ts\PLC\DUTs\IO\PDOs\ENC_Control_compact_E6DC9B25.TcDUT : error: No definition found for base class 'OutputBase_10CEE7DE'
D:\github\Inxton\iXlinker\tests\test_projects\tabularasa\Beckhoff_EPPxxxx\Ts\PLC\DUTs\IO\PDOs\ENC_Status_compact_7D3464F3.TcDUT : error: No definition found for base class 'InputBase_8311D824'
D:\github\Inxton\iXlinker\tests\test_projects\tabularasa\Beckhoff_EPPxxxx\Ts\PLC\DUTs\IO\PDOs\ENC_Control_compact_21E2D14D.TcDUT : error: No definition found for base class 'OutputBase_10CEE7DE'
D:\github\Inxton\iXlinker\tests\test_projects\tabularasa\Beckhoff_EPPxxxx\Ts\PLC\DUTs\IO\PDOs\COM_Inputs_6C2FC202.TcDUT : error: No definition found for base class 'InputBase_8311D824'
D:\github\Inxton\iXlinker\tests\test_projects\tabularasa\Beckhoff_EPPxxxx\Ts\PLC\DUTs\IO\PDOs\COM_Outputs_5D00B5E7.TcDUT : error: No definition found for base class 'OutputBase_10CEE7DE'
D:\github\Inxton\iXlinker\tests\test_projects\tabularasa\Beckhoff_EPPxxxx\Ts\PLC\DUTs\IO\PDOs\COM_TxPDO_Map_Inputs_Channel_C252EAC2.TcDUT : error: No definition found for base class 'InputBase_8311D824'
D:\github\Inxton\iXlinker\tests\test_projects\tabularasa\Beckhoff_EPPxxxx\Ts\PLC\DUTs\IO\PDOs\COM_RxPDO_Map_Outputs_Channel_B336F4EE.TcDUT : error: No definition found for base class 'OutputBase_10CEE7DE'
D:\github\Inxton\iXlinker\tests\test_projects\tabularasa\Beckhoff_EPPxxxx\Ts\PLC\DUTs\IO\PDOs\COM_TxPDO_Map_Inputs_Channel_6C2FC202.TcDUT : error: No definition found for base class 'InputBase_8311D824'
D:\github\Inxton\iXlinker\tests\test_projects\tabularasa\Beckhoff_EPPxxxx\Ts\PLC\DUTs\IO\PDOs\COM_RxPDO_Map_Outputs_Channel_5D00B5E7.TcDUT : error: No definition found for base class 'OutputBase_10CEE7DE'
D:\github\Inxton\iXlinker\tests\test_projects\tabularasa\Beckhoff_EPPxxxx\Ts\PLC\DUTs\IO\PDOs\DIS_Inputs_E0E384E3.TcDUT : error: No definition found for base class 'InputBase_8311D824'
D:\github\Inxton\iXlinker\tests\test_projects\tabularasa\Beckhoff_EPPxxxx\Ts\PLC\DUTs\IO\PDOs\DIS_Outputs_6C9BFFEE.TcDUT : error: No definition found for base class 'OutputBase_10CEE7DE'
D:\github\Inxton\iXlinker\tests\test_projects\tabularasa\Beckhoff_EPPxxxx\Ts\PLC\DUTs\IO\PDOs\DeviceState_Inputs_Device_A1210598.TcDUT : error: No definition found for base class 'InputBase_8311D824'
D:\github\Inxton\iXlinker\tests\test_projects\tabularasa\Beckhoff_EPPxxxx\Ts\PLC\DUTs\IO\PDOs\DeviceState_Inputs_C7251DC9.TcDUT : error: No definition found for base class 'InputBase_8311D824'
D:\github\Inxton\iXlinker\tests\test_projects\tabularasa\Beckhoff_EPPxxxx\Ts\PLC\DUTs\IO\PDOs\Digital_Inputs_83D7E782.TcDUT : error: No definition found for base class 'InputBase_8311D824'
D:\github\Inxton\iXlinker\tests\test_projects\tabularasa\Beckhoff_EPPxxxx\Ts\PLC\DUTs\IO\PDOs\InfoData_41C547A3.TcDUT(9) : error: Type definition expected instead of '.'
D:\github\Inxton\iXlinker\tests\test_projects\tabularasa\Beckhoff_EPPxxxx\Ts\PLC\DUTs\IO\PDOs\InfoData_41C547A3.TcDUT(11) : error: Type definition expected instead of '.'
D:\github\Inxton\iXlinker\tests\test_projects\tabularasa\Beckhoff_EPPxxxx\Ts\PLC\DUTs\IO\PDOs\InfoData_41C547A3.TcDUT : error: No definition found for base class 'InputBase_8311D824'
D:\github\Inxton\iXlinker\tests\test_projects\tabularasa\Beckhoff_EPPxxxx\Ts\PLC\DUTs\IO\PDOs\ENC_Status_compact_4D066E1A.TcDUT : error: No definition found for base class 'InputBase_8311D824'
D:\github\Inxton\iXlinker\tests\test_projects\tabularasa\Beckhoff_EPPxxxx\Ts\PLC\DUTs\IO\PDOs\STM_Status_36ED096F.TcDUT : error: No definition found for base class 'InputBase_8311D824'
D:\github\Inxton\iXlinker\tests\test_projects\tabularasa\Beckhoff_EPPxxxx\Ts\PLC\DUTs\IO\PDOs\STM_Control_BA4CE352.TcDUT : error: No definition found for base class 'OutputBase_10CEE7DE'
D:\github\Inxton\iXlinker\tests\test_projects\tabularasa\Beckhoff_EPPxxxx\Ts\PLC\DUTs\IO\PDOs\STM_Velocity_A47A3F41.TcDUT : error: No definition found for base class 'OutputBase_10CEE7DE'
D:\github\Inxton\iXlinker\tests\test_projects\tabularasa\Beckhoff_EPPxxxx\Ts\PLC\DUTs\IO\PDOs\InfoData_3B4F4E8A.TcDUT(9) : error: Type definition expected instead of '.'
D:\github\Inxton\iXlinker\tests\test_projects\tabularasa\Beckhoff_EPPxxxx\Ts\PLC\DUTs\IO\PDOs\InfoData_3B4F4E8A.TcDUT : error: No definition found for base class 'InputBase_8311D824'
D:\github\Inxton\iXlinker\tests\test_projects\tabularasa\Beckhoff_EPPxxxx\Ts\PLC\DUTs\IO\PDOs\STM_Status_DE0D6B37.TcDUT : error: No definition found for base class 'InputBase_8311D824'
D:\github\Inxton\iXlinker\tests\test_projects\tabularasa\Beckhoff_EPPxxxx\Ts\PLC\DUTs\IO\PDOs\ENC_Status_compact_Channel_DC559AB0.TcDUT : error: No definition found for base class 'InputBase_8311D824'
D:\github\Inxton\iXlinker\tests\test_projects\tabularasa\Beckhoff_EPPxxxx\Ts\PLC\DUTs\IO\PDOs\DCM_Status_Channel_36ED096F.TcDUT : error: No definition found for base class 'InputBase_8311D824'
D:\github\Inxton\iXlinker\tests\test_projects\tabularasa\Beckhoff_EPPxxxx\Ts\PLC\DUTs\IO\PDOs\ENC_Control_compact_Channel_2E82BC43.TcDUT : error: No definition found for base class 'OutputBase_10CEE7DE'
D:\github\Inxton\iXlinker\tests\test_projects\tabularasa\Beckhoff_EPPxxxx\Ts\PLC\DUTs\IO\PDOs\DCM_Control_Channel_5A8B5016.TcDUT : error: No definition found for base class 'OutputBase_10CEE7DE'
D:\github\Inxton\iXlinker\tests\test_projects\tabularasa\Beckhoff_EPPxxxx\Ts\PLC\DUTs\IO\PDOs\DCM_Velocity_Channel_A47A3F41.TcDUT : error: No definition found for base class 'OutputBase_10CEE7DE'
D:\github\Inxton\iXlinker\tests\test_projects\tabularasa\Beckhoff_EPPxxxx\Ts\PLC\DUTs\IO\PDOs\InfoData_F796F579.TcDUT(9) : error: Type definition expected instead of '.'
D:\github\Inxton\iXlinker\tests\test_projects\tabularasa\Beckhoff_EPPxxxx\Ts\PLC\DUTs\IO\PDOs\InfoData_F796F579.TcDUT : error: No definition found for base class 'InputBase_8311D824'
D:\github\Inxton\iXlinker\tests\test_projects\tabularasa\Beckhoff_EPPxxxx\Ts\PLC\DUTs\IO\PDOs\EPM_Inputs_Channel_B9246B8D.TcDUT : error: No definition found for base class 'InputBase_8311D824'
D:\github\Inxton\iXlinker\tests\test_projects\tabularasa\Beckhoff_EPPxxxx\Ts\PLC\DUTs\IO\PDOs\InfoData_2A97D6CF.TcDUT : error: No definition found for base class 'InputBase_8311D824'
D:\github\Inxton\iXlinker\tests\test_projects\tabularasa\Beckhoff_EPPxxxx\Ts\PLC\DUTs\IO\PDOs\Inputs_25A0042B.TcDUT : error: No definition found for base class 'InputBase_8311D824'
D:\github\Inxton\iXlinker\tests\test_projects\tabularasa\Beckhoff_EPPxxxx\Ts\PLC\DUTs\IO\PDOs\Outputs_2397A10E.TcDUT : error: No definition found for base class 'OutputBase_10CEE7DE'
D:\github\Inxton\iXlinker\tests\test_projects\tabularasa\Beckhoff_EPPxxxx\Ts\PLC\DUTs\IO\PDOs\InfoData_C76BEFB3.TcDUT(13) : error: Type definition expected instead of '.'
D:\github\Inxton\iXlinker\tests\test_projects\tabularasa\Beckhoff_EPPxxxx\Ts\PLC\DUTs\IO\PDOs\InfoData_C76BEFB3.TcDUT : error: No definition found for base class 'InputBase_8311D824'
Compile complete -- 89 errors, 0 warnings
Build complete -- 89 errors, 0 warnings : no download possible!
WRN | 5/11/2022 8:18:24 PM 935 ms | 'TwinCAT XAE': Project 'PLC' build for platform 'TwinCAT RT (x64)' failed.
------ Build started: Project: Ts, Configuration: Release TwinCAT RT (x64) ------
Error: The operation could not be completed. Unspecified error 
========== Build: 0 succeeded or up-to-date, 2 failed, 0 skipped ==========

