Build started...
------ Build started: Project: PLC, Configuration: Release TwinCAT RT (x64) ------
------ Build started: Application: Ts.PLC -------
typify code ...
generate code...
generate global initializations ...
generate code initialization ...
generate relocations ...
Size of generated code: 147906 bytes
Size of global data: 34089 bytes
Total allocated memory size for code and data: 566424 bytes
Memory area 0 contains  Data, Input, Output, Memory, Code, Persistent Data and Nonsafe Data: size: 1048576 bytes, highest used address: 566424, largest contiguous memory gap: 482152 bytes (45 %)
Build complete -- 0 errors, 0 warnings : ready for download!
Generate TMC information ...
Import symbol information ...
PLC.PLC : message: generate boot information...
------ Build started: Project: Ts, Configuration: Release TwinCAT RT (x64) ------
Error: The operation could not be completed. Unspecified error 
========== Build: 1 succeeded or up-to-date, 1 failed, 0 skipped ==========

Build started...
------ Build started: Project: PLC, Configuration: Release TwinCAT RT (x64) ------
------ Build started: Application: Ts.PLC -------
typify code ...
generate code...
generate global initializations ...
generate code initialization ...
generate relocations ...
Size of generated code: 148694 bytes
Size of global data: 34337 bytes
Total allocated memory size for code and data: 567456 bytes
Memory area 0 contains  Data, Input, Output, Memory, Code, Persistent Data and Nonsafe Data: size: 1048576 bytes, highest used address: 567456, largest contiguous memory gap: 481120 bytes (45 %)
Build complete -- 0 errors, 0 warnings : ready for download!
Generate TMC information ...
Import symbol information ...
PLC.PLC : message: generate boot information...
------ Build started: Project: Ts, Configuration: Release TwinCAT RT (x64) ------
Error: The operation could not be completed. Unspecified error 
========== Build: 1 succeeded or up-to-date, 1 failed, 0 skipped ==========

Build started...
------ Build started: Project: PLC, Configuration: Release TwinCAT RT (x64) ------
------ Build started: Application: Ts.PLC -------
typify code ...
generate code...
generate global initializations ...
generate code initialization ...
generate relocations ...
Size of generated code: 148694 bytes
Size of global data: 34337 bytes
Total allocated memory size for code and data: 567456 bytes
Memory area 0 contains  Data, Input, Output, Memory, Code, Persistent Data and Nonsafe Data: size: 1048576 bytes, highest used address: 567456, largest contiguous memory gap: 481120 bytes (45 %)
Build complete -- 0 errors, 0 warnings : ready for download!
Generate TMC information ...
Import symbol information ...
PLC.PLC : message: generate boot information...
------ Build started: Project: Ts, Configuration: Release TwinCAT RT (x64) ------
Error: The operation could not be completed. Unspecified error 
========== Build: 1 succeeded or up-to-date, 1 failed, 0 skipped ==========

Build started...
------ Build started: Project: PLC, Configuration: Release TwinCAT RT (x64) ------
------ Build started: Application: Ts.PLC -------
typify code ...
generate code...
generate global initializations ...
generate code initialization ...
generate relocations ...
Size of generated code: 148694 bytes
Size of global data: 34337 bytes
Total allocated memory size for code and data: 567456 bytes
Memory area 0 contains  Data, Input, Output, Memory, Code, Persistent Data and Nonsafe Data: size: 1048576 bytes, highest used address: 567456, largest contiguous memory gap: 481120 bytes (45 %)
Build complete -- 0 errors, 0 warnings : ready for download!
Generate TMC information ...
Import symbol information ...
PLC.PLC : message: generate boot information...
------ Build started: Project: Ts, Configuration: Release TwinCAT RT (x64) ------
Error: The operation could not be completed. Unspecified error 
========== Build: 1 succeeded or up-to-date, 1 failed, 0 skipped ==========

Build started...
------ Build started: Project: PLC, Configuration: Release TwinCAT RT (x64) ------
------ Build started: Application: Ts.PLC -------
typify code ...
generate code...
generate global initializations ...
generate code initialization ...
generate relocations ...
Size of generated code: 148694 bytes
Size of global data: 34337 bytes
Total allocated memory size for code and data: 567456 bytes
Memory area 0 contains  Data, Input, Output, Memory, Code, Persistent Data and Nonsafe Data: size: 1048576 bytes, highest used address: 567456, largest contiguous memory gap: 481120 bytes (45 %)
Build complete -- 0 errors, 0 warnings : ready for download!
Generate TMC information ...
Import symbol information ...
PLC.PLC : message: generate boot information...
------ Build started: Project: Ts, Configuration: Release TwinCAT RT (x64) ------
Error: The operation could not be completed. Unspecified error 
========== Build: 1 succeeded or up-to-date, 1 failed, 0 skipped ==========

Build started...
------ Build started: Project: PLC, Configuration: Release TwinCAT RT (x64) ------
------ Build started: Application: Ts.PLC -------
typify code ...
generate code...
generate global initializations ...
generate code initialization ...
generate relocations ...
Size of generated code: 150734 bytes
Size of global data: 34381 bytes
Total allocated memory size for code and data: 569544 bytes
Memory area 0 contains  Data, Input, Output, Memory, Code, Persistent Data and Nonsafe Data: size: 1048576 bytes, highest used address: 569544, largest contiguous memory gap: 479032 bytes (45 %)
Build complete -- 0 errors, 0 warnings : ready for download!
Generate TMC information ...
Import symbol information ...
PLC.PLC : message: generate boot information...
------ Build started: Project: Ts, Configuration: Release TwinCAT RT (x64) ------
Error: The operation could not be completed. Unspecified error 
========== Build: 1 succeeded or up-to-date, 1 failed, 0 skipped ==========

Build started...
------ Build started: Project: PLC, Configuration: Release TwinCAT RT (x64) ------
------ Build started: Application: Ts.PLC -------
typify code ...
generate code...
generate global initializations ...
generate code initialization ...
generate relocations ...
Size of generated code: 150734 bytes
Size of global data: 34381 bytes
Total allocated memory size for code and data: 569544 bytes
Memory area 0 contains  Data, Input, Output, Memory, Code, Persistent Data and Nonsafe Data: size: 1048576 bytes, highest used address: 569544, largest contiguous memory gap: 479032 bytes (45 %)
Build complete -- 0 errors, 0 warnings : ready for download!
Generate TMC information ...
Import symbol information ...
PLC.PLC : message: generate boot information...
------ Build started: Project: Ts, Configuration: Release TwinCAT RT (x64) ------
Error: The operation could not be completed. Unspecified error 
========== Build: 1 succeeded or up-to-date, 1 failed, 0 skipped ==========

Build started...
------ Build started: Project: PLC, Configuration: Release TwinCAT RT (x64) ------
------ Build started: Application: Ts.PLC -------
typify code ...
generate code...
generate global initializations ...
generate code initialization ...
generate relocations ...
Size of generated code: 150734 bytes
Size of global data: 34381 bytes
Total allocated memory size for code and data: 569544 bytes
Memory area 0 contains  Data, Input, Output, Memory, Code, Persistent Data and Nonsafe Data: size: 1048576 bytes, highest used address: 569544, largest contiguous memory gap: 479032 bytes (45 %)
Build complete -- 0 errors, 0 warnings : ready for download!
Generate TMC information ...
Import symbol information ...
PLC.PLC : message: generate boot information...
------ Build started: Project: Ts, Configuration: Release TwinCAT RT (x64) ------
Error: The operation could not be completed. Unspecified error 
========== Build: 1 succeeded or up-to-date, 1 failed, 0 skipped ==========

Build started...
------ Build started: Project: PLC, Configuration: Release TwinCAT RT (x64) ------
------ Build started: Application: Ts.PLC -------
typify code ...
generate code...
generate global initializations ...
generate code initialization ...
generate relocations ...
Size of generated code: 150734 bytes
Size of global data: 34389 bytes
Total allocated memory size for code and data: 569552 bytes
Memory area 0 contains  Data, Input, Output, Memory, Code, Persistent Data and Nonsafe Data: size: 1048576 bytes, highest used address: 569552, largest contiguous memory gap: 479024 bytes (45 %)
Build complete -- 0 errors, 0 warnings : ready for download!
Generate TMC information ...
Import symbol information ...
PLC.PLC : message: generate boot information...
------ Build started: Project: Ts, Configuration: Release TwinCAT RT (x64) ------
Error: The operation could not be completed. Unspecified error 
========== Build: 1 succeeded or up-to-date, 1 failed, 0 skipped ==========

Build started...
------ Build started: Project: PLC, Configuration: Release TwinCAT RT (x64) ------
------ Build started: Application: Ts.PLC -------
typify code ...
generate code...
generate global initializations ...
generate code initialization ...
generate relocations ...
Size of generated code: 150734 bytes
Size of global data: 34389 bytes
Total allocated memory size for code and data: 569552 bytes
Memory area 0 contains  Data, Input, Output, Memory, Code, Persistent Data and Nonsafe Data: size: 1048576 bytes, highest used address: 569552, largest contiguous memory gap: 479024 bytes (45 %)
Build complete -- 0 errors, 0 warnings : ready for download!
Generate TMC information ...
Import symbol information ...
PLC.PLC : message: generate boot information...
------ Build started: Project: Ts, Configuration: Release TwinCAT RT (x64) ------
Error: The operation could not be completed. Unspecified error 
========== Build: 1 succeeded or up-to-date, 1 failed, 0 skipped ==========

Build started...
------ Build started: Project: PLC, Configuration: Release TwinCAT RT (x64) ------
------ Build started: Application: Ts.PLC -------
typify code ...
generate code...
generate global initializations ...
generate code initialization ...
generate relocations ...
Size of generated code: 150734 bytes
Size of global data: 34389 bytes
Total allocated memory size for code and data: 569552 bytes
Memory area 0 contains  Data, Input, Output, Memory, Code, Persistent Data and Nonsafe Data: size: 1048576 bytes, highest used address: 569552, largest contiguous memory gap: 479024 bytes (45 %)
Build complete -- 0 errors, 0 warnings : ready for download!
Generate TMC information ...
Import symbol information ...
PLC.PLC : message: generate boot information...
------ Build started: Project: Ts, Configuration: Release TwinCAT RT (x64) ------
Error: The operation could not be completed. Unspecified error 
========== Build: 1 succeeded or up-to-date, 1 failed, 0 skipped ==========

Build started...
------ Build started: Project: PLC, Configuration: Release TwinCAT RT (x64) ------
------ Build started: Application: Ts.PLC -------
typify code ...
generate code...
generate global initializations ...
generate code initialization ...
generate relocations ...
Size of generated code: 150734 bytes
Size of global data: 34389 bytes
Total allocated memory size for code and data: 569552 bytes
Memory area 0 contains  Data, Input, Output, Memory, Code, Persistent Data and Nonsafe Data: size: 1048576 bytes, highest used address: 569552, largest contiguous memory gap: 479024 bytes (45 %)
Build complete -- 0 errors, 0 warnings : ready for download!
Generate TMC information ...
Import symbol information ...
PLC.PLC : message: generate boot information...
------ Build started: Project: Ts, Configuration: Release TwinCAT RT (x64) ------
Error: The operation could not be completed. Unspecified error 
========== Build: 1 succeeded or up-to-date, 1 failed, 0 skipped ==========

Build started...
------ Build started: Project: PLC, Configuration: Release TwinCAT RT (x64) ------
------ Build started: Application: Ts.PLC -------
typify code ...
generate code...
generate global initializations ...
generate code initialization ...
generate relocations ...
Size of generated code: 150734 bytes
Size of global data: 34389 bytes
Total allocated memory size for code and data: 569552 bytes
Memory area 0 contains  Data, Input, Output, Memory, Code, Persistent Data and Nonsafe Data: size: 1048576 bytes, highest used address: 569552, largest contiguous memory gap: 479024 bytes (45 %)
Build complete -- 0 errors, 0 warnings : ready for download!
Generate TMC information ...
Import symbol information ...
PLC.PLC : message: generate boot information...
------ Build started: Project: Ts, Configuration: Release TwinCAT RT (x64) ------
Error: The operation could not be completed. Unspecified error 
========== Build: 1 succeeded or up-to-date, 1 failed, 0 skipped ==========

Build started...
------ Build started: Project: PLC, Configuration: Release TwinCAT RT (x64) ------
------ Build started: Application: Ts.PLC -------
typify code ...
generate code...
generate global initializations ...
generate code initialization ...
generate relocations ...
Size of generated code: 150838 bytes
Size of global data: 34445 bytes
Total allocated memory size for code and data: 569712 bytes
Memory area 0 contains  Data, Input, Output, Memory, Code, Persistent Data and Nonsafe Data: size: 1048576 bytes, highest used address: 569712, largest contiguous memory gap: 478864 bytes (45 %)
Build complete -- 0 errors, 0 warnings : ready for download!
Generate TMC information ...
Import symbol information ...
PLC.PLC : message: generate boot information...
------ Build started: Project: Ts, Configuration: Release TwinCAT RT (x64) ------
Error: The operation could not be completed. Unspecified error 
========== Build: 1 succeeded or up-to-date, 1 failed, 0 skipped ==========

Build started...
------ Build started: Project: PLC, Configuration: Release TwinCAT RT (x64) ------
------ Build started: Application: Ts.PLC -------
typify code ...
generate code...
generate global initializations ...
generate code initialization ...
generate relocations ...
Size of generated code: 150942 bytes
Size of global data: 34505 bytes
Total allocated memory size for code and data: 569872 bytes
Memory area 0 contains  Data, Input, Output, Memory, Code, Persistent Data and Nonsafe Data: size: 1048576 bytes, highest used address: 569872, largest contiguous memory gap: 478704 bytes (45 %)
Build complete -- 0 errors, 0 warnings : ready for download!
Generate TMC information ...
Import symbol information ...
PLC.PLC : message: generate boot information...
------ Build started: Project: Ts, Configuration: Release TwinCAT RT (x64) ------
Error: The operation could not be completed. Unspecified error 
========== Build: 1 succeeded or up-to-date, 1 failed, 0 skipped ==========

Build started...
------ Build started: Project: PLC, Configuration: Release TwinCAT RT (x64) ------
------ Build started: Application: Ts.PLC -------
typify code ...
generate code...
generate global initializations ...
generate code initialization ...
generate relocations ...
Size of generated code: 151038 bytes
Size of global data: 34549 bytes
Total allocated memory size for code and data: 570016 bytes
Memory area 0 contains  Data, Input, Output, Memory, Code, Persistent Data and Nonsafe Data: size: 1048576 bytes, highest used address: 570016, largest contiguous memory gap: 478560 bytes (45 %)
Build complete -- 0 errors, 0 warnings : ready for download!
Generate TMC information ...
Import symbol information ...
PLC.PLC : message: generate boot information...
------ Build started: Project: Ts, Configuration: Release TwinCAT RT (x64) ------
Error: The operation could not be completed. Unspecified error 
========== Build: 1 succeeded or up-to-date, 1 failed, 0 skipped ==========

Build started...
------ Build started: Project: PLC, Configuration: Release TwinCAT RT (x64) ------
------ Build started: Application: Ts.PLC -------
typify code ...
D:\github\Inxton\iXlinker\tests\test_projects\tabularasa\Beckhoff_BKCUCX\Ts\PLC\DUTs\IO\PDOs\InfoData_41C547A3.TcDUT(9) : error: Type definition expected instead of '.'
D:\github\Inxton\iXlinker\tests\test_projects\tabularasa\Beckhoff_BKCUCX\Ts\PLC\DUTs\IO\PDOs\InfoData_41C547A3.TcDUT(11) : error: Type definition expected instead of '.'
D:\github\Inxton\iXlinker\tests\test_projects\tabularasa\Beckhoff_BKCUCX\Ts\PLC\DUTs\IO\PDOs\InfoData_94A18F5E.TcDUT(9) : error: Type definition expected instead of '.'
D:\github\Inxton\iXlinker\tests\test_projects\tabularasa\Beckhoff_BKCUCX\Ts\PLC\DUTs\IO\PDOs\InfoData_C76BEFB3.TcDUT(13) : error: Type definition expected instead of '.'
Compile complete -- 4 errors, 0 warnings
Build complete -- 4 errors, 0 warnings : no download possible!
WRN | 5/4/2022 8:38:03 PM 611 ms | 'TwinCAT XAE': Project 'PLC' build for platform 'TwinCAT RT (x64)' failed.
------ Build started: Project: Ts, Configuration: Release TwinCAT RT (x64) ------
Error: The operation could not be completed. Unspecified error 
========== Build: 0 succeeded or up-to-date, 2 failed, 0 skipped ==========

Build started...
------ Build started: Project: PLC, Configuration: Release TwinCAT RT (x64) ------
------ Build started: Application: Ts.PLC -------
typify code ...
D:\github\Inxton\iXlinker\tests\test_projects\tabularasa\Beckhoff_BKCUCX\Ts\PLC\DUTs\IO\PDOs\InfoData_41C547A3.TcDUT(9) : error: Type definition expected instead of '.'
D:\github\Inxton\iXlinker\tests\test_projects\tabularasa\Beckhoff_BKCUCX\Ts\PLC\DUTs\IO\PDOs\InfoData_41C547A3.TcDUT(11) : error: Type definition expected instead of '.'
D:\github\Inxton\iXlinker\tests\test_projects\tabularasa\Beckhoff_BKCUCX\Ts\PLC\DUTs\IO\PDOs\InfoData_94A18F5E.TcDUT(9) : error: Type definition expected instead of '.'
D:\github\Inxton\iXlinker\tests\test_projects\tabularasa\Beckhoff_BKCUCX\Ts\PLC\DUTs\IO\PDOs\InfoData_C76BEFB3.TcDUT(13) : error: Type definition expected instead of '.'
Compile complete -- 4 errors, 0 warnings
Build complete -- 4 errors, 0 warnings : no download possible!
WRN | 5/4/2022 9:15:49 PM 454 ms | 'TwinCAT XAE': Project 'PLC' build for platform 'TwinCAT RT (x64)' failed.
------ Build started: Project: Ts, Configuration: Release TwinCAT RT (x64) ------
Error: The operation could not be completed. Unspecified error 
========== Build: 0 succeeded or up-to-date, 2 failed, 0 skipped ==========

Build started...
------ Build started: Project: PLC, Configuration: Release TwinCAT RT (x64) ------
------ Build started: Application: Ts.PLC -------
typify code ...
D:\github\Inxton\iXlinker\tests\test_projects\tabularasa\Beckhoff_BKCUCX\Ts\PLC\DUTs\IO\PDOs\InfoData_41C547A3.TcDUT(9) : error: Type definition expected instead of '.'
D:\github\Inxton\iXlinker\tests\test_projects\tabularasa\Beckhoff_BKCUCX\Ts\PLC\DUTs\IO\PDOs\InfoData_41C547A3.TcDUT(11) : error: Type definition expected instead of '.'
D:\github\Inxton\iXlinker\tests\test_projects\tabularasa\Beckhoff_BKCUCX\Ts\PLC\DUTs\IO\PDOs\InfoData_94A18F5E.TcDUT(9) : error: Type definition expected instead of '.'
D:\github\Inxton\iXlinker\tests\test_projects\tabularasa\Beckhoff_BKCUCX\Ts\PLC\DUTs\IO\PDOs\InfoData_C76BEFB3.TcDUT(13) : error: Type definition expected instead of '.'
Compile complete -- 4 errors, 0 warnings
Build complete -- 4 errors, 0 warnings : no download possible!
WRN | 5/4/2022 9:33:58 PM 831 ms | 'TwinCAT XAE': Project 'PLC' build for platform 'TwinCAT RT (x64)' failed.
------ Build started: Project: Ts, Configuration: Release TwinCAT RT (x64) ------
Error: The operation could not be completed. Unspecified error 
========== Build: 0 succeeded or up-to-date, 2 failed, 0 skipped ==========

Build started...
------ Build started: Project: PLC, Configuration: Release TwinCAT RT (x64) ------
------ Build started: Application: Ts.PLC -------
typify code ...
D:\github\Inxton\iXlinker\tests\test_projects\tabularasa\Beckhoff_BKCUCX\Ts\PLC\DUTs\IO\PDOs\InfoData_41C547A3.TcDUT(9) : error: Type definition expected instead of '.'
D:\github\Inxton\iXlinker\tests\test_projects\tabularasa\Beckhoff_BKCUCX\Ts\PLC\DUTs\IO\PDOs\InfoData_41C547A3.TcDUT(11) : error: Type definition expected instead of '.'
D:\github\Inxton\iXlinker\tests\test_projects\tabularasa\Beckhoff_BKCUCX\Ts\PLC\DUTs\IO\PDOs\InfoData_94A18F5E.TcDUT(9) : error: Type definition expected instead of '.'
D:\github\Inxton\iXlinker\tests\test_projects\tabularasa\Beckhoff_BKCUCX\Ts\PLC\DUTs\IO\PDOs\InfoData_C76BEFB3.TcDUT(13) : error: Type definition expected instead of '.'
Compile complete -- 4 errors, 0 warnings
Build complete -- 4 errors, 0 warnings : no download possible!
WRN | 5/5/2022 4:03:52 PM 064 ms | 'TwinCAT XAE': Project 'PLC' build for platform 'TwinCAT RT (x64)' failed.
------ Build started: Project: Ts, Configuration: Release TwinCAT RT (x64) ------
Error: The operation could not be completed. Unspecified error 
========== Build: 0 succeeded or up-to-date, 2 failed, 0 skipped ==========

Build started...
------ Build started: Project: PLC, Configuration: Release TwinCAT RT (x64) ------
------ Build started: Application: Ts.PLC -------
typify code ...
D:\github\Inxton\iXlinker\tests\test_projects\tabularasa\Beckhoff_BKCUCX\Ts\PLC\DUTs\IO\PDOs\InfoData_41C547A3.TcDUT(9) : error: Type definition expected instead of '.'
D:\github\Inxton\iXlinker\tests\test_projects\tabularasa\Beckhoff_BKCUCX\Ts\PLC\DUTs\IO\PDOs\InfoData_41C547A3.TcDUT(11) : error: Type definition expected instead of '.'
D:\github\Inxton\iXlinker\tests\test_projects\tabularasa\Beckhoff_BKCUCX\Ts\PLC\DUTs\IO\PDOs\InfoData_94A18F5E.TcDUT(9) : error: Type definition expected instead of '.'
D:\github\Inxton\iXlinker\tests\test_projects\tabularasa\Beckhoff_BKCUCX\Ts\PLC\DUTs\IO\PDOs\InfoData_C76BEFB3.TcDUT(13) : error: Type definition expected instead of '.'
Compile complete -- 4 errors, 0 warnings
Build complete -- 4 errors, 0 warnings : no download possible!
WRN | 5/5/2022 4:11:44 PM 255 ms | 'TwinCAT XAE': Project 'PLC' build for platform 'TwinCAT RT (x64)' failed.
------ Build started: Project: Ts, Configuration: Release TwinCAT RT (x64) ------
Error: The operation could not be completed. Unspecified error 
========== Build: 0 succeeded or up-to-date, 2 failed, 0 skipped ==========

Build started...
------ Build started: Project: PLC, Configuration: Release TwinCAT RT (x64) ------
------ Build started: Application: Ts.PLC -------
typify code ...
D:\github\Inxton\iXlinker\tests\test_projects\tabularasa\Beckhoff_BKCUCX\Ts\PLC\DUTs\IO\PDOs\InfoData_41C547A3.TcDUT(9) : error: Type definition expected instead of '.'
D:\github\Inxton\iXlinker\tests\test_projects\tabularasa\Beckhoff_BKCUCX\Ts\PLC\DUTs\IO\PDOs\InfoData_41C547A3.TcDUT(11) : error: Type definition expected instead of '.'
D:\github\Inxton\iXlinker\tests\test_projects\tabularasa\Beckhoff_BKCUCX\Ts\PLC\DUTs\IO\PDOs\InfoData_94A18F5E.TcDUT(9) : error: Type definition expected instead of '.'
D:\github\Inxton\iXlinker\tests\test_projects\tabularasa\Beckhoff_BKCUCX\Ts\PLC\DUTs\IO\PDOs\InfoData_C76BEFB3.TcDUT(13) : error: Type definition expected instead of '.'
Compile complete -- 4 errors, 0 warnings
Build complete -- 4 errors, 0 warnings : no download possible!
WRN | 5/6/2022 4:06:15 PM 298 ms | 'TwinCAT XAE': Project 'PLC' build for platform 'TwinCAT RT (x64)' failed.
------ Build started: Project: Ts, Configuration: Release TwinCAT RT (x64) ------
Error: The operation could not be completed. Unspecified error 
========== Build: 0 succeeded or up-to-date, 2 failed, 0 skipped ==========

Build started...
------ Build started: Project: PLC, Configuration: Release TwinCAT RT (x64) ------
------ Build started: Application: Ts.PLC -------
typify code ...
D:\github\Inxton\iXlinker\tests\test_projects\tabularasa\Beckhoff_BKCUCX\Ts\PLC\DUTs\IO\PDOs\InfoData_41C547A3.TcDUT(9) : error: Type definition expected instead of '.'
D:\github\Inxton\iXlinker\tests\test_projects\tabularasa\Beckhoff_BKCUCX\Ts\PLC\DUTs\IO\PDOs\InfoData_41C547A3.TcDUT(11) : error: Type definition expected instead of '.'
D:\github\Inxton\iXlinker\tests\test_projects\tabularasa\Beckhoff_BKCUCX\Ts\PLC\DUTs\IO\PDOs\InfoData_94A18F5E.TcDUT(9) : error: Type definition expected instead of '.'
D:\github\Inxton\iXlinker\tests\test_projects\tabularasa\Beckhoff_BKCUCX\Ts\PLC\DUTs\IO\PDOs\InfoData_C76BEFB3.TcDUT(13) : error: Type definition expected instead of '.'
Compile complete -- 4 errors, 0 warnings
Build complete -- 4 errors, 0 warnings : no download possible!
WRN | 5/6/2022 6:49:35 PM 891 ms | 'TwinCAT XAE': Project 'PLC' build for platform 'TwinCAT RT (x64)' failed.
------ Build started: Project: Ts, Configuration: Release TwinCAT RT (x64) ------
Error: The operation could not be completed. Unspecified error 
========== Build: 0 succeeded or up-to-date, 2 failed, 0 skipped ==========

Build started...
------ Build started: Project: PLC, Configuration: Release TwinCAT RT (x64) ------
------ Build started: Application: Ts.PLC -------
typify code ...
D:\github\Inxton\iXlinker\tests\test_projects\tabularasa\Beckhoff_BKCUCX\Ts\PLC\DUTs\IO\PDOs\Inputs_CC16D1F4.TcDUT : error: No definition found for base class 'InputBase_8311D824'
D:\github\Inxton\iXlinker\tests\test_projects\tabularasa\Beckhoff_BKCUCX\Ts\PLC\DUTs\IO\PDOs\Outputs_D8BAB3B3.TcDUT : error: No definition found for base class 'InputBase_8311D824'
D:\github\Inxton\iXlinker\tests\test_projects\tabularasa\Beckhoff_BKCUCX\Ts\PLC\DUTs\IO\PDOs\InfoData_41C547A3.TcDUT(9) : error: Type definition expected instead of '.'
D:\github\Inxton\iXlinker\tests\test_projects\tabularasa\Beckhoff_BKCUCX\Ts\PLC\DUTs\IO\PDOs\InfoData_41C547A3.TcDUT(11) : error: Type definition expected instead of '.'
D:\github\Inxton\iXlinker\tests\test_projects\tabularasa\Beckhoff_BKCUCX\Ts\PLC\DUTs\IO\PDOs\InfoData_41C547A3.TcDUT : error: No definition found for base class 'InputBase_8311D824'
D:\github\Inxton\iXlinker\tests\test_projects\tabularasa\Beckhoff_BKCUCX\Ts\PLC\DUTs\IO\PDOs\Channel_87C95E76.TcDUT : error: No definition found for base class 'InputBase_8311D824'
D:\github\Inxton\iXlinker\tests\test_projects\tabularasa\Beckhoff_BKCUCX\Ts\PLC\DUTs\IO\PDOs\InfoData_94A18F5E.TcDUT(9) : error: Type definition expected instead of '.'
D:\github\Inxton\iXlinker\tests\test_projects\tabularasa\Beckhoff_BKCUCX\Ts\PLC\DUTs\IO\PDOs\InfoData_94A18F5E.TcDUT : error: No definition found for base class 'InputBase_8311D824'
D:\github\Inxton\iXlinker\tests\test_projects\tabularasa\Beckhoff_BKCUCX\Ts\PLC\DUTs\IO\PDOs\EPM_Inputs_Channel_385E794A.TcDUT : error: No definition found for base class 'InputBase_8311D824'
D:\github\Inxton\iXlinker\tests\test_projects\tabularasa\Beckhoff_BKCUCX\Ts\PLC\DUTs\IO\PDOs\Device_Status_Mapping_61F79077.TcDUT : error: No definition found for base class 'InputBase_8311D824'
D:\github\Inxton\iXlinker\tests\test_projects\tabularasa\Beckhoff_BKCUCX\Ts\PLC\DUTs\IO\PDOs\Channel_954C2EED.TcDUT : error: No definition found for base class 'InputBase_8311D824'
D:\github\Inxton\iXlinker\tests\test_projects\tabularasa\Beckhoff_BKCUCX\Ts\PLC\DUTs\IO\PDOs\Channel_65B76600.TcDUT : error: No definition found for base class 'InputBase_8311D824'
D:\github\Inxton\iXlinker\tests\test_projects\tabularasa\Beckhoff_BKCUCX\Ts\PLC\DUTs\IO\PDOs\Channel_22DCD695.TcDUT : error: No definition found for base class 'InputBase_8311D824'
D:\github\Inxton\iXlinker\tests\test_projects\tabularasa\Beckhoff_BKCUCX\Ts\PLC\DUTs\IO\PDOs\Channel_460B8C40.TcDUT : error: No definition found for base class 'OutputBase_10CEE7DE'
D:\github\Inxton\iXlinker\tests\test_projects\tabularasa\Beckhoff_BKCUCX\Ts\PLC\DUTs\IO\PDOs\Channel_26FC8FD8.TcDUT : error: No definition found for base class 'OutputBase_10CEE7DE'
D:\github\Inxton\iXlinker\tests\test_projects\tabularasa\Beckhoff_BKCUCX\Ts\PLC\DUTs\IO\PDOs\Channel_64AAC8C7.TcDUT : error: No definition found for base class 'InputBase_8311D824'
D:\github\Inxton\iXlinker\tests\test_projects\tabularasa\Beckhoff_BKCUCX\Ts\PLC\DUTs\IO\PDOs\Diag_1F4F4573.TcDUT : error: No definition found for base class 'InputBase_8311D824'
D:\github\Inxton\iXlinker\tests\test_projects\tabularasa\Beckhoff_BKCUCX\Ts\PLC\DUTs\IO\PDOs\InfoData_2A97D6CF.TcDUT : error: No definition found for base class 'InputBase_8311D824'
D:\github\Inxton\iXlinker\tests\test_projects\tabularasa\Beckhoff_BKCUCX\Ts\PLC\DUTs\IO\PDOs\Inputs_25A0042B.TcDUT : error: No definition found for base class 'InputBase_8311D824'
D:\github\Inxton\iXlinker\tests\test_projects\tabularasa\Beckhoff_BKCUCX\Ts\PLC\DUTs\IO\PDOs\Outputs_2397A10E.TcDUT : error: No definition found for base class 'OutputBase_10CEE7DE'
D:\github\Inxton\iXlinker\tests\test_projects\tabularasa\Beckhoff_BKCUCX\Ts\PLC\DUTs\IO\PDOs\InfoData_C76BEFB3.TcDUT(13) : error: Type definition expected instead of '.'
D:\github\Inxton\iXlinker\tests\test_projects\tabularasa\Beckhoff_BKCUCX\Ts\PLC\DUTs\IO\PDOs\InfoData_C76BEFB3.TcDUT : error: No definition found for base class 'InputBase_8311D824'
Compile complete -- 22 errors, 0 warnings
Build complete -- 22 errors, 0 warnings : no download possible!
WRN | 5/11/2022 8:18:10 PM 638 ms | 'TwinCAT XAE': Project 'PLC' build for platform 'TwinCAT RT (x64)' failed.
------ Build started: Project: Ts, Configuration: Release TwinCAT RT (x64) ------
Error: The operation could not be completed. Unspecified error 
========== Build: 0 succeeded or up-to-date, 2 failed, 0 skipped ==========

Build started...
------ Build started: Project: PLC, Configuration: Release TwinCAT RT (x64) ------
------ Build started: Application: Ts.PLC -------
typify code ...
D:\github\Inxton\iXlinker\tests\test_projects\tabularasa\Beckhoff_BKCUCX\Ts\PLC\DUTs\IO\PDOs\Inputs_CC16D1F4.TcDUT : error: No definition found for base class 'InputBase_8311D824'
D:\github\Inxton\iXlinker\tests\test_projects\tabularasa\Beckhoff_BKCUCX\Ts\PLC\DUTs\IO\PDOs\Outputs_D8BAB3B3.TcDUT : error: No definition found for base class 'InputBase_8311D824'
D:\github\Inxton\iXlinker\tests\test_projects\tabularasa\Beckhoff_BKCUCX\Ts\PLC\DUTs\IO\PDOs\InfoData_41C547A3.TcDUT(9) : error: Type definition expected instead of '.'
D:\github\Inxton\iXlinker\tests\test_projects\tabularasa\Beckhoff_BKCUCX\Ts\PLC\DUTs\IO\PDOs\InfoData_41C547A3.TcDUT(11) : error: Type definition expected instead of '.'
D:\github\Inxton\iXlinker\tests\test_projects\tabularasa\Beckhoff_BKCUCX\Ts\PLC\DUTs\IO\PDOs\InfoData_41C547A3.TcDUT : error: No definition found for base class 'InputBase_8311D824'
D:\github\Inxton\iXlinker\tests\test_projects\tabularasa\Beckhoff_BKCUCX\Ts\PLC\DUTs\IO\PDOs\Channel_87C95E76.TcDUT : error: No definition found for base class 'InputBase_8311D824'
D:\github\Inxton\iXlinker\tests\test_projects\tabularasa\Beckhoff_BKCUCX\Ts\PLC\DUTs\IO\PDOs\InfoData_94A18F5E.TcDUT(9) : error: Type definition expected instead of '.'
D:\github\Inxton\iXlinker\tests\test_projects\tabularasa\Beckhoff_BKCUCX\Ts\PLC\DUTs\IO\PDOs\InfoData_94A18F5E.TcDUT : error: No definition found for base class 'InputBase_8311D824'
D:\github\Inxton\iXlinker\tests\test_projects\tabularasa\Beckhoff_BKCUCX\Ts\PLC\DUTs\IO\PDOs\EPM_Inputs_Channel_385E794A.TcDUT : error: No definition found for base class 'InputBase_8311D824'
D:\github\Inxton\iXlinker\tests\test_projects\tabularasa\Beckhoff_BKCUCX\Ts\PLC\DUTs\IO\PDOs\Device_Status_Mapping_61F79077.TcDUT : error: No definition found for base class 'InputBase_8311D824'
D:\github\Inxton\iXlinker\tests\test_projects\tabularasa\Beckhoff_BKCUCX\Ts\PLC\DUTs\IO\PDOs\Channel_954C2EED.TcDUT : error: No definition found for base class 'InputBase_8311D824'
D:\github\Inxton\iXlinker\tests\test_projects\tabularasa\Beckhoff_BKCUCX\Ts\PLC\DUTs\IO\PDOs\Channel_65B76600.TcDUT : error: No definition found for base class 'InputBase_8311D824'
D:\github\Inxton\iXlinker\tests\test_projects\tabularasa\Beckhoff_BKCUCX\Ts\PLC\DUTs\IO\PDOs\Channel_22DCD695.TcDUT : error: No definition found for base class 'InputBase_8311D824'
D:\github\Inxton\iXlinker\tests\test_projects\tabularasa\Beckhoff_BKCUCX\Ts\PLC\DUTs\IO\PDOs\Channel_460B8C40.TcDUT : error: No definition found for base class 'OutputBase_10CEE7DE'
D:\github\Inxton\iXlinker\tests\test_projects\tabularasa\Beckhoff_BKCUCX\Ts\PLC\DUTs\IO\PDOs\Channel_26FC8FD8.TcDUT : error: No definition found for base class 'OutputBase_10CEE7DE'
D:\github\Inxton\iXlinker\tests\test_projects\tabularasa\Beckhoff_BKCUCX\Ts\PLC\DUTs\IO\PDOs\Channel_64AAC8C7.TcDUT : error: No definition found for base class 'InputBase_8311D824'
D:\github\Inxton\iXlinker\tests\test_projects\tabularasa\Beckhoff_BKCUCX\Ts\PLC\DUTs\IO\PDOs\Diag_1F4F4573.TcDUT : error: No definition found for base class 'InputBase_8311D824'
D:\github\Inxton\iXlinker\tests\test_projects\tabularasa\Beckhoff_BKCUCX\Ts\PLC\DUTs\IO\PDOs\InfoData_2A97D6CF.TcDUT : error: No definition found for base class 'InputBase_8311D824'
D:\github\Inxton\iXlinker\tests\test_projects\tabularasa\Beckhoff_BKCUCX\Ts\PLC\DUTs\IO\PDOs\Inputs_25A0042B.TcDUT : error: No definition found for base class 'InputBase_8311D824'
D:\github\Inxton\iXlinker\tests\test_projects\tabularasa\Beckhoff_BKCUCX\Ts\PLC\DUTs\IO\PDOs\Outputs_2397A10E.TcDUT : error: No definition found for base class 'OutputBase_10CEE7DE'
D:\github\Inxton\iXlinker\tests\test_projects\tabularasa\Beckhoff_BKCUCX\Ts\PLC\DUTs\IO\PDOs\InfoData_C76BEFB3.TcDUT(13) : error: Type definition expected instead of '.'
D:\github\Inxton\iXlinker\tests\test_projects\tabularasa\Beckhoff_BKCUCX\Ts\PLC\DUTs\IO\PDOs\InfoData_C76BEFB3.TcDUT : error: No definition found for base class 'InputBase_8311D824'
Compile complete -- 22 errors, 0 warnings
Build complete -- 22 errors, 0 warnings : no download possible!
WRN | 5/18/2022 9:33:42 AM 686 ms | 'TwinCAT XAE': Project 'PLC' build for platform 'TwinCAT RT (x64)' failed.
------ Build started: Project: Ts, Configuration: Release TwinCAT RT (x64) ------
Error: The operation could not be completed. Unspecified error 
========== Build: 0 succeeded or up-to-date, 2 failed, 0 skipped ==========


Package 'DslDefinitionModelPackage' failed to load.

Package 'DslDefinitionModelPackage' failed to load.

Package 'DslDefinitionModelPackage' failed to load.

Package 'DslDefinitionModelPackage' failed to load.

Package 'DslDefinitionModelPackage' failed to load.
Build started...
------ Build started: Project: PLC, Configuration: Release TwinCAT RT (x64) ------
------ Build started: Application: Ts.PLC -------
typify code ...
D:\github\Inxton\iXlinker\tests\test_projects\tabularasa\Beckhoff_BKCUCX\Ts\PLC\DUTs\IO\PDOs\InfoData_41C547A3.TcDUT(9) : error: Type definition expected instead of '.'
D:\github\Inxton\iXlinker\tests\test_projects\tabularasa\Beckhoff_BKCUCX\Ts\PLC\DUTs\IO\PDOs\InfoData_41C547A3.TcDUT(11) : error: Type definition expected instead of '.'
D:\github\Inxton\iXlinker\tests\test_projects\tabularasa\Beckhoff_BKCUCX\Ts\PLC\DUTs\IO\PDOs\InfoData_94A18F5E.TcDUT(9) : error: Type definition expected instead of '.'
D:\github\Inxton\iXlinker\tests\test_projects\tabularasa\Beckhoff_BKCUCX\Ts\PLC\DUTs\IO\PDOs\InfoData_C76BEFB3.TcDUT(13) : error: Type definition expected instead of '.'
Compile complete -- 4 errors, 0 warnings
Build complete -- 4 errors, 0 warnings : no download possible!
WRN | 5/21/2022 6:38:49 PM 168 ms | 'TwinCAT XAE': Project 'PLC' build for platform 'TwinCAT RT (x64)' failed.
------ Build started: Project: Ts, Configuration: Release TwinCAT RT (x64) ------
Error: The operation could not be completed. Unspecified error 
========== Build: 0 succeeded or up-to-date, 2 failed, 0 skipped ==========


Package 'DslDefinitionModelPackage' failed to load.

Package 'DslDefinitionModelPackage' failed to load.

Package 'DslDefinitionModelPackage' failed to load.

Package 'DslDefinitionModelPackage' failed to load.

Package 'DslDefinitionModelPackage' failed to load.
Build started...
------ Build started: Project: PLC, Configuration: Release TwinCAT RT (x64) ------
------ Build started: Application: Ts.PLC -------
typify code ...
generate code...
generate global initializations ...
generate code initialization ...
generate relocations ...
Size of generated code: 151990 bytes
Size of global data: 34573 bytes
Total allocated memory size for code and data: 570992 bytes
Memory area 0 contains  Data, Input, Output, Memory, Code, Persistent Data and Nonsafe Data: size: 1048576 bytes, highest used address: 570992, largest contiguous memory gap: 477584 bytes (45 %)
Build complete -- 0 errors, 0 warnings : ready for download!
Generate TMC information ...
Import symbol information ...
PLC.PLC : message: generate boot information...
------ Build started: Project: Ts, Configuration: Release TwinCAT RT (x64) ------
Error: The operation could not be completed. Unspecified error 
========== Build: 1 succeeded or up-to-date, 1 failed, 0 skipped ==========

