Build started...
------ Build started: Project: PLC, Configuration: Release TwinCAT RT (x64) ------
------ Build started: Application: Ts.PLC -------
typify code ...
generate code...
generate global initializations ...
generate code initialization ...
generate relocations ...
Size of generated code: 130586 bytes
Size of global data: 33861 bytes
Total allocated memory size for code and data: 548880 bytes
Memory area 0 contains  Data, Input, Output, Memory, Code, Persistent Data and Nonsafe Data: size: 1048576 bytes, highest used address: 548880, largest contiguous memory gap: 499696 bytes (47 %)
Build complete -- 0 errors, 0 warnings : ready for download!
Generate TMC information ...
Import symbol information ...
PLC.PLC : message: generate boot information...
------ Build started: Project: Ts, Configuration: Release TwinCAT RT (x64) ------
Error: The operation could not be completed. Unspecified error 
========== Build: 1 succeeded or up-to-date, 1 failed, 0 skipped ==========

Build started...
------ Build started: Project: PLC, Configuration: Release TwinCAT RT (x64) ------
------ Build started: Application: Ts.PLC -------
typify code ...
generate code...
generate global initializations ...
generate code initialization ...
generate relocations ...
Size of generated code: 130586 bytes
Size of global data: 33861 bytes
Total allocated memory size for code and data: 548880 bytes
Memory area 0 contains  Data, Input, Output, Memory, Code, Persistent Data and Nonsafe Data: size: 1048576 bytes, highest used address: 548880, largest contiguous memory gap: 499696 bytes (47 %)
Build complete -- 0 errors, 0 warnings : ready for download!
Generate TMC information ...
Import symbol information ...
PLC.PLC : message: generate boot information...
------ Build started: Project: Ts, Configuration: Release TwinCAT RT (x64) ------
Error: The operation could not be completed. Unspecified error 
========== Build: 1 succeeded or up-to-date, 1 failed, 0 skipped ==========

Catastrophic failure (Exception from HRESULT: 0x8000FFFF (E_UNEXPECTED))
Build started...
------ Build started: Project: PLC, Configuration: Release TwinCAT RT (x64) ------
------ Build started: Application: Ts.PLC -------
typify code ...
generate code...
generate global initializations ...
generate code initialization ...
generate relocations ...
Size of generated code: 130586 bytes
Size of global data: 33861 bytes
Total allocated memory size for code and data: 548880 bytes
Memory area 0 contains  Data, Input, Output, Memory, Code, Persistent Data and Nonsafe Data: size: 1048576 bytes, highest used address: 548880, largest contiguous memory gap: 499696 bytes (47 %)
Build complete -- 0 errors, 0 warnings : ready for download!
Generate TMC information ...
Import symbol information ...
PLC.PLC : message: generate boot information...
------ Build started: Project: Ts, Configuration: Release TwinCAT RT (x64) ------
Error: The operation could not be completed. Unspecified error 
========== Build: 1 succeeded or up-to-date, 1 failed, 0 skipped ==========

Build started...
------ Build started: Project: PLC, Configuration: Release TwinCAT RT (x64) ------
------ Build started: Application: Ts.PLC -------
typify code ...
generate code...
generate global initializations ...
generate code initialization ...
generate relocations ...
Size of generated code: 130586 bytes
Size of global data: 33861 bytes
Total allocated memory size for code and data: 548880 bytes
Memory area 0 contains  Data, Input, Output, Memory, Code, Persistent Data and Nonsafe Data: size: 1048576 bytes, highest used address: 548880, largest contiguous memory gap: 499696 bytes (47 %)
Build complete -- 0 errors, 0 warnings : ready for download!
Generate TMC information ...
Import symbol information ...
PLC.PLC : message: generate boot information...
------ Build started: Project: Ts, Configuration: Release TwinCAT RT (x64) ------
Error: The operation could not be completed. Unspecified error 
========== Build: 1 succeeded or up-to-date, 1 failed, 0 skipped ==========

Build started...
------ Build started: Project: PLC, Configuration: Release TwinCAT RT (x64) ------
------ Build started: Application: Ts.PLC -------
typify code ...
generate code...
generate global initializations ...
generate code initialization ...
generate relocations ...
Size of generated code: 130586 bytes
Size of global data: 33861 bytes
Total allocated memory size for code and data: 548880 bytes
Memory area 0 contains  Data, Input, Output, Memory, Code, Persistent Data and Nonsafe Data: size: 1048576 bytes, highest used address: 548880, largest contiguous memory gap: 499696 bytes (47 %)
Build complete -- 0 errors, 0 warnings : ready for download!
Generate TMC information ...
Import symbol information ...
PLC.PLC : message: generate boot information...
------ Build started: Project: Ts, Configuration: Release TwinCAT RT (x64) ------
Error: The operation could not be completed. Unspecified error 
========== Build: 1 succeeded or up-to-date, 1 failed, 0 skipped ==========

Build started...
------ Build started: Project: PLC, Configuration: Release TwinCAT RT (x64) ------
------ Build started: Application: Ts.PLC -------
typify code ...
generate code...
generate global initializations ...
generate code initialization ...
generate relocations ...
Size of generated code: 130586 bytes
Size of global data: 33861 bytes
Total allocated memory size for code and data: 548880 bytes
Memory area 0 contains  Data, Input, Output, Memory, Code, Persistent Data and Nonsafe Data: size: 1048576 bytes, highest used address: 548880, largest contiguous memory gap: 499696 bytes (47 %)
Build complete -- 0 errors, 0 warnings : ready for download!
Generate TMC information ...
Import symbol information ...
PLC.PLC : message: generate boot information...
------ Build started: Project: Ts, Configuration: Release TwinCAT RT (x64) ------
Error: The operation could not be completed. Unspecified error 
========== Build: 1 succeeded or up-to-date, 1 failed, 0 skipped ==========

Build started...
------ Build started: Project: PLC, Configuration: Release TwinCAT RT (x64) ------
------ Build started: Application: Ts.PLC -------
typify code ...
generate code...
generate global initializations ...
generate code initialization ...
generate relocations ...
Size of generated code: 130586 bytes
Size of global data: 33861 bytes
Total allocated memory size for code and data: 548880 bytes
Memory area 0 contains  Data, Input, Output, Memory, Code, Persistent Data and Nonsafe Data: size: 1048576 bytes, highest used address: 548880, largest contiguous memory gap: 499696 bytes (47 %)
Build complete -- 0 errors, 0 warnings : ready for download!
Generate TMC information ...
Import symbol information ...
PLC.PLC : message: generate boot information...
------ Build started: Project: Ts, Configuration: Release TwinCAT RT (x64) ------
Error: The operation could not be completed. Unspecified error 
========== Build: 1 succeeded or up-to-date, 1 failed, 0 skipped ==========

Build started...
------ Build started: Project: PLC, Configuration: Release TwinCAT RT (x64) ------
------ Build started: Application: Ts.PLC -------
typify code ...
generate code...
generate global initializations ...
generate code initialization ...
generate relocations ...
Size of generated code: 130586 bytes
Size of global data: 33861 bytes
Total allocated memory size for code and data: 548880 bytes
Memory area 0 contains  Data, Input, Output, Memory, Code, Persistent Data and Nonsafe Data: size: 1048576 bytes, highest used address: 548880, largest contiguous memory gap: 499696 bytes (47 %)
Build complete -- 0 errors, 0 warnings : ready for download!
Generate TMC information ...
Import symbol information ...
PLC.PLC : message: generate boot information...
------ Build started: Project: Ts, Configuration: Release TwinCAT RT (x64) ------
Error: The operation could not be completed. Unspecified error 
========== Build: 1 succeeded or up-to-date, 1 failed, 0 skipped ==========

Build started...
------ Build started: Project: PLC, Configuration: Release TwinCAT RT (x64) ------
------ Build started: Application: Ts.PLC -------
typify code ...
generate code...
generate global initializations ...
generate code initialization ...
generate relocations ...
Size of generated code: 130586 bytes
Size of global data: 33861 bytes
Total allocated memory size for code and data: 548880 bytes
Memory area 0 contains  Data, Input, Output, Memory, Code, Persistent Data and Nonsafe Data: size: 1048576 bytes, highest used address: 548880, largest contiguous memory gap: 499696 bytes (47 %)
Build complete -- 0 errors, 0 warnings : ready for download!
Generate TMC information ...
Import symbol information ...
PLC.PLC : message: generate boot information...
------ Build started: Project: Ts, Configuration: Release TwinCAT RT (x64) ------
Error: The operation could not be completed. Unspecified error 
========== Build: 1 succeeded or up-to-date, 1 failed, 0 skipped ==========

Build started...
------ Build started: Project: PLC, Configuration: Release TwinCAT RT (x64) ------
------ Build started: Application: Ts.PLC -------
typify code ...
generate code...
generate global initializations ...
generate code initialization ...
generate relocations ...
Size of generated code: 130586 bytes
Size of global data: 33861 bytes
Total allocated memory size for code and data: 548880 bytes
Memory area 0 contains  Data, Input, Output, Memory, Code, Persistent Data and Nonsafe Data: size: 1048576 bytes, highest used address: 548880, largest contiguous memory gap: 499696 bytes (47 %)
Build complete -- 0 errors, 0 warnings : ready for download!
Generate TMC information ...
Import symbol information ...
PLC.PLC : message: generate boot information...
------ Build started: Project: Ts, Configuration: Release TwinCAT RT (x64) ------
Error: The operation could not be completed. Unspecified error 
========== Build: 1 succeeded or up-to-date, 1 failed, 0 skipped ==========

Build started...
------ Build started: Project: PLC, Configuration: Release TwinCAT RT (x64) ------
------ Build started: Application: Ts.PLC -------
typify code ...
generate code...
generate global initializations ...
generate code initialization ...
generate relocations ...
Size of generated code: 130586 bytes
Size of global data: 33861 bytes
Total allocated memory size for code and data: 548880 bytes
Memory area 0 contains  Data, Input, Output, Memory, Code, Persistent Data and Nonsafe Data: size: 1048576 bytes, highest used address: 548880, largest contiguous memory gap: 499696 bytes (47 %)
Build complete -- 0 errors, 0 warnings : ready for download!
Generate TMC information ...
Import symbol information ...
PLC.PLC : message: generate boot information...
------ Build started: Project: Ts, Configuration: Release TwinCAT RT (x64) ------
Error: The operation could not be completed. Unspecified error 
========== Build: 1 succeeded or up-to-date, 1 failed, 0 skipped ==========

Build started...
------ Build started: Project: PLC, Configuration: Release TwinCAT RT (x64) ------
------ Build started: Application: Ts.PLC -------
typify code ...
generate code...
generate global initializations ...
generate code initialization ...
generate relocations ...
Size of generated code: 130738 bytes
Size of global data: 33905 bytes
Total allocated memory size for code and data: 549072 bytes
Memory area 0 contains  Data, Input, Output, Memory, Code, Persistent Data and Nonsafe Data: size: 1048576 bytes, highest used address: 549072, largest contiguous memory gap: 499504 bytes (47 %)
Build complete -- 0 errors, 0 warnings : ready for download!
Generate TMC information ...
Import symbol information ...
PLC.PLC : message: generate boot information...
------ Build started: Project: Ts, Configuration: Release TwinCAT RT (x64) ------
Error: The operation could not be completed. Unspecified error 
========== Build: 1 succeeded or up-to-date, 1 failed, 0 skipped ==========

Build started...
------ Build started: Project: PLC, Configuration: Release TwinCAT RT (x64) ------
------ Build started: Application: Ts.PLC -------
typify code ...
generate code...
generate global initializations ...
generate code initialization ...
generate relocations ...
Size of generated code: 130738 bytes
Size of global data: 33905 bytes
Total allocated memory size for code and data: 549072 bytes
Memory area 0 contains  Data, Input, Output, Memory, Code, Persistent Data and Nonsafe Data: size: 1048576 bytes, highest used address: 549072, largest contiguous memory gap: 499504 bytes (47 %)
Build complete -- 0 errors, 0 warnings : ready for download!
Generate TMC information ...
Import symbol information ...
PLC.PLC : message: generate boot information...
------ Build started: Project: Ts, Configuration: Release TwinCAT RT (x64) ------
Error: The operation could not be completed. Unspecified error 
========== Build: 1 succeeded or up-to-date, 1 failed, 0 skipped ==========

Build started...
------ Build started: Project: PLC, Configuration: Release TwinCAT RT (x64) ------
------ Build started: Application: Ts.PLC -------
typify code ...
generate code...
generate global initializations ...
generate code initialization ...
generate relocations ...
Size of generated code: 130738 bytes
Size of global data: 33905 bytes
Total allocated memory size for code and data: 549072 bytes
Memory area 0 contains  Data, Input, Output, Memory, Code, Persistent Data and Nonsafe Data: size: 1048576 bytes, highest used address: 549072, largest contiguous memory gap: 499504 bytes (47 %)
Build complete -- 0 errors, 0 warnings : ready for download!
Generate TMC information ...
Import symbol information ...
PLC.PLC : message: generate boot information...
------ Build started: Project: Ts, Configuration: Release TwinCAT RT (x64) ------
Error: The operation could not be completed. Unspecified error 
========== Build: 1 succeeded or up-to-date, 1 failed, 0 skipped ==========

Build started...
------ Build started: Project: PLC, Configuration: Release TwinCAT RT (x64) ------
------ Build started: Application: Ts.PLC -------
typify code ...
generate code...
generate global initializations ...
generate code initialization ...
generate relocations ...
Size of generated code: 130738 bytes
Size of global data: 33913 bytes
Total allocated memory size for code and data: 549080 bytes
Memory area 0 contains  Data, Input, Output, Memory, Code, Persistent Data and Nonsafe Data: size: 1048576 bytes, highest used address: 549080, largest contiguous memory gap: 499496 bytes (47 %)
Build complete -- 0 errors, 0 warnings : ready for download!
Generate TMC information ...
Import symbol information ...
PLC.PLC : message: generate boot information...
------ Build started: Project: Ts, Configuration: Release TwinCAT RT (x64) ------
Error: The operation could not be completed. Unspecified error 
========== Build: 1 succeeded or up-to-date, 1 failed, 0 skipped ==========

Build started...
------ Build started: Project: PLC, Configuration: Release TwinCAT RT (x64) ------
------ Build started: Application: Ts.PLC -------
typify code ...
generate code...
generate global initializations ...
generate code initialization ...
generate relocations ...
Size of generated code: 130738 bytes
Size of global data: 33913 bytes
Total allocated memory size for code and data: 549080 bytes
Memory area 0 contains  Data, Input, Output, Memory, Code, Persistent Data and Nonsafe Data: size: 1048576 bytes, highest used address: 549080, largest contiguous memory gap: 499496 bytes (47 %)
Build complete -- 0 errors, 0 warnings : ready for download!
Generate TMC information ...
Import symbol information ...
PLC.PLC : message: generate boot information...
------ Build started: Project: Ts, Configuration: Release TwinCAT RT (x64) ------
Error: The operation could not be completed. Unspecified error 
========== Build: 1 succeeded or up-to-date, 1 failed, 0 skipped ==========

Build started...
------ Build started: Project: PLC, Configuration: Release TwinCAT RT (x64) ------
------ Build started: Application: Ts.PLC -------
typify code ...
generate code...
generate global initializations ...
generate code initialization ...
generate relocations ...
Size of generated code: 130738 bytes
Size of global data: 33913 bytes
Total allocated memory size for code and data: 549080 bytes
Memory area 0 contains  Data, Input, Output, Memory, Code, Persistent Data and Nonsafe Data: size: 1048576 bytes, highest used address: 549080, largest contiguous memory gap: 499496 bytes (47 %)
Build complete -- 0 errors, 0 warnings : ready for download!
Generate TMC information ...
Import symbol information ...
PLC.PLC : message: generate boot information...
------ Build started: Project: Ts, Configuration: Release TwinCAT RT (x64) ------
Error: The operation could not be completed. Unspecified error 
========== Build: 1 succeeded or up-to-date, 1 failed, 0 skipped ==========

Build started...
------ Build started: Project: PLC, Configuration: Release TwinCAT RT (x64) ------
------ Build started: Application: Ts.PLC -------
typify code ...
generate code...
generate global initializations ...
generate code initialization ...
generate relocations ...
Size of generated code: 130842 bytes
Size of global data: 33969 bytes
Total allocated memory size for code and data: 549240 bytes
Memory area 0 contains  Data, Input, Output, Memory, Code, Persistent Data and Nonsafe Data: size: 1048576 bytes, highest used address: 549240, largest contiguous memory gap: 499336 bytes (47 %)
Build complete -- 0 errors, 0 warnings : ready for download!
Generate TMC information ...
Import symbol information ...
PLC.PLC : message: generate boot information...
------ Build started: Project: Ts, Configuration: Release TwinCAT RT (x64) ------
Error: The operation could not be completed. Unspecified error 
========== Build: 1 succeeded or up-to-date, 1 failed, 0 skipped ==========

Build started...
------ Build started: Project: PLC, Configuration: Release TwinCAT RT (x64) ------
------ Build started: Application: Ts.PLC -------
typify code ...
generate code...
generate global initializations ...
generate code initialization ...
generate relocations ...
Size of generated code: 130842 bytes
Size of global data: 33969 bytes
Total allocated memory size for code and data: 549240 bytes
Memory area 0 contains  Data, Input, Output, Memory, Code, Persistent Data and Nonsafe Data: size: 1048576 bytes, highest used address: 549240, largest contiguous memory gap: 499336 bytes (47 %)
Build complete -- 0 errors, 0 warnings : ready for download!
Generate TMC information ...
Import symbol information ...
PLC.PLC : message: generate boot information...
------ Build started: Project: Ts, Configuration: Release TwinCAT RT (x64) ------
Error: The operation could not be completed. Unspecified error 
========== Build: 1 succeeded or up-to-date, 1 failed, 0 skipped ==========

Build started...
------ Build started: Project: PLC, Configuration: Release TwinCAT RT (x64) ------
------ Build started: Application: Ts.PLC -------
typify code ...
generate code...
generate global initializations ...
generate code initialization ...
generate relocations ...
Size of generated code: 130938 bytes
Size of global data: 34013 bytes
Total allocated memory size for code and data: 549384 bytes
Memory area 0 contains  Data, Input, Output, Memory, Code, Persistent Data and Nonsafe Data: size: 1048576 bytes, highest used address: 549384, largest contiguous memory gap: 499192 bytes (47 %)
Build complete -- 0 errors, 0 warnings : ready for download!
Generate TMC information ...
Import symbol information ...
PLC.PLC : message: generate boot information...
------ Build started: Project: Ts, Configuration: Release TwinCAT RT (x64) ------
Error: The operation could not be completed. Unspecified error 
========== Build: 1 succeeded or up-to-date, 1 failed, 0 skipped ==========

Build started...
------ Build started: Project: PLC, Configuration: Release TwinCAT RT (x64) ------
------ Build started: Application: Ts.PLC -------
typify code ...
D:\github\Inxton\iXlinker\tests\test_projects\tabularasa\Beckhoff_KLxxxx\Ts\PLC\DUTs\IO\PDOs\InfoData_41C547A3.TcDUT(9) : error: Type definition expected instead of '.'
D:\github\Inxton\iXlinker\tests\test_projects\tabularasa\Beckhoff_KLxxxx\Ts\PLC\DUTs\IO\PDOs\InfoData_41C547A3.TcDUT(11) : error: Type definition expected instead of '.'
D:\github\Inxton\iXlinker\tests\test_projects\tabularasa\Beckhoff_KLxxxx\Ts\PLC\DUTs\IO\PDOs\InfoData_C76BEFB3.TcDUT(13) : error: Type definition expected instead of '.'
Compile complete -- 3 errors, 0 warnings
Build complete -- 3 errors, 0 warnings : no download possible!
WRN | 5/4/2022 8:37:47 PM 467 ms | 'TwinCAT XAE': Project 'PLC' build for platform 'TwinCAT RT (x64)' failed.
------ Build started: Project: Ts, Configuration: Release TwinCAT RT (x64) ------
Error: The operation could not be completed. Unspecified error 
========== Build: 0 succeeded or up-to-date, 2 failed, 0 skipped ==========

Build started...
------ Build started: Project: PLC, Configuration: Release TwinCAT RT (x64) ------
------ Build started: Application: Ts.PLC -------
typify code ...
D:\github\Inxton\iXlinker\tests\test_projects\tabularasa\Beckhoff_KLxxxx\Ts\PLC\DUTs\IO\PDOs\InfoData_41C547A3.TcDUT(9) : error: Type definition expected instead of '.'
D:\github\Inxton\iXlinker\tests\test_projects\tabularasa\Beckhoff_KLxxxx\Ts\PLC\DUTs\IO\PDOs\InfoData_41C547A3.TcDUT(11) : error: Type definition expected instead of '.'
D:\github\Inxton\iXlinker\tests\test_projects\tabularasa\Beckhoff_KLxxxx\Ts\PLC\DUTs\IO\PDOs\InfoData_C76BEFB3.TcDUT(13) : error: Type definition expected instead of '.'
Compile complete -- 3 errors, 0 warnings
Build complete -- 3 errors, 0 warnings : no download possible!
WRN | 5/4/2022 9:15:42 PM 258 ms | 'TwinCAT XAE': Project 'PLC' build for platform 'TwinCAT RT (x64)' failed.
------ Build started: Project: Ts, Configuration: Release TwinCAT RT (x64) ------
Error: The operation could not be completed. Unspecified error 
========== Build: 0 succeeded or up-to-date, 2 failed, 0 skipped ==========

Build started...
------ Build started: Project: PLC, Configuration: Release TwinCAT RT (x64) ------
------ Build started: Application: Ts.PLC -------
typify code ...
D:\github\Inxton\iXlinker\tests\test_projects\tabularasa\Beckhoff_KLxxxx\Ts\PLC\DUTs\IO\PDOs\InfoData_41C547A3.TcDUT(9) : error: Type definition expected instead of '.'
D:\github\Inxton\iXlinker\tests\test_projects\tabularasa\Beckhoff_KLxxxx\Ts\PLC\DUTs\IO\PDOs\InfoData_41C547A3.TcDUT(11) : error: Type definition expected instead of '.'
D:\github\Inxton\iXlinker\tests\test_projects\tabularasa\Beckhoff_KLxxxx\Ts\PLC\DUTs\IO\PDOs\InfoData_C76BEFB3.TcDUT(13) : error: Type definition expected instead of '.'
Compile complete -- 3 errors, 0 warnings
Build complete -- 3 errors, 0 warnings : no download possible!
WRN | 5/4/2022 9:33:53 PM 130 ms | 'TwinCAT XAE': Project 'PLC' build for platform 'TwinCAT RT (x64)' failed.
------ Build started: Project: Ts, Configuration: Release TwinCAT RT (x64) ------
Error: The operation could not be completed. Unspecified error 
========== Build: 0 succeeded or up-to-date, 2 failed, 0 skipped ==========

Build started...
------ Build started: Project: PLC, Configuration: Release TwinCAT RT (x64) ------
------ Build started: Application: Ts.PLC -------
typify code ...
D:\github\Inxton\iXlinker\tests\test_projects\tabularasa\Beckhoff_KLxxxx\Ts\PLC\DUTs\IO\PDOs\InfoData_41C547A3.TcDUT(9) : error: Type definition expected instead of '.'
D:\github\Inxton\iXlinker\tests\test_projects\tabularasa\Beckhoff_KLxxxx\Ts\PLC\DUTs\IO\PDOs\InfoData_41C547A3.TcDUT(11) : error: Type definition expected instead of '.'
D:\github\Inxton\iXlinker\tests\test_projects\tabularasa\Beckhoff_KLxxxx\Ts\PLC\DUTs\IO\PDOs\InfoData_C76BEFB3.TcDUT(13) : error: Type definition expected instead of '.'
Compile complete -- 3 errors, 0 warnings
Build complete -- 3 errors, 0 warnings : no download possible!
WRN | 5/5/2022 4:04:19 PM 141 ms | 'TwinCAT XAE': Project 'PLC' build for platform 'TwinCAT RT (x64)' failed.
------ Build started: Project: Ts, Configuration: Release TwinCAT RT (x64) ------
Error: The operation could not be completed. Unspecified error 
========== Build: 0 succeeded or up-to-date, 2 failed, 0 skipped ==========

Build started...
------ Build started: Project: PLC, Configuration: Release TwinCAT RT (x64) ------
------ Build started: Application: Ts.PLC -------
typify code ...
D:\github\Inxton\iXlinker\tests\test_projects\tabularasa\Beckhoff_KLxxxx\Ts\PLC\DUTs\IO\PDOs\InfoData_41C547A3.TcDUT(9) : error: Type definition expected instead of '.'
D:\github\Inxton\iXlinker\tests\test_projects\tabularasa\Beckhoff_KLxxxx\Ts\PLC\DUTs\IO\PDOs\InfoData_41C547A3.TcDUT(11) : error: Type definition expected instead of '.'
D:\github\Inxton\iXlinker\tests\test_projects\tabularasa\Beckhoff_KLxxxx\Ts\PLC\DUTs\IO\PDOs\InfoData_C76BEFB3.TcDUT(13) : error: Type definition expected instead of '.'
Compile complete -- 3 errors, 0 warnings
Build complete -- 3 errors, 0 warnings : no download possible!
WRN | 5/5/2022 4:11:17 PM 197 ms | 'TwinCAT XAE': Project 'PLC' build for platform 'TwinCAT RT (x64)' failed.
------ Build started: Project: Ts, Configuration: Release TwinCAT RT (x64) ------
Error: The operation could not be completed. Unspecified error 
========== Build: 0 succeeded or up-to-date, 2 failed, 0 skipped ==========

Build started...
------ Build started: Project: Ts, Configuration: Release TwinCAT RT (x64) ------
Error: The operation could not be completed. Unspecified error 
========== Build: 0 succeeded or up-to-date, 1 failed, 0 skipped ==========

Build started...
------ Build started: Project: PLC, Configuration: Release TwinCAT RT (x64) ------
------ Build started: Application: Ts.PLC -------
typify code ...
D:\github\Inxton\iXlinker\tests\test_projects\tabularasa\Beckhoff_KLxxxx\Ts\PLC\DUTs\IO\PDOs\InfoData_41C547A3.TcDUT(9) : error: Type definition expected instead of '.'
D:\github\Inxton\iXlinker\tests\test_projects\tabularasa\Beckhoff_KLxxxx\Ts\PLC\DUTs\IO\PDOs\InfoData_41C547A3.TcDUT(11) : error: Type definition expected instead of '.'
D:\github\Inxton\iXlinker\tests\test_projects\tabularasa\Beckhoff_KLxxxx\Ts\PLC\DUTs\IO\PDOs\InfoData_C76BEFB3.TcDUT(13) : error: Type definition expected instead of '.'
Compile complete -- 3 errors, 0 warnings
Build complete -- 3 errors, 0 warnings : no download possible!
WRN | 5/6/2022 6:49:44 PM 861 ms | 'TwinCAT XAE': Project 'PLC' build for platform 'TwinCAT RT (x64)' failed.
------ Build started: Project: Ts, Configuration: Release TwinCAT RT (x64) ------
Error: The operation could not be completed. Unspecified error 
========== Build: 0 succeeded or up-to-date, 2 failed, 0 skipped ==========

Build started...
------ Build started: Project: PLC, Configuration: Release TwinCAT RT (x64) ------
------ Build started: Application: Ts.PLC -------
typify code ...
D:\github\Inxton\iXlinker\tests\test_projects\tabularasa\Beckhoff_KLxxxx\Ts\PLC\DUTs\IO\PDOs\Inputs_CC16D1F4.TcDUT : error: No definition found for base class 'InputBase_8311D824'
D:\github\Inxton\iXlinker\tests\test_projects\tabularasa\Beckhoff_KLxxxx\Ts\PLC\DUTs\IO\PDOs\Outputs_D8BAB3B3.TcDUT : error: No definition found for base class 'InputBase_8311D824'
D:\github\Inxton\iXlinker\tests\test_projects\tabularasa\Beckhoff_KLxxxx\Ts\PLC\DUTs\IO\PDOs\InfoData_41C547A3.TcDUT(9) : error: Type definition expected instead of '.'
D:\github\Inxton\iXlinker\tests\test_projects\tabularasa\Beckhoff_KLxxxx\Ts\PLC\DUTs\IO\PDOs\InfoData_41C547A3.TcDUT(11) : error: Type definition expected instead of '.'
D:\github\Inxton\iXlinker\tests\test_projects\tabularasa\Beckhoff_KLxxxx\Ts\PLC\DUTs\IO\PDOs\InfoData_41C547A3.TcDUT : error: No definition found for base class 'InputBase_8311D824'
D:\github\Inxton\iXlinker\tests\test_projects\tabularasa\Beckhoff_KLxxxx\Ts\PLC\DUTs\IO\PDOs\Channel_954C2EED.TcDUT : error: No definition found for base class 'InputBase_8311D824'
D:\github\Inxton\iXlinker\tests\test_projects\tabularasa\Beckhoff_KLxxxx\Ts\PLC\DUTs\IO\PDOs\Channel_87C95E76.TcDUT : error: No definition found for base class 'InputBase_8311D824'
D:\github\Inxton\iXlinker\tests\test_projects\tabularasa\Beckhoff_KLxxxx\Ts\PLC\DUTs\IO\PDOs\Channel_65B76600.TcDUT : error: No definition found for base class 'InputBase_8311D824'
D:\github\Inxton\iXlinker\tests\test_projects\tabularasa\Beckhoff_KLxxxx\Ts\PLC\DUTs\IO\PDOs\Channel_22DCD695.TcDUT : error: No definition found for base class 'InputBase_8311D824'
D:\github\Inxton\iXlinker\tests\test_projects\tabularasa\Beckhoff_KLxxxx\Ts\PLC\DUTs\IO\PDOs\Channel_460B8C40.TcDUT : error: No definition found for base class 'OutputBase_10CEE7DE'
D:\github\Inxton\iXlinker\tests\test_projects\tabularasa\Beckhoff_KLxxxx\Ts\PLC\DUTs\IO\PDOs\Channel_26FC8FD8.TcDUT : error: No definition found for base class 'OutputBase_10CEE7DE'
D:\github\Inxton\iXlinker\tests\test_projects\tabularasa\Beckhoff_KLxxxx\Ts\PLC\DUTs\IO\PDOs\Channel_64AAC8C7.TcDUT : error: No definition found for base class 'InputBase_8311D824'
D:\github\Inxton\iXlinker\tests\test_projects\tabularasa\Beckhoff_KLxxxx\Ts\PLC\DUTs\IO\PDOs\Diag_1F4F4573.TcDUT : error: No definition found for base class 'InputBase_8311D824'
D:\github\Inxton\iXlinker\tests\test_projects\tabularasa\Beckhoff_KLxxxx\Ts\PLC\DUTs\IO\PDOs\InfoData_2A97D6CF.TcDUT : error: No definition found for base class 'InputBase_8311D824'
D:\github\Inxton\iXlinker\tests\test_projects\tabularasa\Beckhoff_KLxxxx\Ts\PLC\DUTs\IO\PDOs\Inputs_25A0042B.TcDUT : error: No definition found for base class 'InputBase_8311D824'
D:\github\Inxton\iXlinker\tests\test_projects\tabularasa\Beckhoff_KLxxxx\Ts\PLC\DUTs\IO\PDOs\Outputs_2397A10E.TcDUT : error: No definition found for base class 'OutputBase_10CEE7DE'
D:\github\Inxton\iXlinker\tests\test_projects\tabularasa\Beckhoff_KLxxxx\Ts\PLC\DUTs\IO\PDOs\InfoData_C76BEFB3.TcDUT(13) : error: Type definition expected instead of '.'
D:\github\Inxton\iXlinker\tests\test_projects\tabularasa\Beckhoff_KLxxxx\Ts\PLC\DUTs\IO\PDOs\InfoData_C76BEFB3.TcDUT : error: No definition found for base class 'InputBase_8311D824'
Compile complete -- 18 errors, 0 warnings
Build complete -- 18 errors, 0 warnings : no download possible!
WRN | 5/11/2022 8:18:23 PM 672 ms | 'TwinCAT XAE': Project 'PLC' build for platform 'TwinCAT RT (x64)' failed.
------ Build started: Project: Ts, Configuration: Release TwinCAT RT (x64) ------
Error: The operation could not be completed. Unspecified error 
========== Build: 0 succeeded or up-to-date, 2 failed, 0 skipped ==========

Build started...
------ Build started: Project: PLC, Configuration: Release TwinCAT RT (x64) ------
------ Build started: Application: Ts.PLC -------
typify code ...
D:\github\Inxton\iXlinker\tests\test_projects\tabularasa\Beckhoff_KLxxxx\Ts\PLC\DUTs\IO\PDOs\Inputs_CC16D1F4.TcDUT : error: No definition found for base class 'InputBase_8311D824'
D:\github\Inxton\iXlinker\tests\test_projects\tabularasa\Beckhoff_KLxxxx\Ts\PLC\DUTs\IO\PDOs\Outputs_D8BAB3B3.TcDUT : error: No definition found for base class 'InputBase_8311D824'
D:\github\Inxton\iXlinker\tests\test_projects\tabularasa\Beckhoff_KLxxxx\Ts\PLC\DUTs\IO\PDOs\InfoData_41C547A3.TcDUT(9) : error: Type definition expected instead of '.'
D:\github\Inxton\iXlinker\tests\test_projects\tabularasa\Beckhoff_KLxxxx\Ts\PLC\DUTs\IO\PDOs\InfoData_41C547A3.TcDUT(11) : error: Type definition expected instead of '.'
D:\github\Inxton\iXlinker\tests\test_projects\tabularasa\Beckhoff_KLxxxx\Ts\PLC\DUTs\IO\PDOs\InfoData_41C547A3.TcDUT : error: No definition found for base class 'InputBase_8311D824'
D:\github\Inxton\iXlinker\tests\test_projects\tabularasa\Beckhoff_KLxxxx\Ts\PLC\DUTs\IO\PDOs\Channel_954C2EED.TcDUT : error: No definition found for base class 'InputBase_8311D824'
D:\github\Inxton\iXlinker\tests\test_projects\tabularasa\Beckhoff_KLxxxx\Ts\PLC\DUTs\IO\PDOs\Channel_87C95E76.TcDUT : error: No definition found for base class 'InputBase_8311D824'
D:\github\Inxton\iXlinker\tests\test_projects\tabularasa\Beckhoff_KLxxxx\Ts\PLC\DUTs\IO\PDOs\Channel_65B76600.TcDUT : error: No definition found for base class 'InputBase_8311D824'
D:\github\Inxton\iXlinker\tests\test_projects\tabularasa\Beckhoff_KLxxxx\Ts\PLC\DUTs\IO\PDOs\Channel_22DCD695.TcDUT : error: No definition found for base class 'InputBase_8311D824'
D:\github\Inxton\iXlinker\tests\test_projects\tabularasa\Beckhoff_KLxxxx\Ts\PLC\DUTs\IO\PDOs\Channel_460B8C40.TcDUT : error: No definition found for base class 'OutputBase_10CEE7DE'
D:\github\Inxton\iXlinker\tests\test_projects\tabularasa\Beckhoff_KLxxxx\Ts\PLC\DUTs\IO\PDOs\Channel_26FC8FD8.TcDUT : error: No definition found for base class 'OutputBase_10CEE7DE'
D:\github\Inxton\iXlinker\tests\test_projects\tabularasa\Beckhoff_KLxxxx\Ts\PLC\DUTs\IO\PDOs\Channel_64AAC8C7.TcDUT : error: No definition found for base class 'InputBase_8311D824'
D:\github\Inxton\iXlinker\tests\test_projects\tabularasa\Beckhoff_KLxxxx\Ts\PLC\DUTs\IO\PDOs\Diag_1F4F4573.TcDUT : error: No definition found for base class 'InputBase_8311D824'
D:\github\Inxton\iXlinker\tests\test_projects\tabularasa\Beckhoff_KLxxxx\Ts\PLC\DUTs\IO\PDOs\InfoData_2A97D6CF.TcDUT : error: No definition found for base class 'InputBase_8311D824'
D:\github\Inxton\iXlinker\tests\test_projects\tabularasa\Beckhoff_KLxxxx\Ts\PLC\DUTs\IO\PDOs\Inputs_25A0042B.TcDUT : error: No definition found for base class 'InputBase_8311D824'
D:\github\Inxton\iXlinker\tests\test_projects\tabularasa\Beckhoff_KLxxxx\Ts\PLC\DUTs\IO\PDOs\Outputs_2397A10E.TcDUT : error: No definition found for base class 'OutputBase_10CEE7DE'
D:\github\Inxton\iXlinker\tests\test_projects\tabularasa\Beckhoff_KLxxxx\Ts\PLC\DUTs\IO\PDOs\InfoData_C76BEFB3.TcDUT(13) : error: Type definition expected instead of '.'
D:\github\Inxton\iXlinker\tests\test_projects\tabularasa\Beckhoff_KLxxxx\Ts\PLC\DUTs\IO\PDOs\InfoData_C76BEFB3.TcDUT : error: No definition found for base class 'InputBase_8311D824'
Compile complete -- 18 errors, 0 warnings
Build complete -- 18 errors, 0 warnings : no download possible!
WRN | 5/18/2022 9:33:49 AM 289 ms | 'TwinCAT XAE': Project 'PLC' build for platform 'TwinCAT RT (x64)' failed.
------ Build started: Project: Ts, Configuration: Release TwinCAT RT (x64) ------
Error: The operation could not be completed. Unspecified error 
========== Build: 0 succeeded or up-to-date, 2 failed, 0 skipped ==========

Build started...
------ Build started: Project: PLC, Configuration: Release TwinCAT RT (x64) ------
------ Build started: Application: Ts.PLC -------
typify code ...
D:\github\Inxton\iXlinker\tests\test_projects\tabularasa\Beckhoff_KLxxxx\Ts\PLC\DUTs\IO\PDOs\InfoData_41C547A3.TcDUT(9) : error: Type definition expected instead of '.'
D:\github\Inxton\iXlinker\tests\test_projects\tabularasa\Beckhoff_KLxxxx\Ts\PLC\DUTs\IO\PDOs\InfoData_41C547A3.TcDUT(11) : error: Type definition expected instead of '.'
D:\github\Inxton\iXlinker\tests\test_projects\tabularasa\Beckhoff_KLxxxx\Ts\PLC\DUTs\IO\PDOs\InfoData_C76BEFB3.TcDUT(13) : error: Type definition expected instead of '.'
Compile complete -- 3 errors, 0 warnings
Build complete -- 3 errors, 0 warnings : no download possible!
WRN | 5/21/2022 6:37:52 PM 488 ms | 'TwinCAT XAE': Project 'PLC' build for platform 'TwinCAT RT (x64)' failed.
------ Build started: Project: Ts, Configuration: Release TwinCAT RT (x64) ------
Error: The operation could not be completed. Unspecified error 
========== Build: 0 succeeded or up-to-date, 2 failed, 0 skipped ==========


Package 'DslDefinitionModelPackage' failed to load.

Package 'DslDefinitionModelPackage' failed to load.

Package 'DslDefinitionModelPackage' failed to load.

Package 'DslDefinitionModelPackage' failed to load.

Package 'DslDefinitionModelPackage' failed to load.
Build started...
------ Build started: Project: PLC, Configuration: Release TwinCAT RT (x64) ------
------ Build started: Application: Ts.PLC -------
typify code ...
generate code...
generate global initializations ...
generate code initialization ...
generate relocations ...
Size of generated code: 131826 bytes
Size of global data: 34097 bytes
Total allocated memory size for code and data: 550352 bytes
Memory area 0 contains  Data, Input, Output, Memory, Code, Persistent Data and Nonsafe Data: size: 1048576 bytes, highest used address: 550352, largest contiguous memory gap: 498224 bytes (47 %)
Build complete -- 0 errors, 0 warnings : ready for download!
Generate TMC information ...
Import symbol information ...
PLC.PLC : message: generate boot information...
------ Build started: Project: Ts, Configuration: Release TwinCAT RT (x64) ------
Error: The operation could not be completed. Unspecified error 
========== Build: 1 succeeded or up-to-date, 1 failed, 0 skipped ==========

