Build started...
------ Build started: Project: PLC, Configuration: Release TwinCAT RT (x64) ------
------ Build started: Application: Ts.PLC -------
typify code ...
generate code...
generate global initializations ...
generate code initialization ...
generate relocations ...
Size of generated code: 89582 bytes
Size of global data: 22101 bytes
Total allocated memory size for code and data: 496112 bytes
Memory area 0 contains  Data, Input, Output, Memory, Code, Persistent Data and Nonsafe Data: size: 1048576 bytes, highest used address: 496112, largest contiguous memory gap: 552464 bytes (52 %)
Build complete -- 0 errors, 0 warnings : ready for download!
Generate TMC information ...
Import symbol information ...
PLC.PLC : message: generate boot information...
------ Build started: Project: Ts, Configuration: Release TwinCAT RT (x64) ------
========== Build: 2 succeeded or up-to-date, 0 failed, 0 skipped ==========

Build started...
------ Build started: Project: PLC, Configuration: Release TwinCAT RT (x64) ------
------ Build started: Application: Ts.PLC -------
typify code ...
generate code...
generate global initializations ...
generate code initialization ...
generate relocations ...
Size of generated code: 89582 bytes
Size of global data: 22101 bytes
Total allocated memory size for code and data: 496112 bytes
Memory area 0 contains  Data, Input, Output, Memory, Code, Persistent Data and Nonsafe Data: size: 1048576 bytes, highest used address: 496112, largest contiguous memory gap: 552464 bytes (52 %)
Build complete -- 0 errors, 0 warnings : ready for download!
Generate TMC information ...
Import symbol information ...
PLC.PLC : message: generate boot information...
------ Build started: Project: Ts, Configuration: Release TwinCAT RT (x64) ------
========== Build: 2 succeeded or up-to-date, 0 failed, 0 skipped ==========

Build started...
------ Build started: Project: PLC, Configuration: Release TwinCAT RT (x64) ------
------ Build started: Application: Ts.PLC -------
typify code ...
generate code...
generate global initializations ...
generate code initialization ...
generate relocations ...
Size of generated code: 89582 bytes
Size of global data: 22101 bytes
Total allocated memory size for code and data: 496112 bytes
Memory area 0 contains  Data, Input, Output, Memory, Code, Persistent Data and Nonsafe Data: size: 1048576 bytes, highest used address: 496112, largest contiguous memory gap: 552464 bytes (52 %)
Build complete -- 0 errors, 0 warnings : ready for download!
Generate TMC information ...
Import symbol information ...
PLC.PLC : message: generate boot information...
------ Build started: Project: Ts, Configuration: Release TwinCAT RT (x64) ------
========== Build: 2 succeeded or up-to-date, 0 failed, 0 skipped ==========

Build started...
------ Build started: Project: PLC, Configuration: Release TwinCAT RT (x64) ------
------ Build started: Application: Ts.PLC -------
typify code ...
generate code...
generate global initializations ...
generate code initialization ...
generate relocations ...
Size of generated code: 89582 bytes
Size of global data: 22101 bytes
Total allocated memory size for code and data: 496112 bytes
Memory area 0 contains  Data, Input, Output, Memory, Code, Persistent Data and Nonsafe Data: size: 1048576 bytes, highest used address: 496112, largest contiguous memory gap: 552464 bytes (52 %)
Build complete -- 0 errors, 0 warnings : ready for download!
Generate TMC information ...
Import symbol information ...
PLC.PLC : message: generate boot information...
------ Build started: Project: Ts, Configuration: Release TwinCAT RT (x64) ------
========== Build: 2 succeeded or up-to-date, 0 failed, 0 skipped ==========

Build started...
------ Build started: Project: PLC, Configuration: Release TwinCAT RT (x64) ------
------ Build started: Application: Ts.PLC -------
typify code ...
generate code...
generate global initializations ...
generate code initialization ...
generate relocations ...
Size of generated code: 89582 bytes
Size of global data: 22101 bytes
Total allocated memory size for code and data: 496112 bytes
Memory area 0 contains  Data, Input, Output, Memory, Code, Persistent Data and Nonsafe Data: size: 1048576 bytes, highest used address: 496112, largest contiguous memory gap: 552464 bytes (52 %)
Build complete -- 0 errors, 0 warnings : ready for download!
Generate TMC information ...
Import symbol information ...
PLC.PLC : message: generate boot information...
------ Build started: Project: Ts, Configuration: Release TwinCAT RT (x64) ------
========== Build: 2 succeeded or up-to-date, 0 failed, 0 skipped ==========

Build started...
------ Build started: Project: PLC, Configuration: Release TwinCAT RT (x64) ------
------ Build started: Application: Ts.PLC -------
typify code ...
generate code...
generate global initializations ...
generate code initialization ...
generate relocations ...
Size of generated code: 91558 bytes
Size of global data: 22145 bytes
Total allocated memory size for code and data: 498128 bytes
Memory area 0 contains  Data, Input, Output, Memory, Code, Persistent Data and Nonsafe Data: size: 1048576 bytes, highest used address: 498128, largest contiguous memory gap: 550448 bytes (52 %)
Build complete -- 0 errors, 0 warnings : ready for download!
Generate TMC information ...
Import symbol information ...
PLC.PLC : message: generate boot information...
------ Build started: Project: Ts, Configuration: Release TwinCAT RT (x64) ------
========== Build: 2 succeeded or up-to-date, 0 failed, 0 skipped ==========

Build started...
------ Build started: Project: PLC, Configuration: Release TwinCAT RT (x64) ------
------ Build started: Application: Ts.PLC -------
typify code ...
generate code...
generate global initializations ...
generate code initialization ...
generate relocations ...
Size of generated code: 91558 bytes
Size of global data: 22145 bytes
Total allocated memory size for code and data: 498128 bytes
Memory area 0 contains  Data, Input, Output, Memory, Code, Persistent Data and Nonsafe Data: size: 1048576 bytes, highest used address: 498128, largest contiguous memory gap: 550448 bytes (52 %)
Build complete -- 0 errors, 0 warnings : ready for download!
Generate TMC information ...
Import symbol information ...
PLC.PLC : message: generate boot information...
------ Build started: Project: Ts, Configuration: Release TwinCAT RT (x64) ------
========== Build: 2 succeeded or up-to-date, 0 failed, 0 skipped ==========

Build started...
------ Build started: Project: PLC, Configuration: Release TwinCAT RT (x64) ------
------ Build started: Application: Ts.PLC -------
typify code ...
generate code...
generate global initializations ...
generate code initialization ...
generate relocations ...
Size of generated code: 91558 bytes
Size of global data: 22145 bytes
Total allocated memory size for code and data: 498128 bytes
Memory area 0 contains  Data, Input, Output, Memory, Code, Persistent Data and Nonsafe Data: size: 1048576 bytes, highest used address: 498128, largest contiguous memory gap: 550448 bytes (52 %)
Build complete -- 0 errors, 0 warnings : ready for download!
Generate TMC information ...
Import symbol information ...
PLC.PLC : message: generate boot information...
------ Build started: Project: Ts, Configuration: Release TwinCAT RT (x64) ------
========== Build: 2 succeeded or up-to-date, 0 failed, 0 skipped ==========

Build started...
------ Build started: Project: PLC, Configuration: Release TwinCAT RT (x64) ------
------ Build started: Application: Ts.PLC -------
typify code ...
generate code...
generate global initializations ...
generate code initialization ...
generate relocations ...
Size of generated code: 91558 bytes
Size of global data: 22153 bytes
Total allocated memory size for code and data: 498136 bytes
Memory area 0 contains  Data, Input, Output, Memory, Code, Persistent Data and Nonsafe Data: size: 1048576 bytes, highest used address: 498136, largest contiguous memory gap: 550440 bytes (52 %)
Build complete -- 0 errors, 0 warnings : ready for download!
Generate TMC information ...
Import symbol information ...
PLC.PLC : message: generate boot information...
------ Build started: Project: Ts, Configuration: Release TwinCAT RT (x64) ------
========== Build: 2 succeeded or up-to-date, 0 failed, 0 skipped ==========

Build started...
------ Build started: Project: PLC, Configuration: Release TwinCAT RT (x64) ------
------ Build started: Application: Ts.PLC -------
typify code ...
generate code...
generate global initializations ...
generate code initialization ...
generate relocations ...
Size of generated code: 91558 bytes
Size of global data: 22153 bytes
Total allocated memory size for code and data: 498136 bytes
Memory area 0 contains  Data, Input, Output, Memory, Code, Persistent Data and Nonsafe Data: size: 1048576 bytes, highest used address: 498136, largest contiguous memory gap: 550440 bytes (52 %)
Build complete -- 0 errors, 0 warnings : ready for download!
Generate TMC information ...
Import symbol information ...
PLC.PLC : message: generate boot information...
------ Build started: Project: Ts, Configuration: Release TwinCAT RT (x64) ------
========== Build: 2 succeeded or up-to-date, 0 failed, 0 skipped ==========

Build started...
------ Build started: Project: PLC, Configuration: Release TwinCAT RT (x64) ------
------ Build started: Application: Ts.PLC -------
typify code ...
generate code...
generate global initializations ...
generate code initialization ...
generate relocations ...
Size of generated code: 91654 bytes
Size of global data: 22205 bytes
Total allocated memory size for code and data: 498288 bytes
Memory area 0 contains  Data, Input, Output, Memory, Code, Persistent Data and Nonsafe Data: size: 1048576 bytes, highest used address: 498288, largest contiguous memory gap: 550288 bytes (52 %)
Build complete -- 0 errors, 0 warnings : ready for download!
Generate TMC information ...
Import symbol information ...
PLC.PLC : message: generate boot information...
------ Build started: Project: Ts, Configuration: Release TwinCAT RT (x64) ------
========== Build: 2 succeeded or up-to-date, 0 failed, 0 skipped ==========


The operation could not be completed. Invalid version number in application file D:\github\Inxton\iXlinker\tests\test_projects\tabularasa\Beckhoff_ERxxxx\Ts\Ts.tsproj : error  : The application for the project is not installed.



One or more projects in the solution were not loaded correctly.
Please see the Output Window for details.Build started...
========== Build: 0 succeeded or up-to-date, 0 failed, 0 skipped ==========

Build started...
------ Build started: Project: PLC, Configuration: Release TwinCAT RT (x64) ------
------ Build started: Application: Ts.PLC -------
typify code ...
generate code...
generate global initializations ...
generate code initialization ...
generate relocations ...
Size of generated code: 91758 bytes
Size of global data: 22253 bytes
Total allocated memory size for code and data: 498440 bytes
Memory area 0 contains  Data, Input, Output, Memory, Code, Persistent Data and Nonsafe Data: size: 1048576 bytes, highest used address: 498440, largest contiguous memory gap: 550136 bytes (52 %)
Build complete -- 0 errors, 0 warnings : ready for download!
Generate TMC information ...
Import symbol information ...
PLC.PLC : message: generate boot information...
------ Build started: Project: Ts, Configuration: Release TwinCAT RT (x64) ------
========== Build: 2 succeeded or up-to-date, 0 failed, 0 skipped ==========

Build started...
------ Build started: Project: PLC, Configuration: Release TwinCAT RT (x64) ------
------ Build started: Application: Ts.PLC -------
typify code ...
generate code...
generate global initializations ...
generate code initialization ...
generate relocations ...
Size of generated code: 91862 bytes
Size of global data: 22309 bytes
Total allocated memory size for code and data: 498600 bytes
Memory area 0 contains  Data, Input, Output, Memory, Code, Persistent Data and Nonsafe Data: size: 1048576 bytes, highest used address: 498600, largest contiguous memory gap: 549976 bytes (52 %)
Build complete -- 0 errors, 0 warnings : ready for download!
Generate TMC information ...
Import symbol information ...
PLC.PLC : message: generate boot information...
------ Build started: Project: Ts, Configuration: Release TwinCAT RT (x64) ------
========== Build: 2 succeeded or up-to-date, 0 failed, 0 skipped ==========

Build started...
------ Build started: Project: PLC, Configuration: Release TwinCAT RT (x64) ------
------ Build started: Application: Ts.PLC -------
typify code ...
generate code...
generate global initializations ...
generate code initialization ...
generate relocations ...
Size of generated code: 92062 bytes
Size of global data: 22413 bytes
Total allocated memory size for code and data: 498904 bytes
Memory area 0 contains  Data, Input, Output, Memory, Code, Persistent Data and Nonsafe Data: size: 1048576 bytes, highest used address: 498904, largest contiguous memory gap: 549672 bytes (52 %)
Build complete -- 0 errors, 0 warnings : ready for download!
Generate TMC information ...
Import symbol information ...
PLC.PLC : message: generate boot information...
------ Build started: Project: Ts, Configuration: Release TwinCAT RT (x64) ------
========== Build: 2 succeeded or up-to-date, 0 failed, 0 skipped ==========

Build started...
------ Build started: Project: PLC, Configuration: Release TwinCAT RT (x64) ------
------ Build started: Application: Ts.PLC -------
typify code ...
D:\github\Inxton\iXlinker\tests\test_projects\tabularasa\Beckhoff_ERxxxx\Ts\PLC\DUTs\IO\PDOs\InfoData_94A18F5E.TcDUT(9) : error: Type definition expected instead of '.'
D:\github\Inxton\iXlinker\tests\test_projects\tabularasa\Beckhoff_ERxxxx\Ts\PLC\DUTs\IO\PDOs\InfoData_07DD5D1A.TcDUT(9) : error: Type definition expected instead of '.'
D:\github\Inxton\iXlinker\tests\test_projects\tabularasa\Beckhoff_ERxxxx\Ts\PLC\DUTs\IO\PDOs\InfoData_3B4F4E8A.TcDUT(9) : error: Type definition expected instead of '.'
D:\github\Inxton\iXlinker\tests\test_projects\tabularasa\Beckhoff_ERxxxx\Ts\PLC\DUTs\IO\PDOs\InfoData_F796F579.TcDUT(9) : error: Type definition expected instead of '.'
D:\github\Inxton\iXlinker\tests\test_projects\tabularasa\Beckhoff_ERxxxx\Ts\PLC\DUTs\IO\PDOs\InfoData_C76BEFB3.TcDUT(13) : error: Type definition expected instead of '.'
Compile complete -- 5 errors, 0 warnings
Build complete -- 5 errors, 0 warnings : no download possible!
WRN | 5/4/2022 8:37:51 PM 054 ms | 'TwinCAT XAE': Project 'PLC' build for platform 'TwinCAT RT (x64)' failed.
------ Build started: Project: Ts, Configuration: Release TwinCAT RT (x64) ------
Error: The operation could not be completed. Unspecified error 
========== Build: 0 succeeded or up-to-date, 2 failed, 0 skipped ==========

Build started...
------ Build started: Project: PLC, Configuration: Release TwinCAT RT (x64) ------
------ Build started: Application: Ts.PLC -------
typify code ...
D:\github\Inxton\iXlinker\tests\test_projects\tabularasa\Beckhoff_ERxxxx\Ts\PLC\DUTs\IO\PDOs\InfoData_94A18F5E.TcDUT(9) : error: Type definition expected instead of '.'
D:\github\Inxton\iXlinker\tests\test_projects\tabularasa\Beckhoff_ERxxxx\Ts\PLC\DUTs\IO\PDOs\InfoData_07DD5D1A.TcDUT(9) : error: Type definition expected instead of '.'
D:\github\Inxton\iXlinker\tests\test_projects\tabularasa\Beckhoff_ERxxxx\Ts\PLC\DUTs\IO\PDOs\InfoData_3B4F4E8A.TcDUT(9) : error: Type definition expected instead of '.'
D:\github\Inxton\iXlinker\tests\test_projects\tabularasa\Beckhoff_ERxxxx\Ts\PLC\DUTs\IO\PDOs\InfoData_F796F579.TcDUT(9) : error: Type definition expected instead of '.'
D:\github\Inxton\iXlinker\tests\test_projects\tabularasa\Beckhoff_ERxxxx\Ts\PLC\DUTs\IO\PDOs\InfoData_C76BEFB3.TcDUT(13) : error: Type definition expected instead of '.'
Compile complete -- 5 errors, 0 warnings
Build complete -- 5 errors, 0 warnings : no download possible!
WRN | 5/4/2022 9:15:45 PM 699 ms | 'TwinCAT XAE': Project 'PLC' build for platform 'TwinCAT RT (x64)' failed.
------ Build started: Project: Ts, Configuration: Release TwinCAT RT (x64) ------
Error: The operation could not be completed. Unspecified error 
========== Build: 0 succeeded or up-to-date, 2 failed, 0 skipped ==========

Build started...
------ Build started: Project: PLC, Configuration: Release TwinCAT RT (x64) ------
------ Build started: Application: Ts.PLC -------
typify code ...
D:\github\Inxton\iXlinker\tests\test_projects\tabularasa\Beckhoff_ERxxxx\Ts\PLC\DUTs\IO\PDOs\InfoData_94A18F5E.TcDUT(9) : error: Type definition expected instead of '.'
D:\github\Inxton\iXlinker\tests\test_projects\tabularasa\Beckhoff_ERxxxx\Ts\PLC\DUTs\IO\PDOs\InfoData_07DD5D1A.TcDUT(9) : error: Type definition expected instead of '.'
D:\github\Inxton\iXlinker\tests\test_projects\tabularasa\Beckhoff_ERxxxx\Ts\PLC\DUTs\IO\PDOs\InfoData_3B4F4E8A.TcDUT(9) : error: Type definition expected instead of '.'
D:\github\Inxton\iXlinker\tests\test_projects\tabularasa\Beckhoff_ERxxxx\Ts\PLC\DUTs\IO\PDOs\InfoData_F796F579.TcDUT(9) : error: Type definition expected instead of '.'
D:\github\Inxton\iXlinker\tests\test_projects\tabularasa\Beckhoff_ERxxxx\Ts\PLC\DUTs\IO\PDOs\InfoData_C76BEFB3.TcDUT(13) : error: Type definition expected instead of '.'
Compile complete -- 5 errors, 0 warnings
Build complete -- 5 errors, 0 warnings : no download possible!
WRN | 5/4/2022 9:33:09 PM 203 ms | 'TwinCAT XAE': Project 'PLC' build for platform 'TwinCAT RT (x64)' failed.
------ Build started: Project: Ts, Configuration: Release TwinCAT RT (x64) ------
Error: The operation could not be completed. Unspecified error 
========== Build: 0 succeeded or up-to-date, 2 failed, 0 skipped ==========

Build started...
------ Build started: Project: PLC, Configuration: Release TwinCAT RT (x64) ------
------ Build started: Application: Ts.PLC -------
typify code ...
D:\github\Inxton\iXlinker\tests\test_projects\tabularasa\Beckhoff_ERxxxx\Ts\PLC\DUTs\IO\PDOs\InfoData_94A18F5E.TcDUT(9) : error: Type definition expected instead of '.'
D:\github\Inxton\iXlinker\tests\test_projects\tabularasa\Beckhoff_ERxxxx\Ts\PLC\DUTs\IO\PDOs\InfoData_07DD5D1A.TcDUT(9) : error: Type definition expected instead of '.'
D:\github\Inxton\iXlinker\tests\test_projects\tabularasa\Beckhoff_ERxxxx\Ts\PLC\DUTs\IO\PDOs\InfoData_3B4F4E8A.TcDUT(9) : error: Type definition expected instead of '.'
D:\github\Inxton\iXlinker\tests\test_projects\tabularasa\Beckhoff_ERxxxx\Ts\PLC\DUTs\IO\PDOs\InfoData_F796F579.TcDUT(9) : error: Type definition expected instead of '.'
D:\github\Inxton\iXlinker\tests\test_projects\tabularasa\Beckhoff_ERxxxx\Ts\PLC\DUTs\IO\PDOs\InfoData_C76BEFB3.TcDUT(13) : error: Type definition expected instead of '.'
Compile complete -- 5 errors, 0 warnings
Build complete -- 5 errors, 0 warnings : no download possible!
WRN | 5/5/2022 4:04:15 PM 711 ms | 'TwinCAT XAE': Project 'PLC' build for platform 'TwinCAT RT (x64)' failed.
------ Build started: Project: Ts, Configuration: Release TwinCAT RT (x64) ------
Error: The operation could not be completed. Unspecified error 
========== Build: 0 succeeded or up-to-date, 2 failed, 0 skipped ==========

Build started...
------ Build started: Project: PLC, Configuration: Release TwinCAT RT (x64) ------
------ Build started: Application: Ts.PLC -------
typify code ...
D:\github\Inxton\iXlinker\tests\test_projects\tabularasa\Beckhoff_ERxxxx\Ts\PLC\DUTs\IO\PDOs\InfoData_94A18F5E.TcDUT(9) : error: Type definition expected instead of '.'
D:\github\Inxton\iXlinker\tests\test_projects\tabularasa\Beckhoff_ERxxxx\Ts\PLC\DUTs\IO\PDOs\InfoData_07DD5D1A.TcDUT(9) : error: Type definition expected instead of '.'
D:\github\Inxton\iXlinker\tests\test_projects\tabularasa\Beckhoff_ERxxxx\Ts\PLC\DUTs\IO\PDOs\InfoData_3B4F4E8A.TcDUT(9) : error: Type definition expected instead of '.'
D:\github\Inxton\iXlinker\tests\test_projects\tabularasa\Beckhoff_ERxxxx\Ts\PLC\DUTs\IO\PDOs\InfoData_F796F579.TcDUT(9) : error: Type definition expected instead of '.'
D:\github\Inxton\iXlinker\tests\test_projects\tabularasa\Beckhoff_ERxxxx\Ts\PLC\DUTs\IO\PDOs\InfoData_C76BEFB3.TcDUT(13) : error: Type definition expected instead of '.'
Compile complete -- 5 errors, 0 warnings
Build complete -- 5 errors, 0 warnings : no download possible!
WRN | 5/5/2022 4:11:39 PM 787 ms | 'TwinCAT XAE': Project 'PLC' build for platform 'TwinCAT RT (x64)' failed.
------ Build started: Project: Ts, Configuration: Release TwinCAT RT (x64) ------
Error: The operation could not be completed. Unspecified error 
========== Build: 0 succeeded or up-to-date, 2 failed, 0 skipped ==========

Build started...
------ Build started: Project: PLC, Configuration: Release TwinCAT RT (x64) ------
------ Build started: Application: Ts.PLC -------
typify code ...
D:\github\Inxton\iXlinker\tests\test_projects\tabularasa\Beckhoff_ERxxxx\Ts\PLC\DUTs\IO\PDOs\InfoData_94A18F5E.TcDUT(9) : error: Type definition expected instead of '.'
D:\github\Inxton\iXlinker\tests\test_projects\tabularasa\Beckhoff_ERxxxx\Ts\PLC\DUTs\IO\PDOs\InfoData_07DD5D1A.TcDUT(9) : error: Type definition expected instead of '.'
D:\github\Inxton\iXlinker\tests\test_projects\tabularasa\Beckhoff_ERxxxx\Ts\PLC\DUTs\IO\PDOs\InfoData_3B4F4E8A.TcDUT(9) : error: Type definition expected instead of '.'
D:\github\Inxton\iXlinker\tests\test_projects\tabularasa\Beckhoff_ERxxxx\Ts\PLC\DUTs\IO\PDOs\InfoData_F796F579.TcDUT(9) : error: Type definition expected instead of '.'
D:\github\Inxton\iXlinker\tests\test_projects\tabularasa\Beckhoff_ERxxxx\Ts\PLC\DUTs\IO\PDOs\InfoData_C76BEFB3.TcDUT(13) : error: Type definition expected instead of '.'
Compile complete -- 5 errors, 0 warnings
Build complete -- 5 errors, 0 warnings : no download possible!
WRN | 5/6/2022 4:06:26 PM 970 ms | 'TwinCAT XAE': Project 'PLC' build for platform 'TwinCAT RT (x64)' failed.
------ Build started: Project: Ts, Configuration: Release TwinCAT RT (x64) ------
Error: The operation could not be completed. Unspecified error 
========== Build: 0 succeeded or up-to-date, 2 failed, 0 skipped ==========

Build started...
------ Build started: Project: PLC, Configuration: Release TwinCAT RT (x64) ------
------ Build started: Application: Ts.PLC -------
typify code ...
D:\github\Inxton\iXlinker\tests\test_projects\tabularasa\Beckhoff_ERxxxx\Ts\PLC\DUTs\IO\PDOs\InfoData_94A18F5E.TcDUT(9) : error: Type definition expected instead of '.'
D:\github\Inxton\iXlinker\tests\test_projects\tabularasa\Beckhoff_ERxxxx\Ts\PLC\DUTs\IO\PDOs\InfoData_07DD5D1A.TcDUT(9) : error: Type definition expected instead of '.'
D:\github\Inxton\iXlinker\tests\test_projects\tabularasa\Beckhoff_ERxxxx\Ts\PLC\DUTs\IO\PDOs\InfoData_3B4F4E8A.TcDUT(9) : error: Type definition expected instead of '.'
D:\github\Inxton\iXlinker\tests\test_projects\tabularasa\Beckhoff_ERxxxx\Ts\PLC\DUTs\IO\PDOs\InfoData_F796F579.TcDUT(9) : error: Type definition expected instead of '.'
D:\github\Inxton\iXlinker\tests\test_projects\tabularasa\Beckhoff_ERxxxx\Ts\PLC\DUTs\IO\PDOs\InfoData_C76BEFB3.TcDUT(13) : error: Type definition expected instead of '.'
Compile complete -- 5 errors, 0 warnings
Build complete -- 5 errors, 0 warnings : no download possible!
WRN | 5/6/2022 6:49:28 PM 576 ms | 'TwinCAT XAE': Project 'PLC' build for platform 'TwinCAT RT (x64)' failed.
------ Build started: Project: Ts, Configuration: Release TwinCAT RT (x64) ------
Error: The operation could not be completed. Unspecified error 
========== Build: 0 succeeded or up-to-date, 2 failed, 0 skipped ==========

Build started...
------ Build started: Project: PLC, Configuration: Release TwinCAT RT (x64) ------
------ Build started: Application: Ts.PLC -------
typify code ...
D:\github\Inxton\iXlinker\tests\test_projects\tabularasa\Beckhoff_ERxxxx\Ts\PLC\DUTs\IO\PDOs\Channel_830843C1.TcDUT : error: No definition found for base class 'InputBase_8311D824'
D:\github\Inxton\iXlinker\tests\test_projects\tabularasa\Beckhoff_ERxxxx\Ts\PLC\DUTs\IO\PDOs\Latch_8E413295.TcDUT : error: No definition found for base class 'InputBase_8311D824'
D:\github\Inxton\iXlinker\tests\test_projects\tabularasa\Beckhoff_ERxxxx\Ts\PLC\DUTs\IO\PDOs\WcState_B516A264.TcDUT : error: No definition found for base class 'InputBase_8311D824'
D:\github\Inxton\iXlinker\tests\test_projects\tabularasa\Beckhoff_ERxxxx\Ts\PLC\DUTs\IO\PDOs\InfoData_A7436BC6.TcDUT : error: No definition found for base class 'InputBase_8311D824'
D:\github\Inxton\iXlinker\tests\test_projects\tabularasa\Beckhoff_ERxxxx\Ts\PLC\DUTs\IO\PDOs\CNT_Input_Channel_FF10BD3C.TcDUT : error: No definition found for base class 'InputBase_8311D824'
D:\github\Inxton\iXlinker\tests\test_projects\tabularasa\Beckhoff_ERxxxx\Ts\PLC\DUTs\IO\PDOs\DIG_Inputs_CAFF6004.TcDUT : error: No definition found for base class 'InputBase_8311D824'
D:\github\Inxton\iXlinker\tests\test_projects\tabularasa\Beckhoff_ERxxxx\Ts\PLC\DUTs\IO\PDOs\DIG_Inputs_Device_1F4E72EB.TcDUT : error: No definition found for base class 'InputBase_8311D824'
D:\github\Inxton\iXlinker\tests\test_projects\tabularasa\Beckhoff_ERxxxx\Ts\PLC\DUTs\IO\PDOs\CNT_Output_Channel_550BB6DF.TcDUT : error: No definition found for base class 'OutputBase_10CEE7DE'
D:\github\Inxton\iXlinker\tests\test_projects\tabularasa\Beckhoff_ERxxxx\Ts\PLC\DUTs\IO\PDOs\InfoData_94A18F5E.TcDUT(9) : error: Type definition expected instead of '.'
D:\github\Inxton\iXlinker\tests\test_projects\tabularasa\Beckhoff_ERxxxx\Ts\PLC\DUTs\IO\PDOs\InfoData_94A18F5E.TcDUT : error: No definition found for base class 'InputBase_8311D824'
D:\github\Inxton\iXlinker\tests\test_projects\tabularasa\Beckhoff_ERxxxx\Ts\PLC\DUTs\IO\PDOs\Channel_42CA91F7.TcDUT : error: No definition found for base class 'OutputBase_10CEE7DE'
D:\github\Inxton\iXlinker\tests\test_projects\tabularasa\Beckhoff_ERxxxx\Ts\PLC\DUTs\IO\PDOs\Diag_Channel_830843C1.TcDUT : error: No definition found for base class 'InputBase_8311D824'
D:\github\Inxton\iXlinker\tests\test_projects\tabularasa\Beckhoff_ERxxxx\Ts\PLC\DUTs\IO\PDOs\InfoData_07DD5D1A.TcDUT(9) : error: Type definition expected instead of '.'
D:\github\Inxton\iXlinker\tests\test_projects\tabularasa\Beckhoff_ERxxxx\Ts\PLC\DUTs\IO\PDOs\InfoData_07DD5D1A.TcDUT : error: No definition found for base class 'InputBase_8311D824'
D:\github\Inxton\iXlinker\tests\test_projects\tabularasa\Beckhoff_ERxxxx\Ts\PLC\DUTs\IO\PDOs\AI_Standard_Channel_A8DF64E3.TcDUT : error: No definition found for base class 'InputBase_8311D824'
D:\github\Inxton\iXlinker\tests\test_projects\tabularasa\Beckhoff_ERxxxx\Ts\PLC\DUTs\IO\PDOs\RTD_RTDInputs_Channel_A8DF64E3.TcDUT : error: No definition found for base class 'InputBase_8311D824'
D:\github\Inxton\iXlinker\tests\test_projects\tabularasa\Beckhoff_ERxxxx\Ts\PLC\DUTs\IO\PDOs\AI_Standard_Channel_4A394481.TcDUT : error: No definition found for base class 'InputBase_8311D824'
D:\github\Inxton\iXlinker\tests\test_projects\tabularasa\Beckhoff_ERxxxx\Ts\PLC\DUTs\IO\PDOs\AO_Output_Channel_BA7EBB7C.TcDUT : error: No definition found for base class 'OutputBase_10CEE7DE'
D:\github\Inxton\iXlinker\tests\test_projects\tabularasa\Beckhoff_ERxxxx\Ts\PLC\DUTs\IO\PDOs\AI_Inputs_Channel_A8DF64E3.TcDUT : error: No definition found for base class 'InputBase_8311D824'
D:\github\Inxton\iXlinker\tests\test_projects\tabularasa\Beckhoff_ERxxxx\Ts\PLC\DUTs\IO\PDOs\ENC_Status_compact_F4F89583.TcDUT : error: No definition found for base class 'InputBase_8311D824'
D:\github\Inxton\iXlinker\tests\test_projects\tabularasa\Beckhoff_ERxxxx\Ts\PLC\DUTs\IO\PDOs\ENC_Control_compact_E6DC9B25.TcDUT : error: No definition found for base class 'OutputBase_10CEE7DE'
D:\github\Inxton\iXlinker\tests\test_projects\tabularasa\Beckhoff_ERxxxx\Ts\PLC\DUTs\IO\PDOs\ENC_Status_compact_7D3464F3.TcDUT : error: No definition found for base class 'InputBase_8311D824'
D:\github\Inxton\iXlinker\tests\test_projects\tabularasa\Beckhoff_ERxxxx\Ts\PLC\DUTs\IO\PDOs\ENC_Control_compact_21E2D14D.TcDUT : error: No definition found for base class 'OutputBase_10CEE7DE'
D:\github\Inxton\iXlinker\tests\test_projects\tabularasa\Beckhoff_ERxxxx\Ts\PLC\DUTs\IO\PDOs\COM_Inputs_6C2FC202.TcDUT : error: No definition found for base class 'InputBase_8311D824'
D:\github\Inxton\iXlinker\tests\test_projects\tabularasa\Beckhoff_ERxxxx\Ts\PLC\DUTs\IO\PDOs\COM_Outputs_5D00B5E7.TcDUT : error: No definition found for base class 'OutputBase_10CEE7DE'
D:\github\Inxton\iXlinker\tests\test_projects\tabularasa\Beckhoff_ERxxxx\Ts\PLC\DUTs\IO\PDOs\COM_TxPDO_Map_Inputs_Channel_C252EAC2.TcDUT : error: No definition found for base class 'InputBase_8311D824'
D:\github\Inxton\iXlinker\tests\test_projects\tabularasa\Beckhoff_ERxxxx\Ts\PLC\DUTs\IO\PDOs\COM_RxPDO_Map_Outputs_Channel_B336F4EE.TcDUT : error: No definition found for base class 'OutputBase_10CEE7DE'
D:\github\Inxton\iXlinker\tests\test_projects\tabularasa\Beckhoff_ERxxxx\Ts\PLC\DUTs\IO\PDOs\COM_TxPDO_Map_Inputs_Channel_6C2FC202.TcDUT : error: No definition found for base class 'InputBase_8311D824'
D:\github\Inxton\iXlinker\tests\test_projects\tabularasa\Beckhoff_ERxxxx\Ts\PLC\DUTs\IO\PDOs\COM_RxPDO_Map_Outputs_Channel_5D00B5E7.TcDUT : error: No definition found for base class 'OutputBase_10CEE7DE'
D:\github\Inxton\iXlinker\tests\test_projects\tabularasa\Beckhoff_ERxxxx\Ts\PLC\DUTs\IO\PDOs\ENC_Status_compact_4D066E1A.TcDUT : error: No definition found for base class 'InputBase_8311D824'
D:\github\Inxton\iXlinker\tests\test_projects\tabularasa\Beckhoff_ERxxxx\Ts\PLC\DUTs\IO\PDOs\STM_Status_36ED096F.TcDUT : error: No definition found for base class 'InputBase_8311D824'
D:\github\Inxton\iXlinker\tests\test_projects\tabularasa\Beckhoff_ERxxxx\Ts\PLC\DUTs\IO\PDOs\STM_Control_BA4CE352.TcDUT : error: No definition found for base class 'OutputBase_10CEE7DE'
D:\github\Inxton\iXlinker\tests\test_projects\tabularasa\Beckhoff_ERxxxx\Ts\PLC\DUTs\IO\PDOs\STM_Velocity_A47A3F41.TcDUT : error: No definition found for base class 'OutputBase_10CEE7DE'
D:\github\Inxton\iXlinker\tests\test_projects\tabularasa\Beckhoff_ERxxxx\Ts\PLC\DUTs\IO\PDOs\InfoData_3B4F4E8A.TcDUT(9) : error: Type definition expected instead of '.'
D:\github\Inxton\iXlinker\tests\test_projects\tabularasa\Beckhoff_ERxxxx\Ts\PLC\DUTs\IO\PDOs\InfoData_3B4F4E8A.TcDUT : error: No definition found for base class 'InputBase_8311D824'
D:\github\Inxton\iXlinker\tests\test_projects\tabularasa\Beckhoff_ERxxxx\Ts\PLC\DUTs\IO\PDOs\STM_Status_DE0D6B37.TcDUT : error: No definition found for base class 'InputBase_8311D824'
D:\github\Inxton\iXlinker\tests\test_projects\tabularasa\Beckhoff_ERxxxx\Ts\PLC\DUTs\IO\PDOs\ENC_Status_compact_Channel_DC559AB0.TcDUT : error: No definition found for base class 'InputBase_8311D824'
D:\github\Inxton\iXlinker\tests\test_projects\tabularasa\Beckhoff_ERxxxx\Ts\PLC\DUTs\IO\PDOs\DCM_Status_Channel_36ED096F.TcDUT : error: No definition found for base class 'InputBase_8311D824'
D:\github\Inxton\iXlinker\tests\test_projects\tabularasa\Beckhoff_ERxxxx\Ts\PLC\DUTs\IO\PDOs\ENC_Control_compact_Channel_2E82BC43.TcDUT : error: No definition found for base class 'OutputBase_10CEE7DE'
D:\github\Inxton\iXlinker\tests\test_projects\tabularasa\Beckhoff_ERxxxx\Ts\PLC\DUTs\IO\PDOs\DCM_Control_Channel_5A8B5016.TcDUT : error: No definition found for base class 'OutputBase_10CEE7DE'
D:\github\Inxton\iXlinker\tests\test_projects\tabularasa\Beckhoff_ERxxxx\Ts\PLC\DUTs\IO\PDOs\DCM_Velocity_Channel_A47A3F41.TcDUT : error: No definition found for base class 'OutputBase_10CEE7DE'
D:\github\Inxton\iXlinker\tests\test_projects\tabularasa\Beckhoff_ERxxxx\Ts\PLC\DUTs\IO\PDOs\InfoData_F796F579.TcDUT(9) : error: Type definition expected instead of '.'
D:\github\Inxton\iXlinker\tests\test_projects\tabularasa\Beckhoff_ERxxxx\Ts\PLC\DUTs\IO\PDOs\InfoData_F796F579.TcDUT : error: No definition found for base class 'InputBase_8311D824'
D:\github\Inxton\iXlinker\tests\test_projects\tabularasa\Beckhoff_ERxxxx\Ts\PLC\DUTs\IO\PDOs\TACHO_Single_Shaft_Mode_Input_Channel_C331CA3E.TcDUT : error: No definition found for base class 'InputBase_8311D824'
D:\github\Inxton\iXlinker\tests\test_projects\tabularasa\Beckhoff_ERxxxx\Ts\PLC\DUTs\IO\PDOs\DIG_Inputs_495F5DA4.TcDUT : error: No definition found for base class 'InputBase_8311D824'
D:\github\Inxton\iXlinker\tests\test_projects\tabularasa\Beckhoff_ERxxxx\Ts\PLC\DUTs\IO\PDOs\PWM_Status_77939B11.TcDUT : error: No definition found for base class 'InputBase_8311D824'
D:\github\Inxton\iXlinker\tests\test_projects\tabularasa\Beckhoff_ERxxxx\Ts\PLC\DUTs\IO\PDOs\DEV_Inputs_FBF180A4.TcDUT : error: No definition found for base class 'InputBase_8311D824'
D:\github\Inxton\iXlinker\tests\test_projects\tabularasa\Beckhoff_ERxxxx\Ts\PLC\DUTs\IO\PDOs\TACHO_Output_Channel_600697D9.TcDUT : error: No definition found for base class 'OutputBase_10CEE7DE'
D:\github\Inxton\iXlinker\tests\test_projects\tabularasa\Beckhoff_ERxxxx\Ts\PLC\DUTs\IO\PDOs\DIG_Outputs_0E284394.TcDUT : error: No definition found for base class 'OutputBase_10CEE7DE'
D:\github\Inxton\iXlinker\tests\test_projects\tabularasa\Beckhoff_ERxxxx\Ts\PLC\DUTs\IO\PDOs\PWM_Control_63F162E4.TcDUT : error: No definition found for base class 'OutputBase_10CEE7DE'
D:\github\Inxton\iXlinker\tests\test_projects\tabularasa\Beckhoff_ERxxxx\Ts\PLC\DUTs\IO\PDOs\InfoData_2A97D6CF.TcDUT : error: No definition found for base class 'InputBase_8311D824'
D:\github\Inxton\iXlinker\tests\test_projects\tabularasa\Beckhoff_ERxxxx\Ts\PLC\DUTs\IO\PDOs\Inputs_25A0042B.TcDUT : error: No definition found for base class 'InputBase_8311D824'
D:\github\Inxton\iXlinker\tests\test_projects\tabularasa\Beckhoff_ERxxxx\Ts\PLC\DUTs\IO\PDOs\Outputs_2397A10E.TcDUT : error: No definition found for base class 'OutputBase_10CEE7DE'
D:\github\Inxton\iXlinker\tests\test_projects\tabularasa\Beckhoff_ERxxxx\Ts\PLC\DUTs\IO\PDOs\InfoData_C76BEFB3.TcDUT(13) : error: Type definition expected instead of '.'
D:\github\Inxton\iXlinker\tests\test_projects\tabularasa\Beckhoff_ERxxxx\Ts\PLC\DUTs\IO\PDOs\InfoData_C76BEFB3.TcDUT : error: No definition found for base class 'InputBase_8311D824'
Compile complete -- 55 errors, 0 warnings
Build complete -- 55 errors, 0 warnings : no download possible!
WRN | 5/11/2022 8:18:10 PM 660 ms | 'TwinCAT XAE': Project 'PLC' build for platform 'TwinCAT RT (x64)' failed.
------ Build started: Project: Ts, Configuration: Release TwinCAT RT (x64) ------
Error: The operation could not be completed. Unspecified error 
========== Build: 0 succeeded or up-to-date, 2 failed, 0 skipped ==========

Build started...
------ Build started: Project: PLC, Configuration: Release TwinCAT RT (x64) ------
------ Build started: Application: Ts.PLC -------
typify code ...
D:\github\Inxton\iXlinker\tests\test_projects\tabularasa\Beckhoff_ERxxxx\Ts\PLC\DUTs\IO\PDOs\Channel_830843C1.TcDUT : error: No definition found for base class 'InputBase_8311D824'
D:\github\Inxton\iXlinker\tests\test_projects\tabularasa\Beckhoff_ERxxxx\Ts\PLC\DUTs\IO\PDOs\Latch_8E413295.TcDUT : error: No definition found for base class 'InputBase_8311D824'
D:\github\Inxton\iXlinker\tests\test_projects\tabularasa\Beckhoff_ERxxxx\Ts\PLC\DUTs\IO\PDOs\WcState_B516A264.TcDUT : error: No definition found for base class 'InputBase_8311D824'
D:\github\Inxton\iXlinker\tests\test_projects\tabularasa\Beckhoff_ERxxxx\Ts\PLC\DUTs\IO\PDOs\InfoData_A7436BC6.TcDUT : error: No definition found for base class 'InputBase_8311D824'
D:\github\Inxton\iXlinker\tests\test_projects\tabularasa\Beckhoff_ERxxxx\Ts\PLC\DUTs\IO\PDOs\CNT_Input_Channel_FF10BD3C.TcDUT : error: No definition found for base class 'InputBase_8311D824'
D:\github\Inxton\iXlinker\tests\test_projects\tabularasa\Beckhoff_ERxxxx\Ts\PLC\DUTs\IO\PDOs\DIG_Inputs_CAFF6004.TcDUT : error: No definition found for base class 'InputBase_8311D824'
D:\github\Inxton\iXlinker\tests\test_projects\tabularasa\Beckhoff_ERxxxx\Ts\PLC\DUTs\IO\PDOs\DIG_Inputs_Device_1F4E72EB.TcDUT : error: No definition found for base class 'InputBase_8311D824'
D:\github\Inxton\iXlinker\tests\test_projects\tabularasa\Beckhoff_ERxxxx\Ts\PLC\DUTs\IO\PDOs\CNT_Output_Channel_550BB6DF.TcDUT : error: No definition found for base class 'OutputBase_10CEE7DE'
D:\github\Inxton\iXlinker\tests\test_projects\tabularasa\Beckhoff_ERxxxx\Ts\PLC\DUTs\IO\PDOs\InfoData_94A18F5E.TcDUT(9) : error: Type definition expected instead of '.'
D:\github\Inxton\iXlinker\tests\test_projects\tabularasa\Beckhoff_ERxxxx\Ts\PLC\DUTs\IO\PDOs\InfoData_94A18F5E.TcDUT : error: No definition found for base class 'InputBase_8311D824'
D:\github\Inxton\iXlinker\tests\test_projects\tabularasa\Beckhoff_ERxxxx\Ts\PLC\DUTs\IO\PDOs\Channel_42CA91F7.TcDUT : error: No definition found for base class 'OutputBase_10CEE7DE'
D:\github\Inxton\iXlinker\tests\test_projects\tabularasa\Beckhoff_ERxxxx\Ts\PLC\DUTs\IO\PDOs\Diag_Channel_830843C1.TcDUT : error: No definition found for base class 'InputBase_8311D824'
D:\github\Inxton\iXlinker\tests\test_projects\tabularasa\Beckhoff_ERxxxx\Ts\PLC\DUTs\IO\PDOs\InfoData_07DD5D1A.TcDUT(9) : error: Type definition expected instead of '.'
D:\github\Inxton\iXlinker\tests\test_projects\tabularasa\Beckhoff_ERxxxx\Ts\PLC\DUTs\IO\PDOs\InfoData_07DD5D1A.TcDUT : error: No definition found for base class 'InputBase_8311D824'
D:\github\Inxton\iXlinker\tests\test_projects\tabularasa\Beckhoff_ERxxxx\Ts\PLC\DUTs\IO\PDOs\AI_Standard_Channel_A8DF64E3.TcDUT : error: No definition found for base class 'InputBase_8311D824'
D:\github\Inxton\iXlinker\tests\test_projects\tabularasa\Beckhoff_ERxxxx\Ts\PLC\DUTs\IO\PDOs\RTD_RTDInputs_Channel_A8DF64E3.TcDUT : error: No definition found for base class 'InputBase_8311D824'
D:\github\Inxton\iXlinker\tests\test_projects\tabularasa\Beckhoff_ERxxxx\Ts\PLC\DUTs\IO\PDOs\AI_Standard_Channel_4A394481.TcDUT : error: No definition found for base class 'InputBase_8311D824'
D:\github\Inxton\iXlinker\tests\test_projects\tabularasa\Beckhoff_ERxxxx\Ts\PLC\DUTs\IO\PDOs\AO_Output_Channel_BA7EBB7C.TcDUT : error: No definition found for base class 'OutputBase_10CEE7DE'
D:\github\Inxton\iXlinker\tests\test_projects\tabularasa\Beckhoff_ERxxxx\Ts\PLC\DUTs\IO\PDOs\AI_Inputs_Channel_A8DF64E3.TcDUT : error: No definition found for base class 'InputBase_8311D824'
D:\github\Inxton\iXlinker\tests\test_projects\tabularasa\Beckhoff_ERxxxx\Ts\PLC\DUTs\IO\PDOs\ENC_Status_compact_F4F89583.TcDUT : error: No definition found for base class 'InputBase_8311D824'
D:\github\Inxton\iXlinker\tests\test_projects\tabularasa\Beckhoff_ERxxxx\Ts\PLC\DUTs\IO\PDOs\ENC_Control_compact_E6DC9B25.TcDUT : error: No definition found for base class 'OutputBase_10CEE7DE'
D:\github\Inxton\iXlinker\tests\test_projects\tabularasa\Beckhoff_ERxxxx\Ts\PLC\DUTs\IO\PDOs\ENC_Status_compact_7D3464F3.TcDUT : error: No definition found for base class 'InputBase_8311D824'
D:\github\Inxton\iXlinker\tests\test_projects\tabularasa\Beckhoff_ERxxxx\Ts\PLC\DUTs\IO\PDOs\ENC_Control_compact_21E2D14D.TcDUT : error: No definition found for base class 'OutputBase_10CEE7DE'
D:\github\Inxton\iXlinker\tests\test_projects\tabularasa\Beckhoff_ERxxxx\Ts\PLC\DUTs\IO\PDOs\COM_Inputs_6C2FC202.TcDUT : error: No definition found for base class 'InputBase_8311D824'
D:\github\Inxton\iXlinker\tests\test_projects\tabularasa\Beckhoff_ERxxxx\Ts\PLC\DUTs\IO\PDOs\COM_Outputs_5D00B5E7.TcDUT : error: No definition found for base class 'OutputBase_10CEE7DE'
D:\github\Inxton\iXlinker\tests\test_projects\tabularasa\Beckhoff_ERxxxx\Ts\PLC\DUTs\IO\PDOs\COM_TxPDO_Map_Inputs_Channel_C252EAC2.TcDUT : error: No definition found for base class 'InputBase_8311D824'
D:\github\Inxton\iXlinker\tests\test_projects\tabularasa\Beckhoff_ERxxxx\Ts\PLC\DUTs\IO\PDOs\COM_RxPDO_Map_Outputs_Channel_B336F4EE.TcDUT : error: No definition found for base class 'OutputBase_10CEE7DE'
D:\github\Inxton\iXlinker\tests\test_projects\tabularasa\Beckhoff_ERxxxx\Ts\PLC\DUTs\IO\PDOs\COM_TxPDO_Map_Inputs_Channel_6C2FC202.TcDUT : error: No definition found for base class 'InputBase_8311D824'
D:\github\Inxton\iXlinker\tests\test_projects\tabularasa\Beckhoff_ERxxxx\Ts\PLC\DUTs\IO\PDOs\COM_RxPDO_Map_Outputs_Channel_5D00B5E7.TcDUT : error: No definition found for base class 'OutputBase_10CEE7DE'
D:\github\Inxton\iXlinker\tests\test_projects\tabularasa\Beckhoff_ERxxxx\Ts\PLC\DUTs\IO\PDOs\ENC_Status_compact_4D066E1A.TcDUT : error: No definition found for base class 'InputBase_8311D824'
D:\github\Inxton\iXlinker\tests\test_projects\tabularasa\Beckhoff_ERxxxx\Ts\PLC\DUTs\IO\PDOs\STM_Status_36ED096F.TcDUT : error: No definition found for base class 'InputBase_8311D824'
D:\github\Inxton\iXlinker\tests\test_projects\tabularasa\Beckhoff_ERxxxx\Ts\PLC\DUTs\IO\PDOs\STM_Control_BA4CE352.TcDUT : error: No definition found for base class 'OutputBase_10CEE7DE'
D:\github\Inxton\iXlinker\tests\test_projects\tabularasa\Beckhoff_ERxxxx\Ts\PLC\DUTs\IO\PDOs\STM_Velocity_A47A3F41.TcDUT : error: No definition found for base class 'OutputBase_10CEE7DE'
D:\github\Inxton\iXlinker\tests\test_projects\tabularasa\Beckhoff_ERxxxx\Ts\PLC\DUTs\IO\PDOs\InfoData_3B4F4E8A.TcDUT(9) : error: Type definition expected instead of '.'
D:\github\Inxton\iXlinker\tests\test_projects\tabularasa\Beckhoff_ERxxxx\Ts\PLC\DUTs\IO\PDOs\InfoData_3B4F4E8A.TcDUT : error: No definition found for base class 'InputBase_8311D824'
D:\github\Inxton\iXlinker\tests\test_projects\tabularasa\Beckhoff_ERxxxx\Ts\PLC\DUTs\IO\PDOs\STM_Status_DE0D6B37.TcDUT : error: No definition found for base class 'InputBase_8311D824'
D:\github\Inxton\iXlinker\tests\test_projects\tabularasa\Beckhoff_ERxxxx\Ts\PLC\DUTs\IO\PDOs\ENC_Status_compact_Channel_DC559AB0.TcDUT : error: No definition found for base class 'InputBase_8311D824'
D:\github\Inxton\iXlinker\tests\test_projects\tabularasa\Beckhoff_ERxxxx\Ts\PLC\DUTs\IO\PDOs\DCM_Status_Channel_36ED096F.TcDUT : error: No definition found for base class 'InputBase_8311D824'
D:\github\Inxton\iXlinker\tests\test_projects\tabularasa\Beckhoff_ERxxxx\Ts\PLC\DUTs\IO\PDOs\ENC_Control_compact_Channel_2E82BC43.TcDUT : error: No definition found for base class 'OutputBase_10CEE7DE'
D:\github\Inxton\iXlinker\tests\test_projects\tabularasa\Beckhoff_ERxxxx\Ts\PLC\DUTs\IO\PDOs\DCM_Control_Channel_5A8B5016.TcDUT : error: No definition found for base class 'OutputBase_10CEE7DE'
D:\github\Inxton\iXlinker\tests\test_projects\tabularasa\Beckhoff_ERxxxx\Ts\PLC\DUTs\IO\PDOs\DCM_Velocity_Channel_A47A3F41.TcDUT : error: No definition found for base class 'OutputBase_10CEE7DE'
D:\github\Inxton\iXlinker\tests\test_projects\tabularasa\Beckhoff_ERxxxx\Ts\PLC\DUTs\IO\PDOs\InfoData_F796F579.TcDUT(9) : error: Type definition expected instead of '.'
D:\github\Inxton\iXlinker\tests\test_projects\tabularasa\Beckhoff_ERxxxx\Ts\PLC\DUTs\IO\PDOs\InfoData_F796F579.TcDUT : error: No definition found for base class 'InputBase_8311D824'
D:\github\Inxton\iXlinker\tests\test_projects\tabularasa\Beckhoff_ERxxxx\Ts\PLC\DUTs\IO\PDOs\TACHO_Single_Shaft_Mode_Input_Channel_C331CA3E.TcDUT : error: No definition found for base class 'InputBase_8311D824'
D:\github\Inxton\iXlinker\tests\test_projects\tabularasa\Beckhoff_ERxxxx\Ts\PLC\DUTs\IO\PDOs\DIG_Inputs_495F5DA4.TcDUT : error: No definition found for base class 'InputBase_8311D824'
D:\github\Inxton\iXlinker\tests\test_projects\tabularasa\Beckhoff_ERxxxx\Ts\PLC\DUTs\IO\PDOs\PWM_Status_77939B11.TcDUT : error: No definition found for base class 'InputBase_8311D824'
D:\github\Inxton\iXlinker\tests\test_projects\tabularasa\Beckhoff_ERxxxx\Ts\PLC\DUTs\IO\PDOs\DEV_Inputs_FBF180A4.TcDUT : error: No definition found for base class 'InputBase_8311D824'
D:\github\Inxton\iXlinker\tests\test_projects\tabularasa\Beckhoff_ERxxxx\Ts\PLC\DUTs\IO\PDOs\TACHO_Output_Channel_600697D9.TcDUT : error: No definition found for base class 'OutputBase_10CEE7DE'
D:\github\Inxton\iXlinker\tests\test_projects\tabularasa\Beckhoff_ERxxxx\Ts\PLC\DUTs\IO\PDOs\DIG_Outputs_0E284394.TcDUT : error: No definition found for base class 'OutputBase_10CEE7DE'
D:\github\Inxton\iXlinker\tests\test_projects\tabularasa\Beckhoff_ERxxxx\Ts\PLC\DUTs\IO\PDOs\PWM_Control_63F162E4.TcDUT : error: No definition found for base class 'OutputBase_10CEE7DE'
D:\github\Inxton\iXlinker\tests\test_projects\tabularasa\Beckhoff_ERxxxx\Ts\PLC\DUTs\IO\PDOs\InfoData_2A97D6CF.TcDUT : error: No definition found for base class 'InputBase_8311D824'
D:\github\Inxton\iXlinker\tests\test_projects\tabularasa\Beckhoff_ERxxxx\Ts\PLC\DUTs\IO\PDOs\Inputs_25A0042B.TcDUT : error: No definition found for base class 'InputBase_8311D824'
D:\github\Inxton\iXlinker\tests\test_projects\tabularasa\Beckhoff_ERxxxx\Ts\PLC\DUTs\IO\PDOs\Outputs_2397A10E.TcDUT : error: No definition found for base class 'OutputBase_10CEE7DE'
D:\github\Inxton\iXlinker\tests\test_projects\tabularasa\Beckhoff_ERxxxx\Ts\PLC\DUTs\IO\PDOs\InfoData_C76BEFB3.TcDUT(13) : error: Type definition expected instead of '.'
D:\github\Inxton\iXlinker\tests\test_projects\tabularasa\Beckhoff_ERxxxx\Ts\PLC\DUTs\IO\PDOs\InfoData_C76BEFB3.TcDUT : error: No definition found for base class 'InputBase_8311D824'
Compile complete -- 55 errors, 0 warnings
Build complete -- 55 errors, 0 warnings : no download possible!
WRN | 5/18/2022 9:33:01 AM 360 ms | 'TwinCAT XAE': Project 'PLC' build for platform 'TwinCAT RT (x64)' failed.
------ Build started: Project: Ts, Configuration: Release TwinCAT RT (x64) ------
Error: The operation could not be completed. Unspecified error 
========== Build: 0 succeeded or up-to-date, 2 failed, 0 skipped ==========


Package 'DslDefinitionModelPackage' failed to load.

Package 'DslDefinitionModelPackage' failed to load.

Package 'DslDefinitionModelPackage' failed to load.

Package 'DslDefinitionModelPackage' failed to load.

Package 'DslDefinitionModelPackage' failed to load.
Build started...
------ Build started: Project: PLC, Configuration: Release TwinCAT RT (x64) ------
------ Build started: Application: Ts.PLC -------
typify code ...
D:\github\Inxton\iXlinker\tests\test_projects\tabularasa\Beckhoff_ERxxxx\Ts\PLC\DUTs\IO\PDOs\InfoData_94A18F5E.TcDUT(9) : error: Type definition expected instead of '.'
D:\github\Inxton\iXlinker\tests\test_projects\tabularasa\Beckhoff_ERxxxx\Ts\PLC\DUTs\IO\PDOs\InfoData_07DD5D1A.TcDUT(9) : error: Type definition expected instead of '.'
D:\github\Inxton\iXlinker\tests\test_projects\tabularasa\Beckhoff_ERxxxx\Ts\PLC\DUTs\IO\PDOs\InfoData_3B4F4E8A.TcDUT(9) : error: Type definition expected instead of '.'
D:\github\Inxton\iXlinker\tests\test_projects\tabularasa\Beckhoff_ERxxxx\Ts\PLC\DUTs\IO\PDOs\InfoData_F796F579.TcDUT(9) : error: Type definition expected instead of '.'
D:\github\Inxton\iXlinker\tests\test_projects\tabularasa\Beckhoff_ERxxxx\Ts\PLC\DUTs\IO\PDOs\InfoData_C76BEFB3.TcDUT(13) : error: Type definition expected instead of '.'
Compile complete -- 5 errors, 0 warnings
Build complete -- 5 errors, 0 warnings : no download possible!
WRN | 5/21/2022 6:38:38 PM 218 ms | 'TwinCAT XAE': Project 'PLC' build for platform 'TwinCAT RT (x64)' failed.
------ Build started: Project: Ts, Configuration: Release TwinCAT RT (x64) ------
Error: The operation could not be completed. Unspecified error 
========== Build: 0 succeeded or up-to-date, 2 failed, 0 skipped ==========

Build started...
------ Build started: Project: PLC, Configuration: Release TwinCAT RT (x64) ------
------ Build started: Application: Ts.PLC -------
typify code ...
generate code...
generate global initializations ...
generate code initialization ...
generate relocations ...
Size of generated code: 94430 bytes
Size of global data: 22281 bytes
Total allocated memory size for code and data: 501136 bytes
Memory area 0 contains  Data, Input, Output, Memory, Code, Persistent Data and Nonsafe Data: size: 1048576 bytes, highest used address: 501136, largest contiguous memory gap: 547440 bytes (52 %)
Build complete -- 0 errors, 0 warnings : ready for download!
Generate TMC information ...
Import symbol information ...
PLC.PLC : message: generate boot information...
------ Build started: Project: Ts, Configuration: Release TwinCAT RT (x64) ------
========== Build: 2 succeeded or up-to-date, 0 failed, 0 skipped ==========

Catastrophic failure (Exception from HRESULT: 0x8000FFFF (E_UNEXPECTED))
